*******************************************************************************
Experimental Setup
Simulation Frequency: 5
Policy Frequency: 1
Lidar Frequency: 0.25
Number of Episodes: 500
*******************************************************************************
*******************************************************************************
Control Group 1
Agent Budget: 50
Agent Gamma: 0.9
Sensing Policy: Constant at 1 Hz
*******************************************************************************
Episode # | Total Rew. | If Crashed | Lidar Samples
0,27.42,False,480
1,27.69,False,480
2,17.54,True,352
3,27.72,False,480
4,28.05,False,480
5,28.01,False,480
6,13.53,True,256
7,28.12,False,480
8,27.79,False,480
9,27.50,False,480
10,27.25,False,480
11,26.71,False,480
12,28.40,False,480
13,27.83,False,480
14,29.07,False,480
15,15.16,True,320
16,29.22,False,480
17,29.51,False,480
18,28.87,False,480
19,28.98,False,480
20,6.99,True,144
21,27.42,False,480
22,28.08,False,480
23,26.18,False,480
24,29.87,False,480
25,27.94,False,480
26,15.37,True,288
27,28.45,False,480
28,28.19,False,480
29,29.15,False,480
30,28.84,False,480
31,27.39,False,480
32,27.08,False,480
33,27.11,False,480
34,27.88,False,480
35,28.98,False,480
36,29.02,False,480
37,28.24,False,480
38,29.01,False,480
39,26.73,False,480
40,13.41,True,256
41,27.65,False,480
42,29.48,False,480
43,24.79,True,464
44,28.02,False,480
45,26.58,False,480
46,29.47,False,480
47,15.73,True,288
48,6.30,True,128
49,29.64,False,480
50,27.58,False,480
51,28.97,False,480
52,28.70,False,480
53,28.69,False,480
54,28.39,False,480
55,8.43,True,160
56,27.66,False,480
57,28.92,False,480
58,28.34,False,480
59,14.37,True,272
60,26.87,False,480
61,15.95,True,304
62,28.22,False,480
63,29.50,False,480
64,27.88,False,480
65,27.32,False,480
66,27.17,False,480
67,28.32,False,480
68,28.54,False,480
69,27.98,False,480
70,28.51,False,480
71,28.46,False,480
72,26.53,False,480
73,5.61,True,112
74,28.27,False,480
75,27.29,False,480
76,27.10,False,480
77,27.42,False,480
78,27.28,False,480
79,29.08,False,480
80,28.96,False,480
81,27.62,False,480
82,29.07,False,480
83,27.02,False,480
84,28.15,False,480
85,27.84,False,480
86,27.50,False,480
87,28.09,False,480
88,28.04,False,480
89,28.88,False,480
90,28.65,False,480
91,28.26,False,480
92,12.91,True,256
93,28.84,False,480
94,29.85,False,480
95,27.86,False,480
96,28.82,False,480
97,27.66,False,480
98,27.29,False,480
99,29.85,False,480
100,27.75,False,480
101,29.80,False,480
102,29.41,False,480
103,29.11,False,480
104,28.45,False,480
105,28.81,False,480
106,28.96,False,480
107,28.23,False,480
108,27.45,False,480
109,28.95,False,480
110,28.98,False,480
111,12.47,True,240
112,28.92,False,480
113,28.55,False,480
114,27.09,False,480
115,28.09,False,480
116,28.00,False,480
117,29.75,False,480
118,29.66,False,480
119,13.30,True,272
120,27.67,False,480
121,22.68,True,432
122,29.82,False,480
123,22.31,True,432
124,27.79,False,480
125,28.15,False,480
126,27.58,False,480
127,28.06,False,480
128,27.53,False,480
129,27.70,False,480
130,26.86,False,480
131,27.16,False,480
132,28.28,False,480
133,15.99,True,304
134,28.01,False,480
135,29.20,False,480
136,28.42,False,480
137,25.71,False,480
138,28.35,False,480
139,28.43,False,480
140,16.67,True,320
141,29.75,False,480
142,17.15,True,336
143,27.80,False,480
144,28.60,False,480
145,13.32,True,240
146,28.71,False,480
147,28.42,False,480
148,29.40,False,480
149,29.36,False,480
150,28.39,False,480
151,29.24,False,480
152,29.11,False,480
153,27.12,False,480
154,27.42,False,480
155,28.01,False,480
156,29.30,False,480
157,14.40,True,272
158,28.67,False,480
159,10.70,True,208
160,29.11,False,480
161,28.78,False,480
162,29.08,False,480
163,27.44,False,480
164,28.09,False,480
165,28.35,False,480
166,28.16,False,480
167,28.74,False,480
168,27.70,False,480
169,27.74,False,480
170,28.15,False,480
171,28.86,False,480
172,28.13,False,480
173,26.97,False,480
174,28.53,False,480
175,27.15,False,480
176,29.57,False,480
177,27.65,False,480
178,29.92,False,480
179,29.22,False,480
180,29.45,False,480
181,29.47,False,480
182,29.32,False,480
183,18.58,True,336
184,28.35,False,480
185,27.07,False,480
186,28.58,False,480
187,28.09,False,480
188,27.84,False,480
189,12.49,True,240
190,29.03,False,480
191,28.08,False,480
192,27.92,False,480
193,29.61,False,480
194,26.69,False,480
195,14.11,True,256
196,15.58,True,304
197,28.05,False,480
198,28.60,False,480
199,27.72,False,480
200,29.25,False,480
201,28.39,False,480
202,29.41,False,480
203,29.72,False,480
204,29.65,False,480
205,28.13,False,480
206,28.04,False,480
207,29.62,False,480
208,28.47,False,480
209,20.72,True,384
210,28.14,False,480
211,24.68,True,464
212,27.47,False,480
213,26.80,False,480
214,27.48,False,480
215,27.32,False,480
216,28.98,False,480
217,27.44,False,480
218,28.02,False,480
219,29.48,False,480
220,27.63,False,480
221,29.35,False,480
222,29.67,False,480
223,29.92,False,480
224,29.09,False,480
225,26.61,False,480
226,29.92,False,480
227,9.72,True,208
228,28.74,False,480
229,27.28,False,480
230,28.89,False,480
231,25.40,False,480
232,28.98,False,480
233,28.62,False,480
234,29.13,False,480
235,28.74,False,480
236,27.70,False,480
237,29.33,False,480
238,28.66,False,480
239,28.34,False,480
240,28.92,False,480
241,28.30,False,480
242,26.65,False,480
243,26.33,False,480
244,28.94,False,480
245,28.84,False,480
246,9.99,True,192
247,29.05,False,480
248,27.91,False,480
249,28.07,False,480
250,27.17,False,480
251,29.42,False,480
252,28.43,False,480
253,27.83,False,480
254,27.33,False,480
255,27.63,False,480
256,10.91,True,208
257,27.00,False,480
258,28.25,False,480
259,14.39,True,272
260,27.48,False,480
261,28.34,False,480
262,27.92,False,480
263,27.76,False,480
264,28.07,False,480
265,16.61,True,320
266,27.51,False,480
267,29.57,False,480
268,28.42,False,480
269,27.68,False,480
270,16.35,True,320
271,17.73,True,320
272,29.52,False,480
273,29.43,False,480
274,29.80,False,480
275,11.98,True,224
276,11.93,True,224
277,29.58,False,480
278,14.32,True,272
279,19.30,True,368
280,29.58,False,480
281,16.73,True,368
282,25.72,False,480
283,28.92,False,480
284,20.92,True,384
285,29.70,False,480
286,28.21,False,480
287,10.00,True,192
288,8.59,True,160
289,28.55,False,480
290,28.91,False,480
291,28.14,False,480
292,27.96,False,480
293,29.52,False,480
294,24.15,False,480
295,28.21,False,480
296,10.59,True,192
297,27.18,False,480
298,28.63,False,480
299,28.11,False,480
300,29.64,False,480
301,15.45,True,288
302,27.96,False,480
303,29.48,False,480
304,29.34,False,480
305,27.45,False,480
306,27.76,False,480
307,26.57,False,480
308,29.32,False,480
309,27.33,False,480
310,14.00,True,272
311,29.10,False,480
312,29.31,False,480
313,27.97,False,480
314,28.32,False,480
315,28.59,False,480
316,26.97,False,480
317,25.12,True,464
318,28.39,False,480
319,27.84,False,480
320,29.05,False,480
321,16.04,True,304
322,29.47,False,480
323,28.39,False,480
324,28.76,False,480
325,28.42,False,480
326,29.13,False,480
327,27.83,False,480
328,28.17,False,480
329,28.95,False,480
330,28.68,False,480
331,29.16,False,480
332,29.31,False,480
333,27.80,False,480
334,20.15,True,416
335,28.64,False,480
336,27.08,False,480
337,26.14,True,480
338,28.78,False,480
339,27.57,False,480
340,29.70,False,480
341,29.61,False,480
342,28.56,False,480
343,29.35,False,480
344,28.44,False,480
345,29.25,False,480
346,29.12,False,480
347,27.51,False,480
348,28.37,False,480
349,27.42,False,480
350,28.13,False,480
351,26.90,False,480
352,28.72,False,480
353,7.92,True,160
354,29.06,False,480
355,28.58,False,480
356,28.33,False,480
357,26.70,False,480
358,26.92,False,480
359,16.68,True,320
360,26.99,False,480
361,26.74,False,480
362,28.81,False,480
363,27.39,False,480
364,29.49,False,480
365,29.42,False,480
366,27.67,False,480
367,29.24,False,480
368,29.41,False,480
369,28.72,False,480
370,27.45,False,480
371,29.03,False,480
372,29.03,False,480
373,27.85,False,480
374,29.15,False,480
375,16.43,True,304
376,29.04,False,480
377,12.78,True,240
378,25.92,False,480
379,28.69,False,480
380,27.90,False,480
381,28.22,False,480
382,28.72,False,480
383,29.13,False,480
384,26.75,False,480
385,27.49,False,480
386,29.08,False,480
387,29.12,False,480
388,27.49,False,480
389,28.60,False,480
390,28.24,False,480
391,27.80,False,480
392,13.01,True,256
393,27.60,False,480
394,28.06,False,480
395,26.79,False,480
396,24.90,False,480
397,27.30,False,480
398,29.20,False,480
399,29.36,False,480
400,28.58,False,480
401,19.45,True,368
402,28.49,False,480
403,28.79,False,480
404,28.89,False,480
405,29.03,False,480
406,28.34,False,480
407,28.95,False,480
408,29.07,False,480
409,16.84,True,336
410,26.42,False,480
411,29.12,False,480
412,27.27,False,480
413,12.03,True,224
414,29.06,False,480
415,28.48,False,480
416,27.10,False,480
417,28.40,False,480
418,28.87,False,480
419,27.85,False,480
420,11.97,True,224
421,28.27,False,480
422,6.98,True,144
423,28.52,False,480
424,9.04,True,192
425,29.37,False,480
426,28.32,False,480
427,17.85,True,336
428,27.26,False,480
429,28.75,False,480
430,27.91,False,480
431,20.22,True,384
432,27.52,False,480
433,24.66,False,480
434,28.05,False,480
435,4.36,True,96
436,28.46,False,480
437,8.31,True,160
438,28.32,False,480
439,27.54,False,480
440,27.80,False,480
441,28.90,False,480
442,27.88,False,480
443,29.80,False,480
444,29.01,False,480
445,28.55,False,480
446,11.02,True,224
447,29.03,False,480
448,28.21,False,480
449,28.25,False,480
450,26.70,False,480
451,29.07,False,480
452,14.99,True,288
453,29.58,False,480
454,28.69,False,480
455,28.55,False,480
456,29.44,False,480
457,26.93,False,480
458,29.54,False,480
459,28.65,False,480
460,28.10,False,480
461,29.12,False,480
462,5.32,True,96
463,26.65,False,480
464,27.22,False,480
465,28.89,False,480
466,11.65,True,224
467,27.49,False,480
468,7.11,True,144
469,29.24,False,480
470,28.73,False,480
471,28.15,False,480
472,16.95,True,336
473,29.36,False,480
474,26.89,False,480
475,29.43,False,480
476,28.80,False,480
477,10.18,True,208
478,28.74,False,480
479,28.21,False,480
480,28.72,False,480
481,28.89,False,480
482,28.16,False,480
483,29.72,False,480
484,29.17,False,480
485,16.58,True,304
486,29.85,False,480
487,28.69,False,480
488,27.39,False,480
489,24.64,True,464
490,27.33,False,480
491,28.57,False,480
492,27.92,False,480
493,28.65,False,480
494,28.12,False,480
495,29.13,False,480
496,27.06,False,480
497,28.68,False,480
498,26.67,False,480
499,29.09,False,480
*******************************************************************************
Control Group 2
Agent Budget: 50
Agent Gamma: 0.9
Sensing Policy: Constant at 0.25 Hz
*******************************************************************************
Episode # | Total Rew. | If Crashed | Lidar Samples
0,27.30,False,112
1,28.89,False,112
2,28.09,False,112
3,28.52,False,112
4,29.83,False,112
5,15.30,True,64
6,26.74,True,112
7,27.44,False,112
8,28.73,False,112
9,20.56,True,80
10,27.97,False,112
11,18.26,True,80
12,26.70,False,112
13,27.50,False,112
14,28.11,False,112
15,27.88,True,112
16,26.92,False,112
17,26.75,False,112
18,6.43,True,16
19,28.38,False,112
20,27.59,False,112
21,27.88,False,112
22,28.23,False,112
23,28.80,False,112
24,28.78,False,112
25,27.06,True,112
26,27.36,True,112
27,14.26,True,48
28,29.17,False,112
29,28.34,False,112
30,27.90,False,112
31,27.08,True,112
32,28.77,False,112
33,17.18,True,80
34,19.27,True,80
35,27.34,False,112
36,27.64,False,112
37,27.06,False,112
38,27.89,True,112
39,27.21,False,112
40,26.32,False,112
41,26.85,False,112
42,28.71,False,112
43,27.53,True,112
44,13.71,True,64
45,28.14,False,112
46,27.26,False,112
47,27.25,False,112
48,5.73,True,16
49,27.18,False,112
50,28.17,False,112
51,28.43,False,112
52,28.67,False,112
53,28.13,False,112
54,29.04,False,112
55,29.79,False,112
56,27.74,True,112
57,27.00,False,112
58,27.30,True,112
59,28.08,False,112
60,26.49,False,112
61,27.60,False,112
62,27.76,False,112
63,26.81,False,112
64,27.44,True,112
65,29.40,False,112
66,28.55,False,112
67,27.45,False,112
68,29.92,False,112
69,11.62,True,48
70,8.43,True,32
71,27.96,False,112
72,20.34,True,80
73,28.17,False,112
74,27.85,False,112
75,27.59,False,112
76,27.60,False,112
77,28.03,False,112
78,21.57,True,96
79,27.89,False,112
80,27.25,False,112
81,15.07,True,64
82,26.82,False,112
83,9.23,True,32
84,27.64,False,112
85,29.03,False,112
86,27.52,False,112
87,27.32,False,112
88,7.08,True,32
89,26.01,True,112
90,6.67,True,32
91,27.16,False,112
92,26.89,True,112
93,26.84,False,112
94,9.51,True,32
95,27.47,False,112
96,27.17,True,112
97,28.34,False,112
98,27.74,False,112
99,28.19,False,112
100,14.17,True,48
101,26.87,False,112
102,27.61,False,112
103,27.17,False,112
104,26.83,True,112
105,27.52,True,112
106,27.58,True,112
107,27.15,True,112
108,12.71,True,48
109,28.42,False,112
110,29.34,False,112
111,27.77,False,112
112,28.41,True,112
113,4.49,True,16
114,26.70,False,112
115,28.83,True,112
116,28.05,False,112
117,27.43,False,112
118,28.24,False,112
119,27.85,False,112
120,29.15,False,112
121,27.48,False,112
122,26.62,False,112
123,27.28,False,112
124,27.58,False,112
125,27.09,False,112
126,28.17,False,112
127,27.78,False,112
128,27.40,False,112
129,27.47,False,112
130,27.77,False,112
131,26.81,False,112
132,26.34,False,112
133,29.68,False,112
134,26.53,False,112
135,27.15,False,112
136,26.91,False,112
137,26.58,False,112
138,10.51,True,48
139,10.22,True,48
140,27.73,False,112
141,27.69,True,112
142,27.08,False,112
143,28.42,False,112
144,26.30,False,112
145,27.01,False,112
146,29.62,False,112
147,28.38,False,112
148,25.84,True,112
149,27.12,True,112
150,28.18,False,112
151,14.10,True,64
152,20.51,True,80
153,27.43,False,112
154,19.04,True,80
155,27.78,False,112
156,27.03,False,112
157,28.27,False,112
158,14.03,True,64
159,18.35,True,80
160,27.63,False,112
161,27.16,False,112
162,27.24,False,112
163,16.72,True,64
164,28.15,True,112
165,26.81,True,112
166,29.00,True,112
167,28.34,False,112
168,28.76,False,112
169,16.46,True,64
170,27.75,False,112
171,26.85,False,112
172,9.89,True,32
173,28.79,True,112
174,27.14,True,112
175,24.96,True,96
176,27.49,False,112
177,3.73,True,16
178,10.37,True,32
179,27.47,False,112
180,28.39,False,112
181,26.57,False,112
182,27.21,True,112
183,26.69,False,112
184,17.20,True,80
185,27.33,False,112
186,26.88,False,112
187,26.48,False,112
188,26.80,True,112
189,26.82,False,112
190,27.39,False,112
191,26.54,False,112
192,27.11,True,112
193,27.44,False,112
194,26.21,False,112
195,29.75,False,112
196,27.64,False,112
197,28.40,False,112
198,28.14,False,112
199,28.12,False,112
200,14.01,True,48
201,28.08,False,112
202,28.89,False,112
203,27.30,False,112
204,26.60,True,112
205,21.46,True,80
206,26.71,False,112
207,27.24,False,112
208,26.81,False,112
209,26.34,False,112
210,26.28,True,112
211,6.49,True,16
212,26.79,False,112
213,27.80,True,112
214,28.24,False,112
215,6.24,True,16
216,27.61,True,112
217,27.35,False,112
218,27.75,False,112
219,27.43,False,112
220,5.20,True,16
221,13.40,True,64
222,28.53,False,112
223,29.51,False,112
224,26.37,False,112
225,27.76,False,112
226,27.61,False,112
227,27.60,False,112
228,25.89,True,112
229,28.99,False,112
230,28.33,False,112
231,13.62,True,48
232,27.71,False,112
233,27.01,False,112
234,7.09,True,32
235,28.94,False,112
236,27.20,False,112
237,29.61,False,112
238,28.32,True,112
239,9.98,True,32
240,27.52,False,112
241,27.06,False,112
242,6.93,True,32
243,27.13,False,112
244,28.39,False,112
245,22.88,True,96
246,28.50,False,112
247,27.78,False,112
248,27.86,False,112
249,27.79,False,112
250,27.99,False,112
251,26.31,True,112
252,27.84,False,112
253,10.52,True,48
254,11.92,True,48
255,27.43,False,112
256,27.25,False,112
257,29.04,False,112
258,27.86,False,112
259,27.56,False,112
260,25.73,False,112
261,26.52,False,112
262,28.19,False,112
263,27.91,False,112
264,27.37,True,112
265,27.65,False,112
266,27.33,False,112
267,26.66,False,112
268,27.77,False,112
269,27.56,False,112
270,27.39,False,112
271,27.69,False,112
272,28.37,False,112
273,27.75,False,112
274,9.89,True,32
275,26.81,False,112
276,26.68,False,112
277,17.66,True,64
278,27.65,False,112
279,27.68,False,112
280,27.68,False,112
281,27.97,False,112
282,3.62,True,16
283,27.50,False,112
284,27.20,False,112
285,13.87,True,48
286,29.59,False,112
287,26.47,False,112
288,26.78,False,112
289,17.69,True,64
290,28.51,False,112
291,27.95,True,112
292,27.47,False,112
293,27.42,True,112
294,26.71,True,112
295,17.29,True,80
296,28.00,False,112
297,27.82,False,112
298,17.27,True,80
299,27.86,False,112
300,28.41,False,112
301,29.32,False,112
302,27.07,True,112
303,18.84,True,80
304,27.97,False,112
305,27.35,True,112
306,27.02,True,112
307,27.55,False,112
308,7.44,True,32
309,27.66,True,112
310,27.52,False,112
311,27.28,True,112
312,29.45,False,112
313,28.03,False,112
314,27.26,False,112
315,27.38,False,112
316,25.62,False,112
317,28.00,False,112
318,28.56,False,112
319,27.81,False,112
320,26.30,False,112
321,27.35,False,112
322,27.66,False,112
323,27.29,False,112
324,27.47,False,112
325,27.73,False,112
326,27.44,False,112
327,6.45,True,16
328,14.42,True,64
329,7.86,True,32
330,10.68,True,32
331,27.04,False,112
332,27.27,False,112
333,27.32,False,112
334,28.48,False,112
335,10.22,True,32
336,10.16,True,32
337,28.01,True,112
338,27.80,False,112
339,20.39,True,80
340,29.64,False,112
341,14.81,True,64
342,26.85,False,112
343,8.95,True,32
344,29.05,False,112
345,27.58,True,112
346,26.23,True,112
347,26.04,False,112
348,27.98,True,112
349,18.17,True,80
350,28.85,False,112
351,27.93,False,112
352,28.25,False,112
353,26.84,False,112
354,24.76,True,96
355,27.83,False,112
356,27.76,False,112
357,28.77,False,112
358,27.53,False,112
359,27.76,False,112
360,27.93,False,112
361,27.45,True,112
362,27.34,True,112
363,29.85,False,112
364,26.44,False,112
365,27.69,False,112
366,26.47,True,112
367,26.03,False,112
368,27.53,True,112
369,27.18,False,112
370,28.33,False,112
371,13.34,True,48
372,26.80,False,112
373,27.46,False,112
374,25.86,True,112
375,27.30,False,112
376,29.92,False,112
377,26.94,False,112
378,27.76,False,112
379,13.50,True,48
380,27.46,False,112
381,20.97,True,80
382,28.77,False,112
383,27.96,False,112
384,28.06,True,112
385,28.09,False,112
386,27.36,False,112
387,28.21,False,112
388,27.44,False,112
389,26.61,False,112
390,27.90,False,112
391,18.61,True,80
392,26.52,True,112
393,9.84,True,32
394,27.54,False,112
395,28.24,False,112
396,28.24,False,112
397,27.16,False,112
398,28.75,False,112
399,26.71,False,112
400,27.44,True,112
401,8.71,True,32
402,26.88,True,112
403,26.85,True,112
404,27.35,False,112
405,26.93,False,112
406,28.35,True,112
407,27.06,True,112
408,28.15,False,112
409,26.59,False,112
410,16.92,True,80
411,24.50,True,96
412,10.25,True,48
413,27.52,False,112
414,26.86,False,112
415,28.16,False,112
416,28.25,False,112
417,8.13,True,32
418,13.90,True,48
419,27.14,True,112
420,8.18,True,32
421,9.64,True,32
422,8.93,True,32
423,27.96,False,112
424,15.48,True,64
425,12.79,True,64
426,26.95,False,112
427,26.86,False,112
428,26.46,False,112
429,27.04,False,112
430,28.73,True,112
431,27.39,True,112
432,27.26,False,112
433,14.81,True,64
434,26.31,False,112
435,27.11,False,112
436,26.61,False,112
437,28.14,False,112
438,27.33,False,112
439,27.34,False,112
440,27.15,True,112
441,26.61,True,112
442,29.05,False,112
443,27.57,False,112
444,19.16,True,80
445,27.09,False,112
446,27.88,False,112
447,7.70,True,32
448,26.88,False,112
449,26.95,False,112
450,28.04,False,112
451,29.60,False,112
452,27.22,True,112
453,29.52,False,112
454,27.83,False,112
455,10.01,True,32
456,28.44,False,112
457,27.43,False,112
458,6.45,True,32
459,27.03,False,112
460,27.07,False,112
461,27.19,False,112
462,7.81,True,32
463,29.90,False,112
464,29.00,False,112
465,27.46,False,112
466,27.98,False,112
467,27.68,False,112
468,27.19,True,112
469,27.48,False,112
470,21.36,True,96
471,27.56,False,112
472,27.33,False,112
473,24.68,True,96
474,28.51,False,112
475,26.96,True,112
476,28.11,False,112
477,27.69,False,112
478,26.79,False,112
479,27.15,False,112
480,14.76,True,64
481,28.05,False,112
482,27.18,False,112
483,17.64,True,80
484,27.79,False,112
485,28.04,False,112
486,28.18,False,112
487,27.62,True,112
488,29.35,False,112
489,25.99,False,112
490,20.71,True,80
491,26.42,False,112
492,26.88,False,112
493,26.38,False,112
494,27.71,False,112
495,27.85,True,112
496,19.92,True,96
497,27.05,False,112
498,27.05,True,112
499,28.02,False,112
*******************************************************************************
Test Group
Agent Budget: 50
Agent Gamma: 0.9
Sensing Policy: Adaptive at 0.25 Hz
*******************************************************************************
Episode # | Total Rew. | If Crashed | Lidar Samples
0,29.06,False,142
1,29.37,False,151
2,29.39,False,143
3,8.49,True,40
4,28.52,False,137
5,28.13,False,147
6,27.87,False,138
7,29.86,False,144
8,27.32,False,139
9,9.50,True,43
10,29.01,False,130
11,24.09,False,150
12,28.86,False,143
13,27.58,False,147
14,28.44,False,148
15,28.82,False,137
16,28.00,False,139
17,27.39,True,143
18,28.70,False,135
19,28.98,False,146
20,27.56,False,134
21,29.27,False,134
22,29.90,False,149
23,28.38,False,147
24,29.38,False,139
25,27.65,False,149
26,29.67,False,136
27,27.81,False,148
28,29.31,False,142
29,26.86,False,148
30,6.39,True,38
31,28.27,False,147
32,28.88,False,140
33,10.25,True,60
34,27.83,False,145
35,27.99,False,137
36,29.64,False,137
37,28.82,False,139
38,29.32,False,136
39,29.40,False,134
40,29.73,False,132
41,29.00,False,135
42,6.34,True,21
43,27.76,False,141
44,29.16,False,145
45,29.79,False,151
46,28.59,False,142
47,29.00,False,140
48,29.46,False,132
49,28.76,False,141
50,28.32,False,135
51,25.70,True,152
52,17.69,True,87
53,25.89,True,152
54,3.83,True,16
55,28.06,False,141
56,28.27,False,142
57,27.96,False,138
58,28.35,False,141
59,29.32,False,147
60,12.31,True,59
61,28.31,False,143
62,29.22,False,150
63,28.19,False,142
64,29.24,False,145
65,27.41,False,144
66,28.00,False,144
67,29.65,False,138
68,28.96,False,141
69,28.51,False,142
70,28.91,False,139
71,29.05,False,133
72,29.59,False,133
73,28.43,False,141
74,24.84,True,131
75,29.64,False,138
76,16.64,True,78
77,17.58,True,105
78,28.79,False,140
79,26.00,True,141
80,27.86,False,139
81,28.66,False,139
82,12.20,True,60
83,28.76,False,142
84,27.32,False,146
85,28.41,False,154
86,28.73,False,136
87,27.91,False,150
88,18.10,True,105
89,27.74,False,149
90,28.72,False,144
91,28.21,False,135
92,29.18,False,136
93,27.52,False,152
94,28.51,False,133
95,27.69,False,142
96,28.70,False,134
97,25.84,True,151
98,28.01,False,140
99,28.86,False,141
100,29.88,False,141
101,29.26,False,141
102,28.37,False,149
103,29.01,False,153
104,27.51,False,137
105,20.13,True,107
106,27.77,False,142
107,26.64,False,154
108,28.25,False,140
109,28.51,False,141
110,28.34,False,149
111,27.82,False,139
112,28.88,False,145
113,28.65,False,143
114,19.62,True,104
115,28.95,False,143
116,28.07,False,147
117,28.22,False,144
118,28.93,False,148
119,28.87,False,135
120,29.92,False,141
121,28.46,False,144
122,28.13,False,155
123,29.30,False,138
124,29.02,False,135
125,27.90,False,157
126,29.10,False,142
127,16.36,True,80
128,28.33,False,146
129,28.07,False,145
130,27.08,False,152
131,27.88,False,141
132,28.52,False,144
133,28.51,False,141
134,28.27,False,150
135,27.15,False,144
136,9.86,True,57
137,28.50,False,147
138,28.98,False,138
139,28.84,False,136
140,26.99,False,148
141,27.34,False,140
142,28.37,False,135
143,28.83,False,149
144,28.73,False,136
145,28.43,False,134
146,27.52,False,147
147,20.38,True,104
148,29.36,False,139
149,29.10,False,141
150,29.18,False,140
151,28.84,False,138
152,29.24,False,140
153,28.46,False,146
154,28.67,False,153
155,27.74,False,148
156,28.80,False,141
157,27.50,False,147
158,28.59,False,129
159,28.62,False,144
160,27.06,False,151
161,29.19,False,134
162,28.34,False,135
163,29.92,False,147
164,29.11,False,147
165,28.53,False,133
166,28.88,False,137
167,28.02,False,133
168,29.92,False,142
169,28.08,False,145
170,23.90,True,123
171,27.39,False,144
172,28.72,False,138
173,26.92,False,145
174,14.93,True,84
175,26.76,False,142
176,29.40,False,138
177,28.01,False,145
178,27.23,False,142
179,29.92,False,143
180,27.95,False,148
181,28.00,False,137
182,27.83,False,143
183,28.66,False,141
184,27.96,False,145
185,29.78,False,134
186,29.00,False,146
187,28.68,False,148
188,28.50,False,143
189,5.25,True,19
190,28.98,False,135
191,29.36,False,137
192,24.76,True,147
193,28.42,False,142
194,27.78,False,152
195,28.46,False,145
196,28.03,False,136
197,27.07,False,158
198,13.21,True,83
199,27.99,False,145
200,28.23,False,145
201,26.22,True,146
202,27.84,False,148
203,28.01,False,145
204,28.01,False,141
205,26.71,False,148
206,29.28,False,141
207,27.77,False,138
208,29.38,False,151
209,10.11,True,44
210,27.61,False,142
211,28.49,False,165
212,28.16,False,146
213,27.26,False,147
214,28.57,False,150
215,27.50,False,143
216,28.81,False,138
217,15.80,True,86
218,27.55,False,138
219,28.08,False,141
220,27.06,False,149
221,12.28,True,59
222,28.54,False,145
223,11.94,True,61
224,28.68,False,152
225,27.72,False,152
226,28.25,False,144
227,29.14,False,141
228,29.12,False,153
229,12.64,True,63
230,28.29,False,145
231,22.39,True,124
232,29.25,False,141
233,28.56,False,146
234,29.53,False,135
235,29.13,False,143
236,27.84,False,149
237,29.15,False,146
238,27.95,False,143
239,29.00,False,146
240,26.39,False,147
241,29.85,False,138
242,28.04,False,143
243,29.23,False,141
244,27.91,False,148
245,27.58,False,148
246,26.49,True,146
247,17.19,True,103
248,27.97,False,151
249,8.40,True,41
250,29.13,False,143
251,29.16,False,134
252,19.14,True,106
253,28.27,False,141
254,28.53,False,150
255,26.96,False,138
256,27.98,False,141
257,28.45,False,142
258,28.24,False,145
259,28.99,False,142
260,28.43,False,140
261,28.47,False,146
262,26.94,False,150
263,10.64,True,59
264,20.06,True,103
265,28.96,False,142
266,28.32,False,144
267,28.74,False,140
268,6.39,True,22
269,29.41,False,133
270,28.83,False,144
271,29.35,False,145
272,27.58,False,147
273,27.31,False,148
274,28.01,False,156
275,28.79,False,143
276,27.80,False,138
277,28.24,False,147
278,5.60,True,18
279,28.93,False,139
280,29.56,False,144
281,29.28,False,141
282,29.50,False,143
283,27.61,False,149
284,29.63,False,144
285,28.26,False,153
286,28.77,False,138
287,28.79,False,145
288,29.84,False,132
289,28.80,False,140
290,3.67,True,16
291,28.71,False,140
292,28.31,False,140
293,28.69,False,148
294,28.59,False,137
295,16.41,True,81
296,27.00,False,152
297,11.57,True,59
298,28.66,False,139
299,8.91,True,40
300,28.37,False,145
301,20.29,True,100
302,29.20,False,139
303,16.07,True,83
304,22.98,True,132
305,26.76,False,148
306,27.47,False,142
307,26.10,True,143
308,14.00,True,83
309,26.78,True,149
310,29.92,False,146
311,13.82,True,62
312,29.05,False,145
313,29.43,False,143
314,11.50,True,58
315,28.31,False,153
316,29.35,False,143
317,24.75,False,148
318,26.72,False,140
319,27.38,False,152
320,26.34,False,139
321,24.00,True,126
322,12.91,True,61
323,28.34,False,141
324,28.53,False,141
325,29.82,False,139
326,28.23,False,145
327,29.51,False,141
328,7.83,True,43
329,29.25,False,153
330,28.56,False,139
331,11.41,True,63
332,26.51,False,135
333,28.48,False,153
334,23.30,True,125
335,27.39,False,139
336,26.97,False,144
337,28.97,False,150
338,28.39,False,154
339,28.71,False,152
340,28.47,False,148
341,28.21,False,145
342,28.48,False,145
343,28.19,False,155
344,26.04,False,152
345,25.91,True,141
346,27.94,False,137
347,28.51,False,145
348,28.71,False,141
349,27.48,False,151
350,26.37,False,144
351,27.76,False,148
352,26.76,False,144
353,3.98,True,18
354,28.77,False,140
355,27.16,False,141
356,27.82,False,146
357,29.72,False,148
358,28.88,False,143
359,28.66,False,154
360,28.66,False,147
361,28.23,False,145
362,27.19,False,141
363,28.80,False,134
364,27.55,False,144
365,9.87,True,42
366,29.14,False,138
367,18.61,True,101
368,28.63,False,134
369,26.37,False,144
370,29.42,False,137
371,28.28,False,148
372,28.81,False,141
373,28.16,False,144
374,28.34,False,143
375,27.90,False,137
376,29.31,False,132
377,28.54,False,150
378,6.91,True,39
379,28.19,False,141
380,27.35,False,152
381,27.99,False,141
382,29.84,False,138
383,29.37,False,141
384,28.05,False,144
385,28.03,False,148
386,28.65,False,144
387,28.71,False,139
388,27.83,False,145
389,27.65,False,151
390,28.10,False,139
391,28.26,False,140
392,28.08,False,147
393,27.90,False,141
394,29.29,False,139
395,10.51,True,61
396,28.26,False,133
397,29.64,False,144
398,28.82,False,147
399,28.40,False,138
400,5.97,True,19
401,27.15,False,144
402,28.69,False,146
403,28.74,False,136
404,28.46,False,148
405,9.53,True,58
406,28.27,False,150
407,28.33,False,145
408,27.59,False,149
409,28.00,False,143
410,28.80,False,149
411,28.23,False,144
412,8.19,True,39
413,26.40,False,139
414,27.46,False,154
415,27.25,False,141
416,27.90,False,146
417,27.71,False,148
418,29.55,False,133
419,27.81,False,144
420,28.84,False,146
421,28.57,False,143
422,28.64,False,140
423,28.83,False,127
424,7.65,True,39
425,28.04,False,141
426,28.42,False,141
427,27.36,False,148
428,28.10,False,134
429,29.08,False,139
430,28.28,False,154
431,28.15,False,139
432,29.01,False,133
433,29.41,False,144
434,27.40,False,146
435,29.21,False,143
436,27.93,False,148
437,7.77,True,40
438,13.48,True,62
439,29.85,False,144
440,27.95,False,135
441,28.07,False,149
442,28.50,False,147
443,27.92,False,146
444,29.12,False,147
445,29.36,False,135
446,28.07,False,145
447,28.71,False,144
448,28.93,False,135
449,28.20,False,132
450,19.74,True,105
451,28.64,False,145
452,28.08,False,135
453,8.25,True,41
454,27.55,False,132
455,28.73,False,138
456,28.53,False,135
457,27.97,False,133
458,9.97,True,39
459,28.40,False,142
460,29.46,False,147
461,28.98,False,146
462,26.58,False,151
463,10.14,True,56
464,23.54,True,134
465,28.83,False,142
466,28.66,False,144
467,27.45,False,144
468,13.03,True,66
469,27.95,False,140
470,28.24,False,138
471,27.88,False,143
472,28.18,False,136
473,29.40,False,143
474,27.85,False,141
475,28.09,False,138
476,18.37,True,104
477,27.89,False,146
478,27.56,False,139
479,28.23,False,145
480,28.38,False,150
481,28.79,False,140
482,21.07,True,104
483,3.63,True,16
484,28.83,False,137
485,16.94,True,99
486,9.76,True,43
487,28.64,False,135
488,27.27,False,140
489,16.07,True,80
490,27.24,False,144
491,27.34,False,145
492,27.98,False,144
493,28.82,False,154
494,28.47,False,138
495,28.37,False,143
496,28.88,False,136
497,28.18,False,154
498,27.13,False,149
499,27.99,False,142
*******************************************************************************
Experiment Summary
*******************************************************************************
*******************************************************************************
Raw Data:
control 1 collision: [0.0, 0.0, 1.0, 0.0, 0.0, 0.0, 1.0, 0.0, 0.0, 0.0, 0.0, 0.0, 0.0, 0.0, 0.0, 1.0, 0.0, 0.0, 0.0, 0.0, 1.0, 0.0, 0.0, 0.0, 0.0, 0.0, 1.0, 0.0, 0.0, 0.0, 0.0, 0.0, 0.0, 0.0, 0.0, 0.0, 0.0, 0.0, 0.0, 0.0, 1.0, 0.0, 0.0, 1.0, 0.0, 0.0, 0.0, 1.0, 1.0, 0.0, 0.0, 0.0, 0.0, 0.0, 0.0, 1.0, 0.0, 0.0, 0.0, 1.0, 0.0, 1.0, 0.0, 0.0, 0.0, 0.0, 0.0, 0.0, 0.0, 0.0, 0.0, 0.0, 0.0, 1.0, 0.0, 0.0, 0.0, 0.0, 0.0, 0.0, 0.0, 0.0, 0.0, 0.0, 0.0, 0.0, 0.0, 0.0, 0.0, 0.0, 0.0, 0.0, 1.0, 0.0, 0.0, 0.0, 0.0, 0.0, 0.0, 0.0, 0.0, 0.0, 0.0, 0.0, 0.0, 0.0, 0.0, 0.0, 0.0, 0.0, 0.0, 1.0, 0.0, 0.0, 0.0, 0.0, 0.0, 0.0, 0.0, 1.0, 0.0, 1.0, 0.0, 1.0, 0.0, 0.0, 0.0, 0.0, 0.0, 0.0, 0.0, 0.0, 0.0, 1.0, 0.0, 0.0, 0.0, 0.0, 0.0, 0.0, 1.0, 0.0, 1.0, 0.0, 0.0, 1.0, 0.0, 0.0, 0.0, 0.0, 0.0, 0.0, 0.0, 0.0, 0.0, 0.0, 0.0, 1.0, 0.0, 1.0, 0.0, 0.0, 0.0, 0.0, 0.0, 0.0, 0.0, 0.0, 0.0, 0.0, 0.0, 0.0, 0.0, 0.0, 0.0, 0.0, 0.0, 0.0, 0.0, 0.0, 0.0, 0.0, 0.0, 1.0, 0.0, 0.0, 0.0, 0.0, 0.0, 1.0, 0.0, 0.0, 0.0, 0.0, 0.0, 1.0, 1.0, 0.0, 0.0, 0.0, 0.0, 0.0, 0.0, 0.0, 0.0, 0.0, 0.0, 0.0, 0.0, 1.0, 0.0, 1.0, 0.0, 0.0, 0.0, 0.0, 0.0, 0.0, 0.0, 0.0, 0.0, 0.0, 0.0, 0.0, 0.0, 0.0, 0.0, 1.0, 0.0, 0.0, 0.0, 0.0, 0.0, 0.0, 0.0, 0.0, 0.0, 0.0, 0.0, 0.0, 0.0, 0.0, 0.0, 0.0, 0.0, 0.0, 1.0, 0.0, 0.0, 0.0, 0.0, 0.0, 0.0, 0.0, 0.0, 0.0, 1.0, 0.0, 0.0, 1.0, 0.0, 0.0, 0.0, 0.0, 0.0, 1.0, 0.0, 0.0, 0.0, 0.0, 1.0, 1.0, 0.0, 0.0, 0.0, 1.0, 1.0, 0.0, 1.0, 1.0, 0.0, 1.0, 0.0, 0.0, 1.0, 0.0, 0.0, 1.0, 1.0, 0.0, 0.0, 0.0, 0.0, 0.0, 0.0, 0.0, 1.0, 0.0, 0.0, 0.0, 0.0, 1.0, 0.0, 0.0, 0.0, 0.0, 0.0, 0.0, 0.0, 0.0, 1.0, 0.0, 0.0, 0.0, 0.0, 0.0, 0.0, 1.0, 0.0, 0.0, 0.0, 1.0, 0.0, 0.0, 0.0, 0.0, 0.0, 0.0, 0.0, 0.0, 0.0, 0.0, 0.0, 0.0, 1.0, 0.0, 0.0, 1.0, 0.0, 0.0, 0.0, 0.0, 0.0, 0.0, 0.0, 0.0, 0.0, 0.0, 0.0, 0.0, 0.0, 0.0, 0.0, 1.0, 0.0, 0.0, 0.0, 0.0, 0.0, 1.0, 0.0, 0.0, 0.0, 0.0, 0.0, 0.0, 0.0, 0.0, 0.0, 0.0, 0.0, 0.0, 0.0, 0.0, 0.0, 1.0, 0.0, 1.0, 0.0, 0.0, 0.0, 0.0, 0.0, 0.0, 0.0, 0.0, 0.0, 0.0, 0.0, 0.0, 0.0, 0.0, 1.0, 0.0, 0.0, 0.0, 0.0, 0.0, 0.0, 0.0, 0.0, 1.0, 0.0, 0.0, 0.0, 0.0, 0.0, 0.0, 0.0, 1.0, 0.0, 0.0, 0.0, 1.0, 0.0, 0.0, 0.0, 0.0, 0.0, 0.0, 1.0, 0.0, 1.0, 0.0, 1.0, 0.0, 0.0, 1.0, 0.0, 0.0, 0.0, 1.0, 0.0, 0.0, 0.0, 1.0, 0.0, 1.0, 0.0, 0.0, 0.0, 0.0, 0.0, 0.0, 0.0, 0.0, 1.0, 0.0, 0.0, 0.0, 0.0, 0.0, 1.0, 0.0, 0.0, 0.0, 0.0, 0.0, 0.0, 0.0, 0.0, 0.0, 1.0, 0.0, 0.0, 0.0, 1.0, 0.0, 1.0, 0.0, 0.0, 0.0, 1.0, 0.0, 0.0, 0.0, 0.0, 1.0, 0.0, 0.0, 0.0, 0.0, 0.0, 0.0, 0.0, 1.0, 0.0, 0.0, 0.0, 1.0, 0.0, 0.0, 0.0, 0.0, 0.0, 0.0, 0.0, 0.0, 0.0, 0.0]
control 1 rewards: [27.416762876543086, 27.69063636487702, 17.540329945265185, 27.720288936329695, 28.052567475956785, 28.014501756268803, 13.532803104179226, 28.115400539850047, 27.78637637749963, 27.49844263572379, 27.24810406240336, 26.71355984106408, 28.399835523550042, 27.82693814132089, 29.07287106450822, 15.159073123707616, 29.224220156245664, 29.510537731022566, 28.87329741245062, 28.97557537926212, 6.989624833971599, 27.42451514470316, 28.07610867142816, 26.176182968083452, 29.86843829945599, 27.942048101066526, 15.369103849493687, 28.4541476914509, 28.186270511614, 29.14611307895602, 28.841171670217108, 27.39474162630927, 27.080995554408027, 27.111330805606826, 27.8785642080592, 28.97501015496879, 29.01884227608693, 28.24124237827008, 29.010022010638075, 26.73373079256596, 13.413934308893776, 27.65317416247673, 29.484432007997263, 24.788489496799578, 28.020122972218083, 26.577147205814864, 29.46508192454339, 15.729566496521656, 6.30249367479715, 29.637665446595683, 27.57862016637281, 28.972508875059674, 28.70099830253891, 28.69275277680454, 28.390401032665718, 8.432962771450272, 27.65937450821337, 28.919445549935137, 28.335228904319717, 14.374467309506844, 26.87364300543171, 15.950420882963947, 28.215726437586046, 29.496906747581097, 27.88422596277565, 27.317135011618095, 27.166379990041253, 28.324210735744984, 28.543901438675878, 27.978919889458123, 28.508892998120334, 28.456390007635065, 26.530253769081888, 5.605834218023398, 28.266026930568785, 27.293344268830104, 27.0952474049114, 27.41723380925246, 27.27935728282284, 29.081874987419262, 28.955521613063997, 27.616501703218788, 29.070379137987054, 27.02099554770692, 28.154288034933735, 27.844025678508956, 27.5005598799029, 28.091284224497727, 28.044841601085835, 28.87655389943131, 28.64538489734253, 28.261710460214108, 12.912882687809073, 28.83925873056084, 29.84769165465125, 27.861617437829786, 28.82296418861939, 27.655069475139378, 27.29140101924984, 29.846538675444673, 27.746388366012297, 29.801512103256833, 29.411397053184572, 29.11163964326935, 28.454441353577245, 28.8076028489576, 28.956543399096425, 28.22565348488904, 27.449217865554026, 28.95426592317618, 28.981401128612397, 12.466077752835979, 28.924457298029218, 28.551694383480417, 27.08734134395267, 28.09334988664284, 27.99889866337616, 29.75, 29.656310260924265, 13.303830378159944, 27.672977012985612, 22.683422314695814, 29.821853557066557, 22.310899984646184, 27.790977595549155, 28.148946737888433, 27.577128682781638, 28.056787617891647, 27.53416071581586, 27.70349572839722, 26.85591767938918, 27.1560627646476, 28.279101460414964, 15.988931490314116, 28.009221424293106, 29.204090173613345, 28.41578170157307, 25.71401972398233, 28.348116744029156, 28.42649565852904, 16.669865115890637, 29.745611409711103, 17.15218665046345, 27.800701451718272, 28.60251121175192, 13.316703508330693, 28.70659095358765, 28.419944485000563, 29.39675935190441, 29.35854729836373, 28.392124824540844, 29.240025238168492, 29.11168621255788, 27.124424743950055, 27.418300936387602, 28.008063412656416, 29.302075199047977, 14.401113663360768, 28.67192130340625, 10.701950621799373, 29.10589890095449, 28.780071719050163, 29.081644688327728, 27.43534856804282, 28.09233542279334, 28.347976219269892, 28.15626819402673, 28.742264008252878, 27.70463253853763, 27.741345692149377, 28.14978472275259, 28.855494503887343, 28.128443500502836, 26.970647154280844, 28.527962809947077, 27.154838997468804, 29.56905477871026, 27.649254845911088, 29.916666666666668, 29.219917735029867, 29.448250541520945, 29.469722782777595, 29.323260845847212, 18.57916348172407, 28.351814023316567, 27.073487504650625, 28.578840892499745, 28.093761669668957, 27.84194498042769, 12.491106642693662, 29.03151147459016, 28.076060650547728, 27.916515897954394, 29.614029401567233, 26.69358264736321, 14.109498895539767, 15.575471622480341, 28.045121448089827, 28.600239375765337, 27.72067617450318, 29.249909560166504, 28.389527617628072, 29.414010193979866, 29.716301930981004, 29.64913671450764, 28.127776372087773, 28.03571191374496, 29.621468593783614, 28.470978240917677, 20.722094756976464, 28.13620650090506, 24.68113604716999, 27.465868134719795, 26.797815475647802, 27.476910779132172, 27.316548816626522, 28.976424974852666, 27.442965837485293, 28.018264541316846, 29.483072554486988, 27.63147918610471, 29.34631674920956, 29.67324720457093, 29.916666666666668, 29.087543520680605, 26.610866705237303, 29.916666666666664, 9.722598798588335, 28.736869866180896, 27.281016860035866, 28.894164558691696, 25.401603905871276, 28.979017000598695, 28.617186800193412, 29.12856605606888, 28.744691015043546, 27.698899577686362, 29.326221972082283, 28.661261771108073, 28.34191307256787, 28.918610500593285, 28.30384182983758, 26.65084992880348, 26.32759142927464, 28.938830051889564, 28.844162401919156, 9.994127377190603, 29.0517881561995, 27.910865195324455, 28.071826791060012, 27.165870962922334, 29.419046649219343, 28.425606237286875, 27.830737194229933, 27.332332467612872, 27.630540798730845, 10.908947989417129, 27.004228909232886, 28.246922843051724, 14.392569454915737, 27.47556625437023, 28.3417317663575, 27.924383027033446, 27.763009210269782, 28.065879326037667, 16.605173790247616, 27.51181737046008, 29.573651654571385, 28.42385533605895, 27.678289799933133, 16.34611131677218, 17.729439722349074, 29.524107291297575, 29.42846450556756, 29.802108619948772, 11.980253012357258, 11.930362707339619, 29.577072453158436, 14.319427048080046, 19.295586180624124, 29.579244477055823, 16.732576108697877, 25.71748006064715, 28.92356469547893, 20.917656672385995, 29.700275646843085, 28.21124710021301, 9.997775497743731, 8.594471151068424, 28.546693405364753, 28.90942683365556, 28.1389751498644, 27.960241526087792, 29.515566440702365, 24.152033437782613, 28.2060355121418, 10.593758770841532, 27.1795129312465, 28.627057452448916, 28.109184898889577, 29.639700693000023, 15.44841938641591, 27.96220314077462, 29.479481663910715, 29.337115502252775, 27.44617221042741, 27.764925042354783, 26.569103970701384, 29.32446822758782, 27.33134357253575, 14.004152631502897, 29.103840246475382, 29.305878357298067, 27.970510363146165, 28.31561025253994, 28.58726260579896, 26.974904497912412, 25.121976702251615, 28.38938100802077, 27.839913369968983, 29.04803706641827, 16.03848518695719, 29.467645024911185, 28.388397649898312, 28.76449152086521, 28.41953637953467, 29.1275133189007, 27.830915845066833, 28.171818594484506, 28.954018225450614, 28.67968163880256, 29.156703429157098, 29.308005390142895, 27.80143022016732, 20.14593174849202, 28.636776545533156, 27.075259067041685, 26.135463553633638, 28.782382572559502, 27.569257230897406, 29.696654886028604, 29.614602460522143, 28.555010261453265, 29.348890507070852, 28.437763514003137, 29.247915204678335, 29.123564508914367, 27.509558245198093, 28.365350692709068, 27.419408052609544, 28.134342541322475, 26.90085924208717, 28.71822353327674, 7.9244527687471535, 29.060146074720905, 28.57691918107503, 28.33247017207508, 26.69550063606489, 26.92348806540035, 16.675787071353994, 26.98609545401713, 26.735956265952645, 28.81293170801053, 27.394056141484775, 29.486765869390382, 29.415151914830496, 27.669809824218813, 29.243440646338648, 29.405729677238657, 28.71626953305205, 27.44550674005621, 29.031431780387088, 29.02848253826152, 27.854181611958122, 29.14811864025434, 16.4333734825645, 29.035254905568678, 12.775614723572057, 25.924721280822734, 28.692635401279496, 27.897242207103762, 28.216969819018402, 28.72481773530709, 29.13363153166271, 26.753555755644637, 27.490502751928812, 29.07922149560156, 29.117104406271483, 27.494830387233446, 28.601621626153378, 28.240090263037867, 27.796100885653544, 13.014349734776177, 27.600316962578866, 28.056227190831063, 26.79432124655258, 24.897504698646273, 27.29614078344101, 29.20269892639095, 29.357317345547596, 28.577275044705186, 19.451065829585918, 28.494400942236755, 28.785535058706603, 28.888911536813946, 29.031316856486548, 28.34372855070579, 28.951655642501244, 29.07140729374758, 16.840424670188888, 26.424645655322955, 29.116573727693584, 27.26774817023531, 12.025968567371708, 29.05892937513365, 28.476567114042766, 27.10168946815238, 28.404827630663913, 28.87215354358146, 27.85066998417146, 11.974981482567314, 28.268713369684814, 6.9816775934792, 28.51932625178216, 9.042119821983864, 29.366943525676685, 28.31765520503342, 17.84883555703435, 27.261650571191776, 28.75253205068269, 27.909469048804727, 20.216416030355017, 27.519138260367615, 24.664816897297886, 28.054595270653987, 4.356263899510979, 28.461216917231393, 8.312945019712643, 28.32415401555709, 27.53708374286041, 27.803393816020694, 28.903183318389885, 27.884117457140714, 29.802913445947894, 29.00532697249187, 28.54536710626554, 11.017606016384752, 29.029897094858686, 28.21100023759427, 28.246606275301765, 26.703978995864517, 29.0716654044723, 14.993117262098021, 29.583650580776943, 28.687393926481416, 28.55245492654849, 29.437150923963397, 26.93284769419973, 29.541570117017134, 28.654693886393616, 28.095904959151135, 29.11746924152451, 5.318862435573824, 26.65398963350585, 27.21900739516285, 28.88673800382558, 11.653714065138681, 27.485344921284522, 7.112187355490313, 29.240236316414215, 28.726864401660862, 28.145533474802598, 16.953477265408534, 29.362989351163982, 26.894872793465222, 29.432347453210163, 28.798342781699375, 10.179050916862344, 28.74015577876171, 28.20675221300146, 28.720489912470907, 28.893125467765255, 28.156233086388443, 29.715497532818144, 29.16851466468172, 16.577517168900965, 29.853083517533, 28.687787471676092, 27.38765244194413, 24.64247588628312, 27.325245797481852, 28.57138902418274, 27.915138982164905, 28.654132375365737, 28.119401790215882, 29.125688851198152, 27.05567139558385, 28.678808136874732, 26.673530940083474, 29.0866052296155]
control 1 lidar samples: [480, 480, 352, 480, 480, 480, 256, 480, 480, 480, 480, 480, 480, 480, 480, 320, 480, 480, 480, 480, 144, 480, 480, 480, 480, 480, 288, 480, 480, 480, 480, 480, 480, 480, 480, 480, 480, 480, 480, 480, 256, 480, 480, 464, 480, 480, 480, 288, 128, 480, 480, 480, 480, 480, 480, 160, 480, 480, 480, 272, 480, 304, 480, 480, 480, 480, 480, 480, 480, 480, 480, 480, 480, 112, 480, 480, 480, 480, 480, 480, 480, 480, 480, 480, 480, 480, 480, 480, 480, 480, 480, 480, 256, 480, 480, 480, 480, 480, 480, 480, 480, 480, 480, 480, 480, 480, 480, 480, 480, 480, 480, 240, 480, 480, 480, 480, 480, 480, 480, 272, 480, 432, 480, 432, 480, 480, 480, 480, 480, 480, 480, 480, 480, 304, 480, 480, 480, 480, 480, 480, 320, 480, 336, 480, 480, 240, 480, 480, 480, 480, 480, 480, 480, 480, 480, 480, 480, 272, 480, 208, 480, 480, 480, 480, 480, 480, 480, 480, 480, 480, 480, 480, 480, 480, 480, 480, 480, 480, 480, 480, 480, 480, 480, 336, 480, 480, 480, 480, 480, 240, 480, 480, 480, 480, 480, 256, 304, 480, 480, 480, 480, 480, 480, 480, 480, 480, 480, 480, 480, 384, 480, 464, 480, 480, 480, 480, 480, 480, 480, 480, 480, 480, 480, 480, 480, 480, 480, 208, 480, 480, 480, 480, 480, 480, 480, 480, 480, 480, 480, 480, 480, 480, 480, 480, 480, 480, 192, 480, 480, 480, 480, 480, 480, 480, 480, 480, 208, 480, 480, 272, 480, 480, 480, 480, 480, 320, 480, 480, 480, 480, 320, 320, 480, 480, 480, 224, 224, 480, 272, 368, 480, 368, 480, 480, 384, 480, 480, 192, 160, 480, 480, 480, 480, 480, 480, 480, 192, 480, 480, 480, 480, 288, 480, 480, 480, 480, 480, 480, 480, 480, 272, 480, 480, 480, 480, 480, 480, 464, 480, 480, 480, 304, 480, 480, 480, 480, 480, 480, 480, 480, 480, 480, 480, 480, 416, 480, 480, 480, 480, 480, 480, 480, 480, 480, 480, 480, 480, 480, 480, 480, 480, 480, 480, 160, 480, 480, 480, 480, 480, 320, 480, 480, 480, 480, 480, 480, 480, 480, 480, 480, 480, 480, 480, 480, 480, 304, 480, 240, 480, 480, 480, 480, 480, 480, 480, 480, 480, 480, 480, 480, 480, 480, 256, 480, 480, 480, 480, 480, 480, 480, 480, 368, 480, 480, 480, 480, 480, 480, 480, 336, 480, 480, 480, 224, 480, 480, 480, 480, 480, 480, 224, 480, 144, 480, 192, 480, 480, 336, 480, 480, 480, 384, 480, 480, 480, 96, 480, 160, 480, 480, 480, 480, 480, 480, 480, 480, 224, 480, 480, 480, 480, 480, 288, 480, 480, 480, 480, 480, 480, 480, 480, 480, 96, 480, 480, 480, 224, 480, 144, 480, 480, 480, 336, 480, 480, 480, 480, 208, 480, 480, 480, 480, 480, 480, 480, 304, 480, 480, 480, 464, 480, 480, 480, 480, 480, 480, 480, 480, 480, 480]
control 2 collision: [0.0, 0.0, 0.0, 0.0, 0.0, 1.0, 1.0, 0.0, 0.0, 1.0, 0.0, 1.0, 0.0, 0.0, 0.0, 1.0, 0.0, 0.0, 1.0, 0.0, 0.0, 0.0, 0.0, 0.0, 0.0, 1.0, 1.0, 1.0, 0.0, 0.0, 0.0, 1.0, 0.0, 1.0, 1.0, 0.0, 0.0, 0.0, 1.0, 0.0, 0.0, 0.0, 0.0, 1.0, 1.0, 0.0, 0.0, 0.0, 1.0, 0.0, 0.0, 0.0, 0.0, 0.0, 0.0, 0.0, 1.0, 0.0, 1.0, 0.0, 0.0, 0.0, 0.0, 0.0, 1.0, 0.0, 0.0, 0.0, 0.0, 1.0, 1.0, 0.0, 1.0, 0.0, 0.0, 0.0, 0.0, 0.0, 1.0, 0.0, 0.0, 1.0, 0.0, 1.0, 0.0, 0.0, 0.0, 0.0, 1.0, 1.0, 1.0, 0.0, 1.0, 0.0, 1.0, 0.0, 1.0, 0.0, 0.0, 0.0, 1.0, 0.0, 0.0, 0.0, 1.0, 1.0, 1.0, 1.0, 1.0, 0.0, 0.0, 0.0, 1.0, 1.0, 0.0, 1.0, 0.0, 0.0, 0.0, 0.0, 0.0, 0.0, 0.0, 0.0, 0.0, 0.0, 0.0, 0.0, 0.0, 0.0, 0.0, 0.0, 0.0, 0.0, 0.0, 0.0, 0.0, 0.0, 1.0, 1.0, 0.0, 1.0, 0.0, 0.0, 0.0, 0.0, 0.0, 0.0, 1.0, 1.0, 0.0, 1.0, 1.0, 0.0, 1.0, 0.0, 0.0, 0.0, 1.0, 1.0, 0.0, 0.0, 0.0, 1.0, 1.0, 1.0, 1.0, 0.0, 0.0, 1.0, 0.0, 0.0, 1.0, 1.0, 1.0, 1.0, 0.0, 1.0, 1.0, 0.0, 0.0, 0.0, 1.0, 0.0, 1.0, 0.0, 0.0, 0.0, 1.0, 0.0, 0.0, 0.0, 1.0, 0.0, 0.0, 0.0, 0.0, 0.0, 0.0, 0.0, 1.0, 0.0, 0.0, 0.0, 1.0, 1.0, 0.0, 0.0, 0.0, 0.0, 1.0, 1.0, 0.0, 1.0, 0.0, 1.0, 1.0, 0.0, 0.0, 0.0, 1.0, 1.0, 0.0, 0.0, 0.0, 0.0, 0.0, 0.0, 1.0, 0.0, 0.0, 1.0, 0.0, 0.0, 1.0, 0.0, 0.0, 0.0, 1.0, 1.0, 0.0, 0.0, 1.0, 0.0, 0.0, 1.0, 0.0, 0.0, 0.0, 0.0, 0.0, 1.0, 0.0, 1.0, 1.0, 0.0, 0.0, 0.0, 0.0, 0.0, 0.0, 0.0, 0.0, 0.0, 1.0, 0.0, 0.0, 0.0, 0.0, 0.0, 0.0, 0.0, 0.0, 0.0, 1.0, 0.0, 0.0, 1.0, 0.0, 0.0, 0.0, 0.0, 1.0, 0.0, 0.0, 1.0, 0.0, 0.0, 0.0, 1.0, 0.0, 1.0, 0.0, 1.0, 1.0, 1.0, 0.0, 0.0, 1.0, 0.0, 0.0, 0.0, 1.0, 1.0, 0.0, 1.0, 1.0, 0.0, 1.0, 1.0, 0.0, 1.0, 0.0, 0.0, 0.0, 0.0, 0.0, 0.0, 0.0, 0.0, 0.0, 0.0, 0.0, 0.0, 0.0, 0.0, 0.0, 1.0, 1.0, 1.0, 1.0, 0.0, 0.0, 0.0, 0.0, 1.0, 1.0, 1.0, 0.0, 1.0, 0.0, 1.0, 0.0, 1.0, 0.0, 1.0, 1.0, 0.0, 1.0, 1.0, 0.0, 0.0, 0.0, 0.0, 1.0, 0.0, 0.0, 0.0, 0.0, 0.0, 0.0, 1.0, 1.0, 0.0, 0.0, 0.0, 1.0, 0.0, 1.0, 0.0, 0.0, 1.0, 0.0, 0.0, 1.0, 0.0, 0.0, 0.0, 0.0, 1.0, 0.0, 1.0, 0.0, 0.0, 1.0, 0.0, 0.0, 0.0, 0.0, 0.0, 0.0, 1.0, 1.0, 1.0, 0.0, 0.0, 0.0, 0.0, 0.0, 0.0, 1.0, 1.0, 1.0, 1.0, 0.0, 0.0, 1.0, 1.0, 0.0, 0.0, 1.0, 1.0, 1.0, 0.0, 0.0, 0.0, 0.0, 1.0, 1.0, 1.0, 1.0, 1.0, 1.0, 0.0, 1.0, 1.0, 0.0, 0.0, 0.0, 0.0, 1.0, 1.0, 0.0, 1.0, 0.0, 0.0, 0.0, 0.0, 0.0, 0.0, 1.0, 1.0, 0.0, 0.0, 1.0, 0.0, 0.0, 1.0, 0.0, 0.0, 0.0, 0.0, 1.0, 0.0, 0.0, 1.0, 0.0, 0.0, 1.0, 0.0, 0.0, 0.0, 1.0, 0.0, 0.0, 0.0, 0.0, 0.0, 1.0, 0.0, 1.0, 0.0, 0.0, 1.0, 0.0, 1.0, 0.0, 0.0, 0.0, 0.0, 1.0, 0.0, 0.0, 1.0, 0.0, 0.0, 0.0, 1.0, 0.0, 0.0, 1.0, 0.0, 0.0, 0.0, 0.0, 1.0, 1.0, 0.0, 1.0, 0.0]
control 2 rewards: [27.296742181868627, 28.893322430481515, 28.08532304382903, 28.51761136034869, 29.833849486137467, 15.29820508999529, 26.741912824445045, 27.439905203648966, 28.72676697646732, 20.561392233805336, 27.97363217048413, 18.263776076143394, 26.70374223230409, 27.495176490833828, 28.111207050170787, 27.87829811667007, 26.919536374555253, 26.746889326645675, 6.4256492032150145, 28.383165808027563, 27.589188022272307, 27.878953057818805, 28.22922591152328, 28.80143333980435, 28.778285324877334, 27.059829790897023, 27.35507682836625, 14.257410415647197, 29.17322641446618, 28.343195132510196, 27.898457524912494, 27.081277575220337, 28.774840086612755, 17.180717981613967, 19.270691464396318, 27.341208082332454, 27.63532046700022, 27.059326547879436, 27.889150031655518, 27.206549307664908, 26.322725324968772, 26.851226790023315, 28.713240294688898, 27.526074917364717, 13.712684959291606, 28.136107130299198, 27.258922173330472, 27.249136244952858, 5.726725802894542, 27.17610214935644, 28.169640902753315, 28.43303942141171, 28.67086268538187, 28.12951488911343, 29.042792952630215, 29.793748723911683, 27.735199378222553, 26.998860934280987, 27.295128864823305, 28.082222876660673, 26.487289739696482, 27.59751955619453, 27.75533123295728, 26.813555151454402, 27.436579174733378, 29.402214511506365, 28.55043338691516, 27.45235085195687, 29.916666666666664, 11.623373881102001, 8.427495387942038, 27.95792605262907, 20.342118075796307, 28.1682423534745, 27.854608060372808, 27.58994530620632, 27.60364941682146, 28.030093607707833, 21.571575177681062, 27.891977787819304, 27.254637195863246, 15.068565603846263, 26.818266630599215, 9.22769261284645, 27.64389740227528, 29.026846976790335, 27.52354307882201, 27.31907017098774, 7.083333333333333, 26.007647207865993, 6.6740681555245605, 27.158260579529195, 26.888875247364343, 26.83810651522048, 9.507413280929962, 27.474394723881243, 27.172044485812904, 28.343029560247235, 27.739331912580216, 28.194006942688734, 14.173482592436319, 26.87420665115902, 27.613255090259734, 27.170385862821682, 26.826524321548547, 27.52136480041767, 27.575952103988147, 27.149325911335392, 12.707796801422576, 28.423790512353033, 29.3353238206343, 27.765563827820475, 28.40616435531659, 4.493812352175487, 26.703845841370057, 28.833041995467195, 28.05071903870217, 27.425826639285898, 28.243498120274076, 27.849477013657086, 29.15445511700428, 27.479506045058958, 26.61507901727096, 27.27905879432066, 27.579337955603147, 27.092578259900797, 28.17364269760536, 27.78109701212404, 27.395417902937393, 27.469973959828934, 27.771358267942325, 26.80812354877433, 26.34032651190223, 29.676298108090066, 26.532541541728165, 27.153097664435332, 26.90635572775189, 26.582320791925167, 10.506183761993928, 10.216235685584758, 27.72712849052924, 27.69060936458406, 27.077233373280443, 28.418851110653414, 26.298976511729528, 27.005402870829734, 29.621002582315754, 28.380096323388383, 25.843904177663237, 27.12274217541319, 28.179874107639513, 14.096886807048115, 20.50736635371881, 27.426497009182018, 19.041036911953938, 27.781869934837957, 27.029673635265617, 28.270534898000648, 14.033545154652975, 18.346846931725047, 27.632985170516438, 27.159569755021693, 27.236474060285254, 16.724028323434624, 28.14967553070071, 26.807008473753836, 28.998490581815155, 28.33615771702721, 28.755769677655273, 16.45800335267552, 27.746782337140925, 26.846337928922004, 9.885897771183664, 28.78588448429833, 27.139248524447563, 24.960899982942305, 27.48820692078812, 3.7335492126129464, 10.371669994483801, 27.472539243889315, 28.39187017847061, 26.568231903798807, 27.21019291011605, 26.688587437307824, 17.203635000943375, 27.33057171204196, 26.875267829181954, 26.481851522332843, 26.80409900540092, 26.821610300944624, 27.391064769039378, 26.53973417047815, 27.10728759240759, 27.436825258318514, 26.214899777102925, 29.75, 27.635303292022652, 28.39771516163168, 28.13728600772255, 28.119836498811765, 14.008752549258222, 28.083019536078243, 28.885682867532335, 27.296935958155526, 26.60100427197942, 21.460745408583247, 26.711401258352137, 27.242159807235186, 26.805256261603954, 26.342454124735507, 26.279825283016518, 6.485233595046704, 26.793524797453234, 27.802543108037362, 28.244598062559163, 6.243447532658386, 27.61368740109773, 27.35068433219958, 27.74554799215127, 27.43024068714344, 5.196133774169841, 13.398733291025497, 28.530514508648622, 29.509972514761643, 26.37166387656675, 27.759522035785213, 27.61479949029934, 27.603473332206576, 25.885334700731335, 28.986490696162242, 28.326089077058086, 13.621403439342938, 27.707890761787738, 27.014523103208397, 7.088013452098601, 28.936674659647906, 27.203136289618577, 29.613389051114886, 28.31880717644493, 9.977625809011752, 27.516428166297064, 27.05501801436926, 6.930582372625072, 27.12661201285642, 28.388108638439995, 22.877973680016357, 28.5006573018041, 27.780826424518445, 27.862398040876563, 27.786500170991502, 27.991478098470434, 26.30699874531816, 27.84258056610858, 10.524161999792025, 11.91606451326753, 27.43171032799506, 27.252358514084687, 29.036378292234346, 27.858605956912545, 27.562643192230077, 25.729906956527664, 26.519623820198003, 28.185214869870844, 27.907151477747643, 27.36749169814239, 27.64570115945413, 27.334306685883963, 26.65953596561909, 27.77138440883945, 27.56289170983828, 27.386937551749618, 27.69495738824169, 28.368500508247507, 27.75225416409839, 9.890558318450093, 26.80728147836923, 26.684127645620283, 17.66016716418404, 27.646687931933545, 27.67954226175108, 27.68363516197411, 27.97498041640276, 3.6178483455506805, 27.49599886631953, 27.20015579582409, 13.867924687803335, 29.59208046835359, 26.471079579552054, 26.778366556919973, 17.692574457797868, 28.510631749424185, 27.949807791458216, 27.471358561590254, 27.42476188107605, 26.71432094927149, 17.293733570725905, 27.995219027047515, 27.822470118939084, 17.273982994370648, 27.864106858476678, 28.41355069406359, 29.32074555306711, 27.065549969246845, 18.842649938240807, 27.972119432372608, 27.345456549363323, 27.01567525035465, 27.54858595042503, 7.442518884280626, 27.660548403790564, 27.516620832561316, 27.28086950522856, 29.45099679745811, 28.029156299992614, 27.260971110711033, 27.38336936625809, 25.620831606323204, 28.002392771131227, 28.564487150876964, 27.809055135551198, 26.30362929302566, 27.350585620755417, 27.657652039547102, 27.291757924362997, 27.466928411586828, 27.734486854671086, 27.44457372262764, 6.446343948542102, 14.422474988555486, 7.859503179183402, 10.677526331311565, 27.04084622178967, 27.266970579477125, 27.323594306961937, 28.475491354802145, 10.222962215285738, 10.158399432611647, 28.014605940784808, 27.803896875338673, 20.3894311703112, 29.639039409648085, 14.81011933168175, 26.85088316400445, 8.954086923632543, 29.053380629699127, 27.578010120935648, 26.228265048072977, 26.04429267223514, 27.97922503106831, 18.1709241446958, 28.8464379825894, 27.925650310864683, 28.253707050463788, 26.83862643480051, 24.757325017168736, 27.830877775088112, 27.76189406531678, 28.770159531837376, 27.531743306876688, 27.75630838850499, 27.92879536024245, 27.450344168511272, 27.335853698429883, 29.853297986136837, 26.444297373075756, 27.68773896460851, 26.46860320393892, 26.033002189709066, 27.527504390192963, 27.17710736052228, 28.325630949101196, 13.33707196378471, 26.802052035082937, 27.45717185275652, 25.86181894508555, 27.303367834526764, 29.916666666666664, 26.940627068261087, 27.755257503761204, 13.50377090703909, 27.46198530414876, 20.97339248205445, 28.766466098182644, 27.956687372163696, 28.05668046956416, 28.090953919072692, 27.358177565772735, 28.214768762388157, 27.43913080327465, 26.61172832131766, 27.902181951917616, 18.61255816032172, 26.515280429136432, 9.841428682210738, 27.535646078697436, 28.236250339995273, 28.24192397982799, 27.15990905141582, 28.748169416426837, 26.706823607505783, 27.436804380626505, 8.70521723761853, 26.878174896537807, 26.845626475370327, 27.348913106969988, 26.93408628546113, 28.35032172139793, 27.06081708809109, 28.15485742115282, 26.58697300313939, 16.92057469614272, 24.49758760976041, 10.254406561509512, 27.51576207848203, 26.861582703880828, 28.159470177970803, 28.24580558477262, 8.128121523750961, 13.902860262759695, 27.137505941284633, 8.179048775804551, 9.642334219051303, 8.92829137033869, 27.9644141797576, 15.475860145625637, 12.790947928375749, 26.95023344824716, 26.855825640956834, 26.46395271999849, 27.044406421440076, 28.731907037068854, 27.39229690514166, 27.255098351173576, 14.808629263432428, 26.308200473579667, 27.106267046577116, 26.61494848019465, 28.13668217319743, 27.327656213411018, 27.341340755379345, 27.153716908758497, 26.606442205453657, 29.05006282395693, 27.574547808993533, 19.160211363404525, 27.088178901742012, 27.882332160052627, 7.698994342181239, 26.884180333840984, 26.94889183912288, 28.037448117819725, 29.60324890170245, 27.21598397998932, 29.521378337313934, 27.82802120647136, 10.008832493209242, 28.43910331451943, 27.427420529216135, 6.448298770998277, 27.027889086260473, 27.072181599075783, 27.193764516872072, 7.809169021585399, 29.90057601288428, 28.995469958067353, 27.461025660889064, 27.983664563746174, 27.677924820534876, 27.19367810507776, 27.47752701534174, 21.35943153445744, 27.56387710686634, 27.330283429483206, 24.67769739609559, 28.507696293178917, 26.964069775742672, 28.114794464671846, 27.687032253319614, 26.79143770472026, 27.149487973027405, 14.763439589166849, 28.049653785887873, 27.182044415348088, 17.644720463646504, 27.793485276876723, 28.03767161520794, 28.180447753815695, 27.61838920938586, 29.35467229207598, 25.986533588622976, 20.70989433700357, 26.41684847426486, 26.88475713096151, 26.384718568039794, 27.714531412653624, 27.847103008997035, 19.920465381331972, 27.0457858068574, 27.05050485172854, 28.01634857279019]
control 2 lidar samples: [112, 112, 112, 112, 112, 64, 112, 112, 112, 80, 112, 80, 112, 112, 112, 112, 112, 112, 16, 112, 112, 112, 112, 112, 112, 112, 112, 48, 112, 112, 112, 112, 112, 80, 80, 112, 112, 112, 112, 112, 112, 112, 112, 112, 64, 112, 112, 112, 16, 112, 112, 112, 112, 112, 112, 112, 112, 112, 112, 112, 112, 112, 112, 112, 112, 112, 112, 112, 112, 48, 32, 112, 80, 112, 112, 112, 112, 112, 96, 112, 112, 64, 112, 32, 112, 112, 112, 112, 32, 112, 32, 112, 112, 112, 32, 112, 112, 112, 112, 112, 48, 112, 112, 112, 112, 112, 112, 112, 48, 112, 112, 112, 112, 16, 112, 112, 112, 112, 112, 112, 112, 112, 112, 112, 112, 112, 112, 112, 112, 112, 112, 112, 112, 112, 112, 112, 112, 112, 48, 48, 112, 112, 112, 112, 112, 112, 112, 112, 112, 112, 112, 64, 80, 112, 80, 112, 112, 112, 64, 80, 112, 112, 112, 64, 112, 112, 112, 112, 112, 64, 112, 112, 32, 112, 112, 96, 112, 16, 32, 112, 112, 112, 112, 112, 80, 112, 112, 112, 112, 112, 112, 112, 112, 112, 112, 112, 112, 112, 112, 112, 48, 112, 112, 112, 112, 80, 112, 112, 112, 112, 112, 16, 112, 112, 112, 16, 112, 112, 112, 112, 16, 64, 112, 112, 112, 112, 112, 112, 112, 112, 112, 48, 112, 112, 32, 112, 112, 112, 112, 32, 112, 112, 32, 112, 112, 96, 112, 112, 112, 112, 112, 112, 112, 48, 48, 112, 112, 112, 112, 112, 112, 112, 112, 112, 112, 112, 112, 112, 112, 112, 112, 112, 112, 112, 32, 112, 112, 64, 112, 112, 112, 112, 16, 112, 112, 48, 112, 112, 112, 64, 112, 112, 112, 112, 112, 80, 112, 112, 80, 112, 112, 112, 112, 80, 112, 112, 112, 112, 32, 112, 112, 112, 112, 112, 112, 112, 112, 112, 112, 112, 112, 112, 112, 112, 112, 112, 112, 16, 64, 32, 32, 112, 112, 112, 112, 32, 32, 112, 112, 80, 112, 64, 112, 32, 112, 112, 112, 112, 112, 80, 112, 112, 112, 112, 96, 112, 112, 112, 112, 112, 112, 112, 112, 112, 112, 112, 112, 112, 112, 112, 112, 48, 112, 112, 112, 112, 112, 112, 112, 48, 112, 80, 112, 112, 112, 112, 112, 112, 112, 112, 112, 80, 112, 32, 112, 112, 112, 112, 112, 112, 112, 32, 112, 112, 112, 112, 112, 112, 112, 112, 80, 96, 48, 112, 112, 112, 112, 32, 48, 112, 32, 32, 32, 112, 64, 64, 112, 112, 112, 112, 112, 112, 112, 64, 112, 112, 112, 112, 112, 112, 112, 112, 112, 112, 80, 112, 112, 32, 112, 112, 112, 112, 112, 112, 112, 32, 112, 112, 32, 112, 112, 112, 32, 112, 112, 112, 112, 112, 112, 112, 96, 112, 112, 96, 112, 112, 112, 112, 112, 112, 64, 112, 112, 80, 112, 112, 112, 112, 112, 112, 80, 112, 112, 112, 112, 112, 96, 112, 112, 112]
test collision: [0.0, 0.0, 0.0, 1.0, 0.0, 0.0, 0.0, 0.0, 0.0, 1.0, 0.0, 0.0, 0.0, 0.0, 0.0, 0.0, 0.0, 1.0, 0.0, 0.0, 0.0, 0.0, 0.0, 0.0, 0.0, 0.0, 0.0, 0.0, 0.0, 0.0, 1.0, 0.0, 0.0, 1.0, 0.0, 0.0, 0.0, 0.0, 0.0, 0.0, 0.0, 0.0, 1.0, 0.0, 0.0, 0.0, 0.0, 0.0, 0.0, 0.0, 0.0, 1.0, 1.0, 1.0, 1.0, 0.0, 0.0, 0.0, 0.0, 0.0, 1.0, 0.0, 0.0, 0.0, 0.0, 0.0, 0.0, 0.0, 0.0, 0.0, 0.0, 0.0, 0.0, 0.0, 1.0, 0.0, 1.0, 1.0, 0.0, 1.0, 0.0, 0.0, 1.0, 0.0, 0.0, 0.0, 0.0, 0.0, 1.0, 0.0, 0.0, 0.0, 0.0, 0.0, 0.0, 0.0, 0.0, 1.0, 0.0, 0.0, 0.0, 0.0, 0.0, 0.0, 0.0, 1.0, 0.0, 0.0, 0.0, 0.0, 0.0, 0.0, 0.0, 0.0, 1.0, 0.0, 0.0, 0.0, 0.0, 0.0, 0.0, 0.0, 0.0, 0.0, 0.0, 0.0, 0.0, 1.0, 0.0, 0.0, 0.0, 0.0, 0.0, 0.0, 0.0, 0.0, 1.0, 0.0, 0.0, 0.0, 0.0, 0.0, 0.0, 0.0, 0.0, 0.0, 0.0, 1.0, 0.0, 0.0, 0.0, 0.0, 0.0, 0.0, 0.0, 0.0, 0.0, 0.0, 0.0, 0.0, 0.0, 0.0, 0.0, 0.0, 0.0, 0.0, 0.0, 0.0, 0.0, 0.0, 1.0, 0.0, 0.0, 0.0, 1.0, 0.0, 0.0, 0.0, 0.0, 0.0, 0.0, 0.0, 0.0, 0.0, 0.0, 0.0, 0.0, 0.0, 0.0, 1.0, 0.0, 0.0, 1.0, 0.0, 0.0, 0.0, 0.0, 0.0, 1.0, 0.0, 0.0, 1.0, 0.0, 0.0, 0.0, 0.0, 0.0, 0.0, 0.0, 1.0, 0.0, 0.0, 0.0, 0.0, 0.0, 0.0, 0.0, 1.0, 0.0, 0.0, 0.0, 1.0, 0.0, 1.0, 0.0, 0.0, 0.0, 0.0, 0.0, 1.0, 0.0, 1.0, 0.0, 0.0, 0.0, 0.0, 0.0, 0.0, 0.0, 0.0, 0.0, 0.0, 0.0, 0.0, 0.0, 0.0, 1.0, 1.0, 0.0, 1.0, 0.0, 0.0, 1.0, 0.0, 0.0, 0.0, 0.0, 0.0, 0.0, 0.0, 0.0, 0.0, 0.0, 1.0, 1.0, 0.0, 0.0, 0.0, 1.0, 0.0, 0.0, 0.0, 0.0, 0.0, 0.0, 0.0, 0.0, 0.0, 1.0, 0.0, 0.0, 0.0, 0.0, 0.0, 0.0, 0.0, 0.0, 0.0, 0.0, 0.0, 1.0, 0.0, 0.0, 0.0, 0.0, 1.0, 0.0, 1.0, 0.0, 1.0, 0.0, 1.0, 0.0, 1.0, 1.0, 0.0, 0.0, 1.0, 1.0, 1.0, 0.0, 1.0, 0.0, 0.0, 1.0, 0.0, 0.0, 0.0, 0.0, 0.0, 0.0, 1.0, 1.0, 0.0, 0.0, 0.0, 0.0, 0.0, 1.0, 0.0, 0.0, 1.0, 0.0, 0.0, 1.0, 0.0, 0.0, 0.0, 0.0, 0.0, 0.0, 0.0, 0.0, 0.0, 0.0, 1.0, 0.0, 0.0, 0.0, 0.0, 0.0, 0.0, 0.0, 1.0, 0.0, 0.0, 0.0, 0.0, 0.0, 0.0, 0.0, 0.0, 0.0, 0.0, 0.0, 1.0, 0.0, 1.0, 0.0, 0.0, 0.0, 0.0, 0.0, 0.0, 0.0, 0.0, 0.0, 0.0, 1.0, 0.0, 0.0, 0.0, 0.0, 0.0, 0.0, 0.0, 0.0, 0.0, 0.0, 0.0, 0.0, 0.0, 0.0, 0.0, 0.0, 1.0, 0.0, 0.0, 0.0, 0.0, 1.0, 0.0, 0.0, 0.0, 0.0, 1.0, 0.0, 0.0, 0.0, 0.0, 0.0, 0.0, 1.0, 0.0, 0.0, 0.0, 0.0, 0.0, 0.0, 0.0, 0.0, 0.0, 0.0, 0.0, 1.0, 0.0, 0.0, 0.0, 0.0, 0.0, 0.0, 0.0, 0.0, 0.0, 0.0, 0.0, 0.0, 1.0, 1.0, 0.0, 0.0, 0.0, 0.0, 0.0, 0.0, 0.0, 0.0, 0.0, 0.0, 0.0, 1.0, 0.0, 0.0, 1.0, 0.0, 0.0, 0.0, 0.0, 1.0, 0.0, 0.0, 0.0, 0.0, 1.0, 1.0, 0.0, 0.0, 0.0, 1.0, 0.0, 0.0, 0.0, 0.0, 0.0, 0.0, 0.0, 1.0, 0.0, 0.0, 0.0, 0.0, 0.0, 1.0, 1.0, 0.0, 1.0, 1.0, 0.0, 0.0, 1.0, 0.0, 0.0, 0.0, 0.0, 0.0, 0.0, 0.0, 0.0, 0.0, 0.0]
test rewards: [29.05839796853202, 29.365964207605547, 29.391631249304933, 8.493579618661563, 28.51675314366856, 28.134984950972594, 27.86857900751505, 29.85603065877216, 27.323910754794795, 9.499143524055526, 29.008935367294267, 24.08709383872722, 28.864883354915385, 27.57949726764337, 28.436704234329518, 28.81953853412986, 27.99898333998505, 27.394538922659333, 28.70202549685461, 28.982200055185846, 27.56380554351026, 29.26934051140151, 29.900100947705326, 28.384344133692, 29.376404169278544, 27.651578855060453, 29.673891160793744, 27.80713517759601, 29.311111614341478, 26.856968573538822, 6.387812183910194, 28.27085457674223, 28.877067584090053, 10.25080654312199, 27.828667984480013, 27.99199128986163, 29.63962942093812, 28.816588335832883, 29.316211774288867, 29.400442860226168, 29.73342404228337, 29.002435194263427, 6.337460109794023, 27.758527035765788, 29.162552736052223, 29.79240217399451, 28.59033583771949, 28.997576695059593, 29.455013635521443, 28.758633817948933, 28.31612755648435, 25.69744038924962, 17.694169614992244, 25.885490903479365, 3.8333333333333335, 28.05649702694297, 28.269685739098044, 27.95764937963666, 28.354360768642124, 29.32226815389773, 12.31020248422183, 28.311463175316067, 29.216125868893425, 28.189235239061983, 29.235310997803072, 27.41055556842411, 27.99824564391425, 29.648261131558364, 28.957012041295656, 28.50890860999928, 28.90909354453686, 29.049552265689496, 29.590425180398856, 28.43158513588238, 24.837601489747446, 29.637494762757097, 16.636692351792767, 17.580283196245297, 28.78796584394847, 26.0011540636731, 27.864603564426044, 28.66252211306782, 12.200893063524802, 28.76008716422639, 27.318393979431917, 28.409462174996438, 28.734760108532708, 27.91357427285904, 18.096802999986966, 27.74468729167576, 28.722537247133975, 28.209026742192478, 29.178575475641093, 27.52272416547916, 28.506661301571423, 27.689792884806806, 28.69664909196186, 25.844864401603388, 28.00634563709344, 28.857721148404977, 29.875134509274375, 29.263518050735325, 28.368275896317556, 29.013731588359278, 27.506057661237755, 20.13098108303332, 27.769923667653032, 26.640657000738067, 28.253716007258202, 28.51475990445573, 28.343089138552315, 27.820895225853263, 28.8828824595903, 28.65099103020849, 19.62048489289408, 28.95417817124555, 28.06783456201319, 28.222621015594648, 28.925790136992156, 28.87031783931851, 29.916666666666668, 28.458781336959714, 28.128044694784787, 29.301794603020628, 29.023646881623314, 27.900371086350784, 29.096012369878895, 16.36407789566227, 28.32646160103842, 28.071660216991013, 27.076340838639275, 27.879918780292048, 28.52484820978775, 28.510102265175714, 28.273239842093492, 27.147969584216476, 9.862726030288059, 28.499713815943455, 28.978914908824557, 28.839678014723265, 26.99168984953554, 27.343868332992724, 28.37166488227261, 28.83026108045341, 28.72548147073695, 28.425930547006875, 27.516658979753075, 20.383606073626765, 29.364263681237702, 29.099314361922346, 29.17904185910549, 28.84476914521462, 29.238834976913903, 28.455997465802678, 28.66515495656296, 27.739175905394465, 28.79769259564085, 27.50085549818465, 28.5885955272693, 28.624010951699375, 27.062454812590953, 29.19389565287959, 28.34139498347234, 29.916666666666664, 29.106301333058987, 28.52719661805964, 28.88120546248407, 28.016734897577386, 29.916666666666664, 28.07816936992614, 23.897504655590097, 27.39401929340134, 28.720934232828647, 26.917097140067455, 14.934503861567098, 26.761293006215258, 29.395317363150838, 28.010822292041755, 27.225741400195616, 29.916666666666664, 27.952126068845264, 28.00428557493403, 27.832317211466787, 28.65513763848075, 27.959333899371362, 29.782838895840115, 29.003691371653574, 28.679299883750467, 28.498207541934807, 5.24977547431227, 28.98199752394971, 29.36244648851715, 24.76411424750645, 28.418359367590863, 27.77874062513033, 28.464921295738932, 28.033707742918516, 27.06957205527859, 13.206223386042359, 27.989954534832474, 28.22665880289225, 26.221848261039668, 27.83906870487366, 28.009042634690882, 28.01493999347191, 26.70668273172653, 29.2822978620369, 27.768873928546455, 29.376097506356125, 10.109678609526723, 27.607621393401395, 28.49404155958021, 28.157323570777418, 27.259850387512557, 28.566063906734033, 27.496317649700014, 28.813713067310836, 15.800951422734379, 27.54711441752314, 28.082127217329845, 27.06189837617235, 12.280138372152646, 28.544354100657376, 11.939801344216184, 28.67895064929049, 27.72357430943434, 28.253673547689907, 29.13558833270845, 29.12020270955719, 12.641608776326663, 28.292170281040327, 22.388670070038334, 29.25166402342587, 28.561895100452407, 29.53319549705613, 29.12941571610315, 27.839273994109746, 29.15445991124685, 27.953048328122208, 29.00426788059619, 26.39281118765608, 29.845526345362124, 28.041045624540367, 29.226829709962868, 27.907769062955502, 27.57986288248898, 26.493290823800507, 17.192403760319344, 27.96604189129822, 8.399411003119749, 29.132445437169455, 29.16178819565659, 19.144549785848923, 28.268415235652164, 28.529911014172907, 26.964925451039417, 27.98463503720219, 28.44739848344919, 28.23815839889072, 28.98781139655346, 28.43118926282978, 28.467149196182735, 26.937744309432507, 10.644134290494367, 20.058377979815422, 28.95951825243376, 28.31620670530137, 28.743928939023426, 6.3944310491600245, 29.406989929762847, 28.828446035701518, 29.346939305511157, 27.57757745970798, 27.31241213504132, 28.012280332201634, 28.792149162584813, 27.798580459608516, 28.239464012625994, 5.603729288487708, 28.92604903606785, 29.555145112675042, 29.28314975674162, 29.49889775170389, 27.610706917875333, 29.629304839442483, 28.262094572335922, 28.768693342015577, 28.786732358298483, 29.84359093151549, 28.80239522131264, 3.666666666666667, 28.707470330608498, 28.312533368916206, 28.693032630549652, 28.590903581370434, 16.406865686448935, 27.003604183451724, 11.56725233343112, 28.660728669197237, 8.912379872019843, 28.368815773783467, 20.289055798954703, 29.19502044290437, 16.068942767274955, 22.983437861463837, 26.760883813715438, 27.468841317983248, 26.100504496895354, 13.995214754382836, 26.784744812159346, 29.916666666666664, 13.819793962000054, 29.05290941423268, 29.432045085634964, 11.501091820260513, 28.30927827639612, 29.345564027074168, 24.74817718875834, 26.717662859992135, 27.379178289854217, 26.342375901033662, 24.003774376615922, 12.907386803157424, 28.3374653045356, 28.527195351390844, 29.820336265949514, 28.23335661589865, 29.508649013686338, 7.8273382038316575, 29.253453277499847, 28.56411687806004, 11.4133103534555, 26.511737408380487, 28.478871168263304, 23.297212188314194, 27.394916277458954, 26.97437094399176, 28.970671132404036, 28.386239211867544, 28.708386246636696, 28.46585100903976, 28.213319497196355, 28.484319300392965, 28.187175583576465, 26.037916162204056, 25.905377052305276, 27.938476636629947, 28.505999961904873, 28.714690500433033, 27.479720255896396, 26.36962958112498, 27.76297779895755, 26.755902979628086, 3.9793350714941544, 28.771270778948843, 27.164824990996788, 27.824652210122437, 29.721141028952353, 28.87977141556281, 28.65937570718648, 28.66449590761515, 28.232133762765855, 27.18935675409142, 28.800234572299576, 27.54624913822768, 9.874861998862205, 29.1412450401931, 18.611015817839068, 28.633239147341385, 26.373203969950335, 29.41949809075296, 28.277729799453358, 28.806164660823512, 28.156074086800007, 28.34333289379207, 27.90143537663417, 29.312466327187895, 28.541855818744907, 6.907213944663578, 28.187178398842466, 27.34620410923009, 27.98581174164077, 29.838945071008524, 29.369229262372706, 28.04753460478961, 28.029703409583764, 28.654243730474676, 28.710014570827585, 27.830358129690588, 27.653912325222244, 28.09922536863611, 28.261322655565817, 28.077218095463948, 27.90069532859252, 29.28832309055154, 10.508666011835558, 28.257423469217912, 29.638762805846092, 28.815598548650165, 28.40017583625337, 5.96871672772424, 27.15154030862664, 28.690598339891793, 28.738220278412047, 28.460565723178973, 9.527408365581968, 28.27103894743793, 28.326410626390118, 27.58594053190337, 27.996265254876185, 28.80012513691747, 28.23269619956355, 8.18586323355239, 26.402687106177787, 27.460109468815695, 27.245367839996643, 27.90303147052024, 27.712138790559298, 29.55047602442832, 27.813337685968328, 28.84386382142967, 28.565507923314055, 28.637105690855446, 28.82503371394787, 7.650306120478769, 28.0411354544261, 28.416172108864885, 27.359711629771308, 28.102814084426548, 29.081607914862293, 28.27799616536799, 28.14963437209963, 29.006142870713607, 29.4059722741633, 27.39878918796314, 29.213158267311602, 27.92651550179529, 7.76976424182293, 13.484675747201226, 29.851661913758136, 27.9465483189117, 28.072460426356372, 28.498226760244084, 27.91859359725916, 29.116628233152802, 29.359821994288637, 28.069662536198077, 28.713045328163354, 28.930626091153187, 28.197226404190275, 19.742626533780584, 28.63517330572808, 28.08232079208076, 8.246150565505827, 27.545904486351393, 28.732988567163563, 28.531784569987977, 27.969350619063935, 9.974284298165783, 28.396238877834683, 29.46371523111098, 28.97778609325611, 26.575028318637393, 10.143629144029365, 23.537653646899642, 28.83090506934366, 28.660811720256067, 27.449804396248382, 13.032141113668152, 27.94674520760369, 28.24335936131038, 27.884975134694066, 28.175685338389254, 29.39986416851905, 27.850548727127496, 28.093813567621787, 18.37332709476118, 27.892994714919734, 27.55519476644951, 28.227212150446668, 28.37879357710552, 28.791124751477472, 21.07216704193692, 3.6273806876915335, 28.82700498504925, 16.93918996797564, 9.760461339490247, 28.640321657001202, 27.270811659666684, 16.073738607738555, 27.242571068781274, 27.342912828441367, 27.9786800515059, 28.824110949413758, 28.468874400034203, 28.36583903822395, 28.88442292078435, 28.176159655443048, 27.127398556608483, 27.99260708571773]
test lidar samples: [142, 151, 143, 40, 137, 147, 138, 144, 139, 43, 130, 150, 143, 147, 148, 137, 139, 143, 135, 146, 134, 134, 149, 147, 139, 149, 136, 148, 142, 148, 38, 147, 140, 60, 145, 137, 137, 139, 136, 134, 132, 135, 21, 141, 145, 151, 142, 140, 132, 141, 135, 152, 87, 152, 16, 141, 142, 138, 141, 147, 59, 143, 150, 142, 145, 144, 144, 138, 141, 142, 139, 133, 133, 141, 131, 138, 78, 105, 140, 141, 139, 139, 60, 142, 146, 154, 136, 150, 105, 149, 144, 135, 136, 152, 133, 142, 134, 151, 140, 141, 141, 141, 149, 153, 137, 107, 142, 154, 140, 141, 149, 139, 145, 143, 104, 143, 147, 144, 148, 135, 141, 144, 155, 138, 135, 157, 142, 80, 146, 145, 152, 141, 144, 141, 150, 144, 57, 147, 138, 136, 148, 140, 135, 149, 136, 134, 147, 104, 139, 141, 140, 138, 140, 146, 153, 148, 141, 147, 129, 144, 151, 134, 135, 147, 147, 133, 137, 133, 142, 145, 123, 144, 138, 145, 84, 142, 138, 145, 142, 143, 148, 137, 143, 141, 145, 134, 146, 148, 143, 19, 135, 137, 147, 142, 152, 145, 136, 158, 83, 145, 145, 146, 148, 145, 141, 148, 141, 138, 151, 44, 142, 165, 146, 147, 150, 143, 138, 86, 138, 141, 149, 59, 145, 61, 152, 152, 144, 141, 153, 63, 145, 124, 141, 146, 135, 143, 149, 146, 143, 146, 147, 138, 143, 141, 148, 148, 146, 103, 151, 41, 143, 134, 106, 141, 150, 138, 141, 142, 145, 142, 140, 146, 150, 59, 103, 142, 144, 140, 22, 133, 144, 145, 147, 148, 156, 143, 138, 147, 18, 139, 144, 141, 143, 149, 144, 153, 138, 145, 132, 140, 16, 140, 140, 148, 137, 81, 152, 59, 139, 40, 145, 100, 139, 83, 132, 148, 142, 143, 83, 149, 146, 62, 145, 143, 58, 153, 143, 148, 140, 152, 139, 126, 61, 141, 141, 139, 145, 141, 43, 153, 139, 63, 135, 153, 125, 139, 144, 150, 154, 152, 148, 145, 145, 155, 152, 141, 137, 145, 141, 151, 144, 148, 144, 18, 140, 141, 146, 148, 143, 154, 147, 145, 141, 134, 144, 42, 138, 101, 134, 144, 137, 148, 141, 144, 143, 137, 132, 150, 39, 141, 152, 141, 138, 141, 144, 148, 144, 139, 145, 151, 139, 140, 147, 141, 139, 61, 133, 144, 147, 138, 19, 144, 146, 136, 148, 58, 150, 145, 149, 143, 149, 144, 39, 139, 154, 141, 146, 148, 133, 144, 146, 143, 140, 127, 39, 141, 141, 148, 134, 139, 154, 139, 133, 144, 146, 143, 148, 40, 62, 144, 135, 149, 147, 146, 147, 135, 145, 144, 135, 132, 105, 145, 135, 41, 132, 138, 135, 133, 39, 142, 147, 146, 151, 56, 134, 142, 144, 144, 66, 140, 138, 143, 136, 143, 141, 138, 104, 146, 139, 145, 150, 140, 104, 16, 137, 99, 43, 135, 140, 80, 144, 145, 144, 154, 138, 143, 136, 154, 149, 142]
*******************************************************************************
Aggregated Data:
total control 1 collisions: 76.0
ave. control 1 rew: 26.203864453004645
ave. control 1 lidar samples per sec: 16.0
std control 1 lidar_samples per sec: 0.0
total control 2 collisions: 169.0
ave. control 2 rew: 24.91575969413572
ave. control 2 lidar samples per sec:  3.689030915854208
std control 2 lidar samples per sec: 0.22391276135261787
total test collisions: 84.0
ave. test rew: 26.129363861580753
ave. test lidar samples per sec: 4.705220082836233
std test lidar samples per sec: 0.30117586180903827
*******************************************************************************
Runtime Data:
control 1 runtime: 15338.900553941727
control 2 runtime: 15546.802052021027
test runtime: 15318.682643651962
control 1 simulated time: 14040.0
control 2 simulated time: 13574.0
test simulated time: 13934.0
