*******************************************************************************
Experimental Setup
Simulation Frequency: 5
Policy Frequency: 1
Lidar Frequency: 0.5
Number of Episodes: 250
*******************************************************************************
*******************************************************************************
Control Group 1
Agent Budget: 50
Agent Gamma: 0.9
Sensing Policy: Constant at 1 Hz
*******************************************************************************
Episode # | Total Rew. | If Crashed | Lidar Samples
0,27.29,False,480
1,16.96,True,304
2,28.75,False,480
3,28.76,False,480
4,28.02,False,480
5,28.39,False,480
6,29.28,False,480
7,29.00,False,480
8,28.24,False,480
9,27.69,False,480
10,27.52,False,480
11,26.93,False,480
12,29.40,False,480
13,13.04,True,256
14,27.77,False,480
15,29.15,False,480
16,29.50,False,480
17,27.34,False,480
18,14.73,True,288
19,28.88,False,480
20,29.67,False,480
21,27.07,False,480
22,28.14,False,480
23,24.86,False,480
24,26.65,False,480
25,28.06,False,480
26,25.34,False,480
27,26.67,False,480
28,8.48,True,176
29,27.65,False,480
30,12.06,True,240
31,27.79,False,480
32,29.84,False,480
33,28.79,False,480
34,7.23,True,144
35,28.34,False,480
36,10.28,True,192
37,28.65,False,480
38,28.29,False,480
39,29.72,False,480
40,27.99,False,480
41,18.99,True,368
42,27.63,False,480
43,27.30,False,480
44,13.87,True,256
45,26.04,False,480
46,29.84,False,480
47,27.31,False,480
48,10.23,True,208
49,28.25,False,480
50,29.13,False,480
51,28.88,False,480
52,26.86,False,480
53,27.19,False,480
54,28.68,False,480
55,28.43,False,480
56,28.90,False,480
57,29.54,False,480
58,29.75,False,480
59,28.26,False,480
60,28.62,False,480
61,20.20,True,384
62,27.45,False,480
63,21.19,True,400
64,27.22,False,480
65,28.45,False,480
66,27.96,False,480
67,29.27,False,480
68,28.55,False,480
69,28.51,False,480
70,27.80,False,480
71,10.77,True,208
72,28.17,False,480
73,26.74,False,480
74,29.48,False,480
75,29.49,False,480
76,28.71,False,480
77,5.88,True,112
78,28.40,False,480
79,28.97,False,480
80,27.38,False,480
81,22.95,True,448
82,29.11,False,480
83,28.95,False,480
84,27.46,False,480
85,28.18,False,480
86,27.58,False,480
87,29.71,False,480
88,27.42,False,480
89,27.47,False,480
90,27.27,False,480
91,28.15,False,480
92,29.37,False,480
93,26.76,False,480
94,29.39,False,480
95,9.47,True,192
96,27.04,False,480
97,12.37,True,224
98,25.87,False,480
99,27.56,False,480
100,29.54,False,480
101,25.11,True,448
102,27.43,False,480
103,5.86,True,112
104,29.82,False,480
105,28.21,False,480
106,27.88,False,480
107,28.44,False,480
108,28.15,False,480
109,29.18,False,480
110,21.81,True,400
111,29.17,False,480
112,28.88,False,480
113,27.90,False,480
114,27.92,False,480
115,27.34,False,480
116,29.26,False,480
117,25.98,False,480
118,12.47,True,224
119,28.70,False,480
120,25.59,False,480
121,29.73,False,480
122,28.24,False,480
123,29.72,False,480
124,28.23,False,480
125,27.96,False,480
126,29.22,False,480
127,29.06,False,480
128,9.11,True,176
129,26.77,False,480
130,27.07,False,480
131,27.19,False,480
132,28.67,False,480
133,27.19,False,480
134,28.07,False,480
135,27.15,False,480
136,28.60,False,480
137,27.53,False,480
138,28.70,False,480
139,29.01,False,480
140,5.79,True,112
141,29.60,False,480
142,27.80,False,480
143,29.62,False,480
144,28.23,False,480
145,28.34,False,480
146,28.68,False,480
147,29.81,False,480
148,28.68,False,480
149,28.52,False,480
150,29.67,False,480
151,13.80,True,272
152,23.98,True,432
153,29.14,False,480
154,27.34,False,480
155,28.93,False,480
156,28.18,False,480
157,28.08,False,480
158,16.97,True,336
159,26.63,False,480
160,29.66,False,480
161,28.09,False,480
162,29.92,False,480
163,29.12,False,480
164,27.96,False,480
165,23.83,True,448
166,27.85,False,480
167,28.86,False,480
168,27.71,False,480
169,28.83,False,480
170,28.36,False,480
171,27.96,False,480
172,29.45,False,480
173,28.06,False,480
174,27.82,False,480
175,5.58,True,112
176,27.64,False,480
177,29.19,False,480
178,15.45,True,272
179,28.38,False,480
180,28.76,False,480
181,29.58,False,480
182,19.82,True,368
183,27.85,False,480
184,28.98,False,480
185,28.30,False,480
186,26.07,False,480
187,27.97,False,480
188,25.04,False,480
189,28.48,False,480
190,27.83,False,480
191,27.63,False,480
192,28.65,False,480
193,27.56,False,480
194,26.24,False,480
195,27.24,False,480
196,27.55,False,480
197,28.44,False,480
198,27.49,False,480
199,28.14,False,480
200,28.89,False,480
201,28.16,False,480
202,28.62,False,480
203,27.36,False,480
204,28.64,False,480
205,29.69,False,480
206,28.17,False,480
207,27.32,False,480
208,26.32,False,480
209,28.13,False,480
210,29.89,False,480
211,27.82,False,480
212,9.48,True,192
213,29.14,False,480
214,28.48,False,480
215,4.46,True,96
216,28.98,False,480
217,29.82,False,480
218,28.70,False,480
219,27.63,False,480
220,28.40,False,480
221,7.02,True,144
222,29.17,False,480
223,28.07,False,480
224,27.51,False,480
225,27.80,False,480
226,27.66,False,480
227,27.94,False,480
228,27.94,False,480
229,27.66,False,480
230,29.24,False,480
231,28.56,False,480
232,29.17,False,480
233,27.29,False,480
234,28.12,False,480
235,27.79,False,480
236,27.86,False,480
237,28.85,False,480
238,12.18,True,224
239,27.49,False,480
240,27.51,False,480
241,26.47,False,480
242,28.26,False,480
243,28.47,False,480
244,28.68,False,480
245,29.28,False,480
246,27.14,False,480
247,29.35,False,480
248,4.98,True,112
249,29.34,False,480
*******************************************************************************
Control Group 2
Agent Budget: 50
Agent Gamma: 0.9
Sensing Policy: Constant at 0.5 Hz
*******************************************************************************
Episode # | Total Rew. | If Crashed | Lidar Samples
0,3.77,True,32
1,5.34,True,48
2,16.79,True,144
3,3.23,True,32
4,5.97,True,48
5,8.04,True,80
6,6.51,True,64
7,2.88,True,32
8,5.91,True,64
9,1.17,True,16
10,16.79,True,144
11,3.79,True,32
12,5.78,True,64
13,7.06,True,64
14,8.51,True,64
15,8.14,True,80
16,11.42,True,96
17,2.86,True,32
18,2.43,True,32
19,4.28,True,32
20,2.26,True,32
21,13.02,True,128
22,5.10,True,64
23,16.58,True,144
24,8.51,True,80
25,2.88,True,32
26,11.92,True,112
27,2.40,True,32
28,5.97,True,64
29,6.49,True,64
30,7.36,True,64
31,1.96,True,16
32,2.59,True,16
33,9.04,True,80
34,4.92,True,48
35,3.33,True,32
36,7.05,True,64
37,2.84,True,32
38,4.29,True,48
39,5.57,True,48
40,2.26,True,32
41,1.19,True,16
42,2.58,True,16
43,3.17,True,32
44,8.54,True,80
45,17.83,True,160
46,1.17,True,16
47,2.58,True,16
48,13.66,True,112
49,4.00,True,48
50,4.82,True,48
51,2.09,True,16
52,4.35,True,48
53,2.64,True,16
54,7.18,True,64
55,7.88,True,80
56,4.27,True,48
57,2.10,True,16
58,1.17,True,16
59,4.51,True,48
60,6.53,True,48
61,5.01,True,48
62,15.69,True,144
63,2.52,True,32
64,3.17,True,32
65,2.84,True,32
66,15.68,True,144
67,27.37,True,240
68,6.15,True,64
69,3.93,True,32
70,3.98,True,48
71,2.85,True,32
72,5.69,True,48
73,2.85,True,32
74,6.15,True,64
75,14.65,True,128
76,2.66,True,16
77,19.79,True,176
78,4.69,True,32
79,28.34,False,240
80,3.98,True,48
81,4.28,True,48
82,20.04,True,176
83,6.19,True,48
84,5.42,True,48
85,12.34,True,96
86,11.85,True,112
87,9.38,True,80
88,17.08,True,160
89,3.72,True,32
90,2.38,True,16
91,11.97,True,112
92,17.23,True,144
93,2.81,True,32
94,10.23,True,96
95,2.27,True,32
96,2.76,True,32
97,1.17,True,16
98,1.17,True,16
99,6.27,True,48
100,7.99,True,80
101,1.17,True,16
102,9.35,True,80
103,2.71,True,16
104,2.29,True,32
105,2.08,True,16
106,2.08,True,16
107,4.68,True,32
108,5.52,True,64
109,4.67,True,32
110,5.19,True,64
111,4.27,True,48
112,7.00,True,64
113,2.56,True,16
114,2.14,True,16
115,2.62,True,16
116,3.80,True,32
117,3.99,True,48
118,2.86,True,32
119,2.87,True,32
120,4.42,True,32
121,16.88,True,160
122,1.18,True,16
123,8.60,True,80
124,3.74,True,32
125,6.39,True,64
126,1.16,True,16
127,1.94,True,16
128,3.27,True,32
129,4.16,True,32
130,5.10,True,64
131,5.30,True,48
132,3.98,True,48
133,1.17,True,16
134,12.77,True,112
135,5.88,True,64
136,3.93,True,48
137,4.50,True,48
138,10.74,True,96
139,15.57,True,144
140,1.19,True,16
141,2.25,True,16
142,8.17,True,64
143,4.00,True,48
144,5.31,True,64
145,13.72,True,128
146,1.93,True,16
147,7.17,True,64
148,8.09,True,80
149,5.84,True,64
150,8.16,True,80
151,6.70,True,48
152,1.17,True,16
153,1.95,True,16
154,1.16,True,16
155,10.15,True,96
156,6.09,True,64
157,10.79,True,96
158,9.37,True,80
159,8.89,True,80
160,7.36,True,80
161,7.75,True,80
162,4.28,True,32
163,2.26,True,32
164,9.59,True,80
165,2.51,True,16
166,3.17,True,32
167,1.17,True,16
168,3.17,True,32
169,1.17,True,16
170,2.87,True,32
171,1.93,True,16
172,2.28,True,32
173,15.32,True,144
174,6.27,True,64
175,9.72,True,96
176,3.97,True,48
177,19.12,True,176
178,3.99,True,48
179,8.65,True,64
180,1.17,True,16
181,4.49,True,48
182,6.68,True,64
183,2.82,True,32
184,6.54,True,48
185,8.19,True,80
186,14.90,True,128
187,6.43,True,64
188,5.84,True,64
189,10.17,True,96
190,19.03,True,176
191,2.66,True,32
192,8.63,True,64
193,2.61,True,16
194,2.86,True,32
195,2.26,True,32
196,1.16,True,16
197,9.27,True,80
198,3.96,True,48
199,4.33,True,48
200,4.74,True,48
201,3.99,True,48
202,4.50,True,32
203,12.10,True,112
204,10.10,True,96
205,10.90,True,96
206,2.26,True,32
207,4.34,True,32
208,9.75,True,80
209,1.17,True,16
210,5.77,True,64
211,3.83,True,32
212,13.62,True,128
213,8.29,True,80
214,11.00,True,112
215,8.64,True,64
216,8.31,True,80
217,2.54,True,32
218,4.92,True,48
219,5.26,True,64
220,13.14,True,128
221,6.55,True,48
222,2.47,True,16
223,15.96,True,144
224,3.57,True,32
225,3.28,True,32
226,10.65,True,96
227,3.99,True,48
228,4.27,True,48
229,24.90,True,208
230,2.45,True,32
231,6.71,True,64
232,1.17,True,16
233,6.71,True,48
234,3.87,True,32
235,7.88,True,80
236,2.64,True,16
237,7.11,True,64
238,20.61,True,160
239,3.67,True,32
240,9.12,True,80
241,1.93,True,16
242,2.70,True,16
243,3.09,True,32
244,5.87,True,64
245,2.53,True,16
246,5.07,True,48
247,13.25,True,112
248,4.71,True,32
249,2.46,True,16
*******************************************************************************
Test Group
Agent Budget: 50
Agent Gamma: 0.9
Sensing Policy: Adaptive at 0.5 Hz
*******************************************************************************
Episode # | Total Rew. | If Crashed | Lidar Samples
0,7.18,True,72
1,8.50,True,91
2,28.66,False,255
3,27.95,False,267
4,28.32,False,264
5,27.52,False,261
6,25.24,False,267
7,28.86,False,261
8,29.25,False,252
9,22.25,True,217
10,27.08,False,266
11,28.03,False,266
12,8.01,True,68
13,29.31,False,250
14,28.18,False,263
15,28.13,False,259
16,29.22,False,266
17,29.24,False,268
18,28.33,False,259
19,8.44,True,73
20,29.11,False,261
21,28.99,False,264
22,27.53,False,269
23,24.22,True,247
24,29.23,False,263
25,27.50,False,268
26,28.32,False,263
27,29.44,False,261
28,29.06,False,260
29,29.70,False,255
30,28.60,False,264
31,28.45,False,268
32,27.97,False,263
33,7.51,True,72
34,29.02,False,262
35,28.25,False,267
36,27.38,False,258
37,28.18,False,266
38,28.30,False,262
39,29.72,False,251
40,28.70,False,264
41,27.82,False,260
42,28.33,False,260
43,29.88,False,262
44,28.98,False,254
45,29.26,False,262
46,28.26,False,262
47,21.47,True,212
48,29.50,False,262
49,28.79,False,265
50,28.03,False,264
51,28.43,False,261
52,28.84,False,258
53,24.69,False,270
54,28.89,False,274
55,28.78,False,265
56,27.68,False,265
57,27.19,False,267
58,11.26,True,121
59,28.98,False,267
60,10.10,True,87
61,6.21,True,70
62,27.44,False,266
63,27.17,False,262
64,29.83,False,264
65,27.36,False,268
66,27.36,False,263
67,28.54,False,264
68,28.27,False,273
69,28.08,False,267
70,27.67,False,261
71,29.50,False,255
72,29.56,False,255
73,27.39,False,263
74,28.58,False,268
75,11.40,True,105
76,29.13,False,257
77,28.22,False,255
78,28.31,False,269
79,29.83,False,264
80,28.64,False,267
81,29.65,False,265
82,27.78,False,261
83,27.42,False,265
84,29.08,False,262
85,27.64,False,268
86,9.42,True,88
87,10.70,True,103
88,27.81,False,261
89,28.46,False,260
90,28.77,False,269
91,27.60,False,276
92,28.25,False,260
93,29.15,False,261
94,27.73,False,263
95,29.09,False,253
96,27.91,False,268
97,28.84,False,263
98,27.99,False,264
99,29.56,False,259
100,28.26,False,260
101,27.82,False,263
102,29.69,False,256
103,28.37,False,264
104,28.15,False,265
105,27.86,False,260
106,19.79,True,191
107,27.91,False,256
108,28.64,False,252
109,28.10,False,265
110,29.22,False,259
111,28.40,False,276
112,28.55,False,268
113,27.70,False,264
114,28.58,False,257
115,28.01,False,255
116,28.84,False,266
117,28.79,False,255
118,29.35,False,264
119,6.19,True,53
120,28.79,False,264
121,29.01,False,268
122,28.65,False,266
123,14.99,True,144
124,29.54,False,258
125,28.15,False,259
126,27.23,False,266
127,27.96,False,267
128,28.08,False,264
129,28.28,False,265
130,28.55,False,259
131,29.49,False,255
132,21.74,True,214
133,28.95,False,265
134,27.59,False,266
135,22.43,True,222
136,27.90,False,271
137,28.62,False,267
138,29.59,False,262
139,14.87,True,142
140,29.85,False,256
141,29.51,False,256
142,29.82,False,258
143,20.91,True,217
144,28.76,False,266
145,27.82,False,260
146,28.01,False,257
147,27.71,False,261
148,28.63,False,256
149,17.08,True,159
150,29.30,False,252
151,28.91,False,265
152,11.58,True,105
153,28.00,False,272
154,29.12,False,259
155,11.88,True,122
156,28.71,False,265
157,29.53,False,259
158,26.93,False,260
159,29.39,False,262
160,28.87,False,264
161,28.49,False,266
162,28.10,False,262
163,26.47,False,268
164,28.31,False,261
165,27.70,False,260
166,27.52,False,269
167,29.36,False,262
168,27.43,False,267
169,29.73,False,264
170,28.71,False,259
171,27.81,False,262
172,28.34,False,259
173,29.17,False,272
174,28.50,False,263
175,28.18,False,269
176,19.87,True,200
177,28.39,False,262
178,29.37,False,269
179,28.52,False,260
180,15.03,True,158
181,27.91,False,264
182,28.94,False,265
183,28.44,False,264
184,9.47,True,88
185,29.32,False,262
186,28.85,False,266
187,28.08,False,261
188,28.73,False,258
189,28.52,False,262
190,29.06,False,263
191,29.74,False,259
192,28.51,False,266
193,6.25,True,67
194,27.95,False,263
195,28.66,False,263
196,28.09,False,270
197,28.29,False,265
198,28.87,False,258
199,10.56,True,108
200,26.95,False,266
201,28.38,False,256
202,28.70,False,264
203,26.33,False,260
204,28.86,False,259
205,28.24,False,263
206,27.63,False,262
207,28.52,False,266
208,27.70,False,261
209,29.10,False,267
210,29.08,False,272
211,29.32,False,263
212,26.51,False,267
213,28.48,False,258
214,28.05,False,259
215,28.46,False,266
216,28.39,False,265
217,28.89,False,267
218,29.68,False,261
219,29.45,False,257
220,18.18,True,177
221,26.27,False,266
222,28.51,False,262
223,28.65,False,262
224,11.55,True,111
225,27.83,False,262
226,29.14,False,267
227,15.80,True,143
228,28.06,False,259
229,28.44,False,262
230,27.69,False,264
231,27.76,False,259
232,29.39,False,255
233,28.84,False,254
234,27.73,False,263
235,15.00,True,144
236,28.65,False,274
237,20.21,True,194
238,27.98,False,261
239,27.98,False,270
240,7.07,True,71
241,28.20,False,261
242,28.74,False,261
243,28.24,False,257
244,8.19,True,90
245,27.48,False,265
246,29.13,False,262
247,27.95,False,266
248,28.03,False,260
249,27.85,False,258
*******************************************************************************
*******************************************************************************
control collision: [0.0, 1.0, 0.0, 0.0, 0.0, 0.0, 0.0, 0.0, 0.0, 0.0, 0.0, 0.0, 0.0, 1.0, 0.0, 0.0, 0.0, 0.0, 1.0, 0.0, 0.0, 0.0, 0.0, 0.0, 0.0, 0.0, 0.0, 0.0, 1.0, 0.0, 1.0, 0.0, 0.0, 0.0, 1.0, 0.0, 1.0, 0.0, 0.0, 0.0, 0.0, 1.0, 0.0, 0.0, 1.0, 0.0, 0.0, 0.0, 1.0, 0.0, 0.0, 0.0, 0.0, 0.0, 0.0, 0.0, 0.0, 0.0, 0.0, 0.0, 0.0, 1.0, 0.0, 1.0, 0.0, 0.0, 0.0, 0.0, 0.0, 0.0, 0.0, 1.0, 0.0, 0.0, 0.0, 0.0, 0.0, 1.0, 0.0, 0.0, 0.0, 1.0, 0.0, 0.0, 0.0, 0.0, 0.0, 0.0, 0.0, 0.0, 0.0, 0.0, 0.0, 0.0, 0.0, 1.0, 0.0, 1.0, 0.0, 0.0, 0.0, 1.0, 0.0, 1.0, 0.0, 0.0, 0.0, 0.0, 0.0, 0.0, 1.0, 0.0, 0.0, 0.0, 0.0, 0.0, 0.0, 0.0, 1.0, 0.0, 0.0, 0.0, 0.0, 0.0, 0.0, 0.0, 0.0, 0.0, 1.0, 0.0, 0.0, 0.0, 0.0, 0.0, 0.0, 0.0, 0.0, 0.0, 0.0, 0.0, 1.0, 0.0, 0.0, 0.0, 0.0, 0.0, 0.0, 0.0, 0.0, 0.0, 0.0, 1.0, 1.0, 0.0, 0.0, 0.0, 0.0, 0.0, 1.0, 0.0, 0.0, 0.0, 0.0, 0.0, 0.0, 1.0, 0.0, 0.0, 0.0, 0.0, 0.0, 0.0, 0.0, 0.0, 0.0, 1.0, 0.0, 0.0, 1.0, 0.0, 0.0, 0.0, 1.0, 0.0, 0.0, 0.0, 0.0, 0.0, 0.0, 0.0, 0.0, 0.0, 0.0, 0.0, 0.0, 0.0, 0.0, 0.0, 0.0, 0.0, 0.0, 0.0, 0.0, 0.0, 0.0, 0.0, 0.0, 0.0, 0.0, 0.0, 0.0, 0.0, 1.0, 0.0, 0.0, 1.0, 0.0, 0.0, 0.0, 0.0, 0.0, 1.0, 0.0, 0.0, 0.0, 0.0, 0.0, 0.0, 0.0, 0.0, 0.0, 0.0, 0.0, 0.0, 0.0, 0.0, 0.0, 0.0, 1.0, 0.0, 0.0, 0.0, 0.0, 0.0, 0.0, 0.0, 0.0, 0.0, 1.0, 0.0]
control rewards: [27.28695053506616, 16.955771376382017, 28.751854841100222, 28.758028081225017, 28.023180989897206, 28.39066281768187, 29.283137161920635, 28.998448414034918, 28.240705850259353, 27.68506985223905, 27.52405522916857, 26.931662060241223, 29.403237682065065, 13.038472587310565, 27.771224947352394, 29.148910328826577, 29.50217762701418, 27.3420895883612, 14.734944467232994, 28.877548322068844, 29.671601169178825, 27.067169727435378, 28.136504078565295, 24.856324250803148, 26.65380129989619, 28.06269531139967, 25.341957419721425, 26.66838115288828, 8.482445541319098, 27.649966713617562, 12.059373776314754, 27.785673614071456, 29.839361610492894, 28.79487901173053, 7.231223002136879, 28.3381989312963, 10.275013832399193, 28.654255888010308, 28.28616064520499, 29.716535439812734, 27.994356939519587, 18.990243109939907, 27.633623059890837, 27.297614119409364, 13.870358784546436, 26.0403180033692, 29.844676853801055, 27.30944773698609, 10.229578252068867, 28.249390294293885, 29.132413939481243, 28.880735638801024, 26.85994136687669, 27.193206183041575, 28.678127715376103, 28.42717938324663, 28.904198228570507, 29.53538511341701, 29.75, 28.258590514778152, 28.62446466002909, 20.195906394144505, 27.44670224348933, 21.19336493779238, 27.215511034532405, 28.45471068634465, 27.960869153306692, 29.268379431494854, 28.550645074143947, 28.505612785025857, 27.80268193038459, 10.770183067028887, 28.168737655653317, 26.74059074423859, 29.480271988926617, 29.494439582297048, 28.70635520535213, 5.8771635874600605, 28.399016241423368, 28.96519631362893, 27.38009574054257, 22.946455961975303, 29.108581950610866, 28.952193441174717, 27.46324502852787, 28.178316070184252, 27.57535271829795, 29.70925923504122, 27.417980367895662, 27.469429632566985, 27.266275298044242, 28.14665457819067, 29.365427705276748, 26.757615450645776, 29.389107337351724, 9.47348493869294, 27.04391799980497, 12.370077652435587, 25.865970449586797, 27.559496208291943, 29.543370739166914, 25.106249319834852, 27.43318018115207, 5.862461565567045, 29.81617794157492, 28.209820708481683, 27.877831622327445, 28.43814274888893, 28.151852653500814, 29.184796043368966, 21.807131356959562, 29.169293067063887, 28.87917179304898, 27.902804338253244, 27.923190600308544, 27.344889390050625, 29.26498585103896, 25.975065902745072, 12.466957499882321, 28.69839408527784, 25.59021895438679, 29.726817086625545, 28.241931328930363, 29.720871767130383, 28.233667621550556, 27.95810484866332, 29.221002347886248, 29.057426884622146, 9.106566369091114, 26.770556791102766, 27.068003239458143, 27.194717121664965, 28.672095971196264, 27.192860403266366, 28.06772129888704, 27.147078316491275, 28.59918763776266, 27.527507465169393, 28.700788543325633, 29.009857597885865, 5.788855283413563, 29.598845416574406, 27.795043075708122, 29.618742179762, 28.229114560282106, 28.339144522837657, 28.675313790010232, 29.813818197625707, 28.68443772007711, 28.516278351601333, 29.666773043299155, 13.796356140052058, 23.983949620510636, 29.144569910911258, 27.34197149781994, 28.926165425137263, 28.176494068216392, 28.07756661384875, 16.972057885606436, 26.62715448860149, 29.655835013926005, 28.088286409297645, 29.916666666666664, 29.115733528677797, 27.960493448891693, 23.833131597146508, 27.846075218038756, 28.85637411526612, 27.706196235341423, 28.83459389803678, 28.35567346453364, 27.95582270587824, 29.449515680315802, 28.063978094413898, 27.82185826764141, 5.5837239298897305, 27.64368262196641, 29.19220660751962, 15.44765693486338, 28.3767832916962, 28.757420325945105, 29.57694158451888, 19.818585152724683, 27.845896680770615, 28.978876122354283, 28.298253029262174, 26.067949954342435, 27.965814950777148, 25.037487929345282, 28.479217936047462, 27.8297904875677, 27.627014082095563, 28.648976992819446, 27.558050236920838, 26.24030977193664, 27.239426562025745, 27.550471961111825, 28.436806017962002, 27.491068271306798, 28.13993568002892, 28.885612021837993, 28.157876855388377, 28.62249109721653, 27.36310687017479, 28.64355072970398, 29.694805203487885, 28.173217643407945, 27.32178982877538, 26.322458178882933, 28.13014532147011, 29.886830134540503, 27.823198406197577, 9.477187732475118, 29.142595725497166, 28.48306647580762, 4.463331030038451, 28.97644105829639, 29.82341714452709, 28.698530125439937, 27.633687741492846, 28.396169154783802, 7.0184604572745295, 29.16564083763892, 28.072705938160798, 27.508587961257213, 27.80090542989588, 27.662655766315794, 27.942271719754817, 27.939531861249858, 27.66061941883888, 29.23897695573582, 28.55822095372638, 29.174443676983945, 27.29259713507483, 28.12219414248655, 27.79084567402869, 27.86469949379474, 28.850919134748747, 12.18418517130567, 27.486221737960054, 27.514996021700203, 26.47242568184828, 28.25640517489805, 28.46670437058235, 28.680009305631796, 29.281466800767, 27.138789708941015, 29.348614737016867, 4.982269594314503, 29.335963884230466]
control lidar samples: [480, 304, 480, 480, 480, 480, 480, 480, 480, 480, 480, 480, 480, 256, 480, 480, 480, 480, 288, 480, 480, 480, 480, 480, 480, 480, 480, 480, 176, 480, 240, 480, 480, 480, 144, 480, 192, 480, 480, 480, 480, 368, 480, 480, 256, 480, 480, 480, 208, 480, 480, 480, 480, 480, 480, 480, 480, 480, 480, 480, 480, 384, 480, 400, 480, 480, 480, 480, 480, 480, 480, 208, 480, 480, 480, 480, 480, 112, 480, 480, 480, 448, 480, 480, 480, 480, 480, 480, 480, 480, 480, 480, 480, 480, 480, 192, 480, 224, 480, 480, 480, 448, 480, 112, 480, 480, 480, 480, 480, 480, 400, 480, 480, 480, 480, 480, 480, 480, 224, 480, 480, 480, 480, 480, 480, 480, 480, 480, 176, 480, 480, 480, 480, 480, 480, 480, 480, 480, 480, 480, 112, 480, 480, 480, 480, 480, 480, 480, 480, 480, 480, 272, 432, 480, 480, 480, 480, 480, 336, 480, 480, 480, 480, 480, 480, 448, 480, 480, 480, 480, 480, 480, 480, 480, 480, 112, 480, 480, 272, 480, 480, 480, 368, 480, 480, 480, 480, 480, 480, 480, 480, 480, 480, 480, 480, 480, 480, 480, 480, 480, 480, 480, 480, 480, 480, 480, 480, 480, 480, 480, 480, 480, 192, 480, 480, 96, 480, 480, 480, 480, 480, 144, 480, 480, 480, 480, 480, 480, 480, 480, 480, 480, 480, 480, 480, 480, 480, 480, 224, 480, 480, 480, 480, 480, 480, 480, 480, 480, 112, 480]
test collision: [1.0, 1.0, 0.0, 0.0, 0.0, 0.0, 0.0, 0.0, 0.0, 1.0, 0.0, 0.0, 1.0, 0.0, 0.0, 0.0, 0.0, 0.0, 0.0, 1.0, 0.0, 0.0, 0.0, 1.0, 0.0, 0.0, 0.0, 0.0, 0.0, 0.0, 0.0, 0.0, 0.0, 1.0, 0.0, 0.0, 0.0, 0.0, 0.0, 0.0, 0.0, 0.0, 0.0, 0.0, 0.0, 0.0, 0.0, 1.0, 0.0, 0.0, 0.0, 0.0, 0.0, 0.0, 0.0, 0.0, 0.0, 0.0, 1.0, 0.0, 1.0, 1.0, 0.0, 0.0, 0.0, 0.0, 0.0, 0.0, 0.0, 0.0, 0.0, 0.0, 0.0, 0.0, 0.0, 1.0, 0.0, 0.0, 0.0, 0.0, 0.0, 0.0, 0.0, 0.0, 0.0, 0.0, 1.0, 1.0, 0.0, 0.0, 0.0, 0.0, 0.0, 0.0, 0.0, 0.0, 0.0, 0.0, 0.0, 0.0, 0.0, 0.0, 0.0, 0.0, 0.0, 0.0, 1.0, 0.0, 0.0, 0.0, 0.0, 0.0, 0.0, 0.0, 0.0, 0.0, 0.0, 0.0, 0.0, 1.0, 0.0, 0.0, 0.0, 1.0, 0.0, 0.0, 0.0, 0.0, 0.0, 0.0, 0.0, 0.0, 1.0, 0.0, 0.0, 1.0, 0.0, 0.0, 0.0, 1.0, 0.0, 0.0, 0.0, 1.0, 0.0, 0.0, 0.0, 0.0, 0.0, 1.0, 0.0, 0.0, 1.0, 0.0, 0.0, 1.0, 0.0, 0.0, 0.0, 0.0, 0.0, 0.0, 0.0, 0.0, 0.0, 0.0, 0.0, 0.0, 0.0, 0.0, 0.0, 0.0, 0.0, 0.0, 0.0, 0.0, 1.0, 0.0, 0.0, 0.0, 1.0, 0.0, 0.0, 0.0, 1.0, 0.0, 0.0, 0.0, 0.0, 0.0, 0.0, 0.0, 0.0, 1.0, 0.0, 0.0, 0.0, 0.0, 0.0, 1.0, 0.0, 0.0, 0.0, 0.0, 0.0, 0.0, 0.0, 0.0, 0.0, 0.0, 0.0, 0.0, 0.0, 0.0, 0.0, 0.0, 0.0, 0.0, 0.0, 0.0, 1.0, 0.0, 0.0, 0.0, 1.0, 0.0, 0.0, 1.0, 0.0, 0.0, 0.0, 0.0, 0.0, 0.0, 0.0, 1.0, 0.0, 1.0, 0.0, 0.0, 1.0, 0.0, 0.0, 0.0, 1.0, 0.0, 0.0, 0.0, 0.0, 0.0]
test rewards: [7.181948759731532, 8.501730103014516, 28.65855092642205, 27.952198096391246, 28.319999136242796, 27.524657678342503, 25.239871857265214, 28.859285149839973, 29.25349864771335, 22.25056078119075, 27.078721704741618, 28.026946609831793, 8.008452868529151, 29.308575516813537, 28.181829857398828, 28.133917357074456, 29.21708747839565, 29.240260908461355, 28.328939590697942, 8.436331370765448, 29.112259777162798, 28.991460913067648, 27.533839744351923, 24.215768932047162, 29.22723304219878, 27.49928861685327, 28.318601137781453, 29.439653422508204, 29.055838390895786, 29.700430760153225, 28.600393750709323, 28.448122620071306, 27.966823568051478, 7.510132819751395, 29.015134457036144, 28.251833928752212, 27.378686718754345, 28.177372936863133, 28.30287381921184, 29.71826657455212, 28.702067732169642, 27.822494977215836, 28.3266103008113, 29.87865957965142, 28.97731771509209, 29.2586259758652, 28.26459259596212, 21.469715343004285, 29.498719826223265, 28.790441242229072, 28.032147598924997, 28.433403456746912, 28.83753595941978, 24.689417284179147, 28.887335466042295, 28.77874171806846, 27.68440165293013, 27.1898524880347, 11.260890693046855, 28.982234200781342, 10.095161775595091, 6.212191299031447, 27.44376764222391, 27.171089931409938, 29.833649226879587, 27.359480627335856, 27.35676539163628, 28.54496313461933, 28.27383934863421, 28.077913641946164, 27.66983620910403, 29.503402405591068, 29.558439425216584, 27.38742003766714, 28.581605603445333, 11.396767490933293, 29.13392339890356, 28.217717609245224, 28.31306143626852, 29.831254721008534, 28.63727529966073, 29.650626939709024, 27.78269495259158, 27.422539794062192, 29.079510667859385, 27.641929302954573, 9.424200803643826, 10.698491488369726, 27.81065731085731, 28.462416388031485, 28.766248596776276, 27.596026046125516, 28.248363168360328, 29.154318355000456, 27.72628738179768, 29.08877991735837, 27.908436519167086, 28.837897540101608, 27.986204506884697, 29.555002593425343, 28.25538241767167, 27.822297363910454, 29.69154109909025, 28.36911628911369, 28.147008853111824, 27.85605251541056, 19.790661038315214, 27.90739346260753, 28.644548212471342, 28.10196662056929, 29.22266534778138, 28.40202340473793, 28.546324709806385, 27.70258907517279, 28.576176786029357, 28.012316028577818, 28.83878434485495, 28.789474828111555, 29.354598254864506, 6.188478741351127, 28.785497573565806, 29.010509813999377, 28.64710555860614, 14.987271859952678, 29.53639882341128, 28.154035016833387, 27.23017180463709, 27.957235472519923, 28.081444929259195, 28.27757218498234, 28.545243171935184, 29.494067754896, 21.738935836746805, 28.946637985981134, 27.58654576356139, 22.432056741471165, 27.90299541001374, 28.620477347125334, 29.585468580272448, 14.870459635894486, 29.845056515881787, 29.5136992627923, 29.820578200714266, 20.910905512689723, 28.764685505943948, 27.824543340136678, 28.01081909031025, 27.714812446500652, 28.629656442376554, 17.07598651787886, 29.303542458934622, 28.913089814841797, 11.57560953521164, 27.997604190155705, 29.11712258511506, 11.880980746584616, 28.70582350009517, 29.5328549628924, 26.92625421447318, 29.39316408668918, 28.8716054147072, 28.487054172268145, 28.102273263519763, 26.473316892519, 28.310547145937992, 27.70483961723559, 27.51562388810209, 29.358348889927438, 27.432085220155564, 29.727939502968646, 28.709214440859423, 27.80750301891138, 28.338500809104513, 29.165971175449144, 28.503312657848717, 28.17978982429424, 19.867672916244153, 28.389756651029643, 29.37404805677699, 28.51606650621801, 15.034524318367108, 27.914671304170575, 28.94351544947991, 28.441483672320995, 9.468799576829817, 29.31753002631209, 28.85119012700061, 28.083520439289167, 28.733577639718437, 28.51561927213971, 29.06133430847115, 29.73838176278828, 28.506327533612733, 6.252709263677767, 27.947619128338943, 28.655326791550102, 28.088610575153282, 28.287250831733136, 28.870988964760677, 10.559445485881959, 26.946928453926645, 28.381959624724438, 28.697174550668315, 26.3253342996776, 28.863827269519685, 28.2442463398377, 27.631468412695952, 28.521299696460026, 27.700884410177366, 29.10102797422135, 29.082234703534024, 29.319189027432138, 26.50532676886804, 28.47926823903653, 28.05080869634081, 28.463453558761465, 28.391731825309765, 28.890805108321242, 29.681367340182774, 29.44742178130122, 18.183506203214744, 26.27033208886335, 28.508625368284576, 28.64547461948345, 11.550223058486363, 27.83343988643702, 29.1401529837112, 15.795068891496062, 28.061267210471428, 28.43983228446048, 27.69032112820184, 27.76329151476201, 29.391567232739845, 28.842225480263146, 27.72618624991037, 14.996508605133414, 28.650641398275184, 20.210034963433433, 27.976275318270005, 27.982744961074047, 7.065336439572608, 28.198337847589602, 28.74484744324566, 28.24218584018668, 8.188713205898038, 27.476977543403166, 29.131620000176465, 27.95414921086266, 28.026420575394138, 27.850573596196234]
test lidar samples: [72, 91, 255, 267, 264, 261, 267, 261, 252, 217, 266, 266, 68, 250, 263, 259, 266, 268, 259, 73, 261, 264, 269, 247, 263, 268, 263, 261, 260, 255, 264, 268, 263, 72, 262, 267, 258, 266, 262, 251, 264, 260, 260, 262, 254, 262, 262, 212, 262, 265, 264, 261, 258, 270, 274, 265, 265, 267, 121, 267, 87, 70, 266, 262, 264, 268, 263, 264, 273, 267, 261, 255, 255, 263, 268, 105, 257, 255, 269, 264, 267, 265, 261, 265, 262, 268, 88, 103, 261, 260, 269, 276, 260, 261, 263, 253, 268, 263, 264, 259, 260, 263, 256, 264, 265, 260, 191, 256, 252, 265, 259, 276, 268, 264, 257, 255, 266, 255, 264, 53, 264, 268, 266, 144, 258, 259, 266, 267, 264, 265, 259, 255, 214, 265, 266, 222, 271, 267, 262, 142, 256, 256, 258, 217, 266, 260, 257, 261, 256, 159, 252, 265, 105, 272, 259, 122, 265, 259, 260, 262, 264, 266, 262, 268, 261, 260, 269, 262, 267, 264, 259, 262, 259, 272, 263, 269, 200, 262, 269, 260, 158, 264, 265, 264, 88, 262, 266, 261, 258, 262, 263, 259, 266, 67, 263, 263, 270, 265, 258, 108, 266, 256, 264, 260, 259, 263, 262, 266, 261, 267, 272, 263, 267, 258, 259, 266, 265, 267, 261, 257, 177, 266, 262, 262, 111, 262, 267, 143, 259, 262, 264, 259, 255, 254, 263, 144, 274, 194, 261, 270, 71, 261, 261, 257, 90, 265, 262, 266, 260, 258]
ave. control rew: 26.12967440150381
ave. test rew: 26.275238397684323
ave. control lidar samples: 448.32
ave. test lidar samples: 243.852
control runtime: 7534.769394636154
test runtime: 7617.543442964554
control simulated time: 7005.0
test simulated time: 6983.0
