*******************************************************************************
Experimental Setup
Simulation Frequency: 5
Policy Frequency: 1
Lidar Frequency: 0.5
Number of Episodes: 500
*******************************************************************************
*******************************************************************************
Control Group 1
Agent Budget: 50
Agent Gamma: 0.9
Sensing Policy: Constant at 1 Hz
*******************************************************************************
Episode # | Total Rew. | If Crashed | Lidar Samples
0,29.35,False,480
1,29.07,False,480
2,29.16,False,480
3,27.67,False,480
4,28.38,False,480
5,27.41,False,480
6,29.74,False,480
7,20.22,True,384
8,20.42,True,368
9,28.51,False,480
10,28.47,False,480
11,27.16,False,480
12,29.05,False,480
13,28.09,False,480
14,26.97,False,480
15,27.28,False,480
16,29.35,False,480
17,29.80,False,480
18,28.79,False,480
19,28.33,False,480
20,13.78,True,256
21,28.19,False,480
22,28.24,False,480
23,26.55,False,480
24,27.72,False,480
25,28.65,False,480
26,28.27,False,480
27,29.21,False,480
28,29.25,False,480
29,27.98,False,480
30,28.83,False,480
31,28.83,False,480
32,11.05,True,224
33,27.90,False,480
34,27.83,False,480
35,29.85,False,480
36,28.45,False,480
37,26.78,False,480
38,29.31,False,480
39,28.48,False,480
40,28.15,False,480
41,29.04,False,480
42,28.35,False,480
43,28.82,False,480
44,29.09,False,480
45,10.54,True,208
46,8.52,True,160
47,27.81,False,480
48,28.24,False,480
49,27.42,False,480
50,28.62,False,480
51,29.84,False,480
52,29.10,False,480
53,9.39,True,192
54,29.81,False,480
55,29.60,False,480
56,7.09,True,144
57,26.13,False,480
58,29.07,False,480
59,29.14,False,480
60,6.34,True,128
61,21.41,True,416
62,28.01,False,480
63,27.51,False,480
64,27.54,False,480
65,29.35,False,480
66,28.05,False,480
67,23.22,True,448
68,27.70,False,480
69,27.34,False,480
70,29.01,False,480
71,28.80,False,480
72,26.53,False,480
73,29.61,False,480
74,26.97,False,480
75,29.70,False,480
76,28.23,False,480
77,27.32,False,480
78,28.70,False,480
79,27.40,False,480
80,28.49,False,480
81,29.15,False,480
82,28.41,False,480
83,28.50,False,480
84,27.78,False,480
85,28.87,False,480
86,27.93,False,480
87,29.40,False,480
88,9.57,True,176
89,27.61,False,480
90,28.35,False,480
91,28.37,False,480
92,29.81,False,480
93,27.95,False,480
94,16.06,True,304
95,26.55,False,480
96,29.31,False,480
97,28.32,False,480
98,28.95,False,480
99,6.00,True,128
100,27.51,False,480
101,27.70,False,480
102,29.32,False,480
103,29.73,False,480
104,28.73,False,480
105,28.59,False,480
106,28.05,False,480
107,28.81,False,480
108,28.36,False,480
109,28.37,False,480
110,17.03,True,320
111,28.32,False,480
112,28.16,False,480
113,28.42,False,480
114,27.83,False,480
115,27.04,False,480
116,25.98,False,480
117,27.58,False,480
118,27.91,False,480
119,28.63,False,480
120,29.64,False,480
121,28.01,False,480
122,28.86,False,480
123,28.28,False,480
124,28.82,False,480
125,10.64,True,208
126,26.55,False,480
127,11.20,True,208
128,7.23,True,144
129,28.32,False,480
130,23.21,True,448
131,28.40,False,480
132,28.18,False,480
133,27.96,False,480
134,28.29,False,480
135,17.02,True,320
136,28.24,False,480
137,28.56,False,480
138,29.75,False,480
139,25.72,False,480
140,29.83,False,480
141,14.96,True,304
142,29.00,False,480
143,28.70,False,480
144,29.67,False,480
145,27.96,False,480
146,28.50,False,480
147,28.86,False,480
148,28.89,False,480
149,28.69,False,480
150,27.98,False,480
151,28.52,False,480
152,28.48,False,480
153,29.18,False,480
154,17.10,True,336
155,29.11,False,480
156,28.31,False,480
157,28.11,False,480
158,29.47,False,480
159,29.52,False,480
160,27.65,False,480
161,28.28,False,480
162,10.22,True,208
163,28.76,False,480
164,24.33,False,480
165,28.12,False,480
166,28.53,False,480
167,25.69,True,480
168,27.76,False,480
169,22.39,True,432
170,28.03,False,480
171,26.96,False,480
172,28.42,False,480
173,24.05,True,432
174,6.75,True,144
175,26.53,False,480
176,29.50,False,480
177,29.27,False,480
178,26.07,False,480
179,28.02,False,480
180,29.36,False,480
181,29.51,False,480
182,29.47,False,480
183,28.23,False,480
184,28.67,False,480
185,29.50,False,480
186,29.26,False,480
187,14.82,True,288
188,28.95,False,480
189,27.69,False,480
190,28.14,False,480
191,29.88,False,480
192,28.66,False,480
193,15.16,True,288
194,29.18,False,480
195,23.07,True,432
196,28.52,False,480
197,28.76,False,480
198,27.03,False,480
199,26.71,False,480
200,28.74,False,480
201,27.64,False,480
202,28.80,False,480
203,28.62,False,480
204,27.89,False,480
205,28.13,False,480
206,28.44,False,480
207,27.36,False,480
208,28.71,False,480
209,28.19,False,480
210,28.92,False,480
211,28.74,False,480
212,29.81,False,480
213,29.64,False,480
214,23.89,False,480
215,28.61,False,480
216,27.31,False,480
217,27.95,False,480
218,5.37,True,112
219,28.64,False,480
220,29.15,False,480
221,28.36,False,480
222,27.56,False,480
223,28.36,False,480
224,27.18,False,480
225,28.06,False,480
226,29.42,False,480
227,29.03,False,480
228,29.32,False,480
229,28.26,False,480
230,28.28,False,480
231,21.33,True,400
232,28.05,False,480
233,26.19,False,480
234,28.14,False,480
235,27.43,False,480
236,27.20,False,480
237,28.25,False,480
238,11.66,True,224
239,29.32,False,480
240,29.70,False,480
241,28.39,False,480
242,13.07,True,240
243,27.91,False,480
244,28.58,False,480
245,29.33,False,480
246,28.87,False,480
247,26.99,False,480
248,27.16,False,480
249,27.19,False,480
250,27.91,False,480
251,9.35,True,192
252,27.08,False,480
253,8.17,True,160
254,29.56,False,480
255,28.02,False,480
256,27.71,False,480
257,29.30,False,480
258,29.11,False,480
259,27.55,False,480
260,27.78,False,480
261,28.65,False,480
262,27.83,False,480
263,27.33,False,480
264,29.50,False,480
265,28.79,False,480
266,28.00,False,480
267,27.25,False,480
268,28.31,False,480
269,29.33,False,480
270,28.99,False,480
271,28.63,False,480
272,29.65,False,480
273,28.07,False,480
274,27.92,False,480
275,27.92,False,480
276,29.42,False,480
277,28.80,False,480
278,29.11,False,480
279,25.92,False,480
280,27.78,False,480
281,27.99,False,480
282,29.05,False,480
283,29.10,False,480
284,28.31,False,480
285,28.12,False,480
286,29.56,False,480
287,12.11,True,240
288,28.04,False,480
289,26.86,False,480
290,29.36,False,480
291,29.01,False,480
292,11.36,True,208
293,28.71,False,480
294,28.29,False,480
295,28.67,False,480
296,27.90,False,480
297,29.49,False,480
298,29.10,False,480
299,28.75,False,480
300,29.56,False,480
301,29.88,False,480
302,29.70,False,480
303,28.03,False,480
304,25.55,False,480
305,27.14,False,480
306,11.82,True,224
307,28.36,False,480
308,27.91,False,480
309,26.38,False,480
310,29.77,False,480
311,26.58,False,480
312,27.34,False,480
313,29.36,False,480
314,29.02,False,480
315,27.87,False,480
316,28.90,False,480
317,27.65,False,480
318,28.78,False,480
319,28.70,False,480
320,28.50,False,480
321,28.58,False,480
322,28.12,False,480
323,28.65,False,480
324,29.08,False,480
325,29.21,False,480
326,27.57,False,480
327,27.64,False,480
328,29.55,False,480
329,27.57,False,480
330,26.91,False,480
331,26.46,False,480
332,29.27,False,480
333,29.70,False,480
334,27.86,False,480
335,29.56,False,480
336,27.55,False,480
337,27.77,False,480
338,29.16,False,480
339,27.99,False,480
340,28.50,False,480
341,28.46,False,480
342,27.82,False,480
343,29.00,False,480
344,28.11,False,480
345,28.67,False,480
346,28.43,False,480
347,27.97,False,480
348,27.89,False,480
349,27.63,False,480
350,27.59,False,480
351,8.76,True,176
352,28.35,False,480
353,29.56,False,480
354,29.56,False,480
355,27.83,False,480
356,22.13,True,464
357,28.14,False,480
358,29.03,False,480
359,27.53,False,480
360,29.39,False,480
361,27.95,False,480
362,27.11,False,480
363,28.21,False,480
364,27.76,False,480
365,29.25,False,480
366,8.52,True,176
367,28.13,False,480
368,28.78,False,480
369,29.00,False,480
370,14.74,True,272
371,28.36,False,480
372,27.66,False,480
373,27.62,False,480
374,28.40,False,480
375,26.80,False,480
376,13.41,True,256
377,29.04,False,480
378,27.26,False,480
379,26.84,False,480
380,29.37,False,480
381,27.99,False,480
382,29.61,False,480
383,16.63,True,336
384,27.66,False,480
385,25.91,False,480
386,16.06,True,288
387,28.07,False,480
388,23.80,True,464
389,27.67,False,480
390,29.30,False,480
391,29.22,False,480
392,8.23,True,160
393,26.43,False,480
394,28.83,False,480
395,27.72,False,480
396,28.68,False,480
397,28.62,False,480
398,28.63,False,480
399,28.83,False,480
400,4.82,True,112
401,29.01,False,480
402,27.91,False,480
403,13.46,True,272
404,29.36,False,480
405,28.00,False,480
406,28.49,False,480
407,26.92,False,480
408,23.50,True,432
409,29.71,False,480
410,28.99,False,480
411,29.48,False,480
412,28.77,False,480
413,27.57,False,480
414,28.24,False,480
415,28.60,False,480
416,28.28,False,480
417,27.59,False,480
418,28.23,False,480
419,28.40,False,480
420,28.21,False,480
421,13.97,True,272
422,14.07,True,272
423,28.08,False,480
424,26.93,False,480
425,10.12,True,192
426,27.09,False,480
427,27.37,False,480
428,27.62,False,480
429,28.35,False,480
430,28.28,False,480
431,27.77,False,480
432,28.63,False,480
433,28.07,False,480
434,28.55,False,480
435,27.81,False,480
436,27.91,False,480
437,27.09,False,480
438,28.39,False,480
439,29.62,False,480
440,29.11,False,480
441,29.37,False,480
442,27.73,False,480
443,28.31,False,480
444,23.20,True,416
445,28.74,False,480
446,27.28,False,480
447,28.63,False,480
448,29.02,False,480
449,27.67,False,480
450,28.44,False,480
451,26.78,False,480
452,27.16,False,480
453,28.14,False,480
454,28.06,False,480
455,19.93,True,368
456,27.70,False,480
457,29.56,False,480
458,27.36,False,480
459,28.09,False,480
460,29.12,False,480
461,29.54,False,480
462,28.29,False,480
463,27.00,False,480
464,27.72,False,480
465,26.44,False,480
466,20.93,True,384
467,29.10,False,480
468,27.18,False,480
469,25.50,False,480
470,28.43,False,480
471,27.89,False,480
472,14.95,True,288
473,27.87,False,480
474,27.86,False,480
475,19.58,True,384
476,26.43,False,480
477,19.36,True,368
478,27.92,False,480
479,26.84,False,480
480,29.22,False,480
481,29.80,False,480
482,28.07,False,480
483,27.04,False,480
484,29.17,False,480
485,29.03,False,480
486,29.09,False,480
487,27.91,False,480
488,28.70,False,480
489,29.83,False,480
490,5.85,True,112
491,28.84,False,480
492,29.44,False,480
493,27.93,False,480
494,29.20,False,480
495,17.03,True,304
496,29.77,False,480
497,29.15,False,480
498,29.68,False,480
499,26.80,False,480
*******************************************************************************
Control Group 2
Agent Budget: 50
Agent Gamma: 0.9
Sensing Policy: Constant at 0.5 Hz
*******************************************************************************
Episode # | Total Rew. | If Crashed | Lidar Samples
0,26.73,False,240
1,28.53,False,240
2,16.37,True,144
3,28.96,False,240
4,11.88,True,112
5,27.16,False,240
6,28.94,False,240
7,28.43,False,240
8,23.91,False,240
9,27.05,False,240
10,26.59,False,240
11,27.92,False,240
12,27.40,False,240
13,24.85,False,240
14,23.01,True,208
15,7.19,True,64
16,27.85,False,240
17,27.66,False,240
18,28.50,False,240
19,29.06,False,240
20,29.45,False,240
21,28.34,False,240
22,25.85,False,240
23,26.93,False,240
24,26.17,False,240
25,28.04,False,240
26,26.39,False,240
27,29.65,False,240
28,29.15,False,240
29,28.49,False,240
30,29.04,False,240
31,27.20,False,240
32,26.59,False,240
33,28.50,False,240
34,29.60,False,240
35,23.79,False,240
36,4.37,True,32
37,26.22,False,240
38,24.72,False,240
39,26.18,False,240
40,28.61,False,240
41,28.07,False,240
42,27.36,False,240
43,29.35,False,240
44,29.35,False,240
45,8.42,True,80
46,27.25,False,240
47,28.25,False,240
48,29.23,False,240
49,22.34,True,192
50,28.78,False,240
51,28.10,False,240
52,5.00,True,48
53,26.36,False,240
54,29.59,False,240
55,27.29,False,240
56,25.26,False,240
57,29.42,False,240
58,26.97,False,240
59,29.43,False,240
60,27.05,False,240
61,18.46,True,160
62,18.53,True,160
63,24.72,False,240
64,27.31,False,240
65,25.32,False,240
66,29.44,False,240
67,27.92,False,240
68,27.85,False,240
69,24.63,False,240
70,26.80,False,240
71,29.34,False,240
72,28.22,False,240
73,26.00,False,240
74,26.32,False,240
75,26.56,False,240
76,29.23,False,240
77,26.24,False,240
78,24.98,False,240
79,28.34,False,240
80,26.97,False,240
81,25.21,False,240
82,28.81,False,240
83,29.92,False,240
84,27.88,False,240
85,28.67,False,240
86,26.44,False,240
87,27.64,False,240
88,26.93,False,240
89,29.76,False,240
90,15.89,True,144
91,10.62,True,96
92,26.13,False,240
93,11.35,True,112
94,27.23,False,240
95,26.53,False,240
96,27.91,False,240
97,10.39,True,96
98,29.48,False,240
99,28.01,False,240
100,26.10,False,240
101,26.18,False,240
102,27.96,False,240
103,29.68,False,240
104,29.43,False,240
105,28.79,False,240
106,25.68,False,240
107,24.59,False,240
108,12.03,True,128
109,28.16,False,240
110,29.52,False,240
111,8.42,True,80
112,11.83,True,112
113,27.65,False,240
114,29.06,False,240
115,23.93,False,240
116,24.50,False,240
117,27.41,False,240
118,26.88,False,240
119,29.69,False,240
120,26.80,False,240
121,28.99,False,240
122,29.21,False,240
123,27.94,False,240
124,26.91,False,240
125,29.17,False,240
126,6.68,True,64
127,27.45,False,240
128,26.98,False,240
129,4.69,True,32
130,27.18,False,240
131,27.28,False,240
132,27.47,False,240
133,24.94,False,240
134,27.51,False,240
135,27.65,False,240
136,27.74,False,240
137,26.89,False,240
138,28.23,False,240
139,27.34,False,240
140,29.66,False,240
141,27.80,False,240
142,25.85,False,240
143,27.05,False,240
144,29.86,False,240
145,6.55,True,64
146,28.40,False,240
147,11.23,True,112
148,29.42,False,240
149,16.62,True,160
150,27.44,False,240
151,26.39,False,240
152,7.84,True,64
153,28.37,False,240
154,28.92,False,240
155,28.75,False,240
156,26.47,False,240
157,28.55,False,240
158,25.70,False,240
159,25.26,False,240
160,5.20,True,48
161,28.78,False,240
162,29.28,False,240
163,17.25,True,160
164,29.78,False,240
165,28.32,False,240
166,14.63,True,144
167,28.53,False,240
168,28.01,False,240
169,27.03,False,240
170,25.99,False,240
171,29.82,False,240
172,28.55,False,240
173,26.97,False,240
174,26.57,False,240
175,29.35,False,240
176,29.10,False,240
177,28.29,False,240
178,26.30,False,240
179,28.41,False,240
180,26.36,False,240
181,29.92,False,240
182,28.58,False,240
183,19.48,True,176
184,9.52,True,80
185,29.62,False,240
186,23.55,True,240
187,27.07,False,240
188,28.54,False,240
189,28.79,False,240
190,26.07,False,240
191,26.01,False,240
192,29.51,False,240
193,28.54,False,240
194,15.61,True,160
195,15.97,True,144
196,26.63,False,240
197,29.40,False,240
198,29.00,False,240
199,27.56,False,240
200,26.95,False,240
201,11.47,True,112
202,27.13,False,240
203,9.76,True,96
204,29.06,False,240
205,28.97,False,240
206,27.36,False,240
207,27.99,False,240
208,26.07,False,240
209,28.83,False,240
210,23.25,True,224
211,25.79,False,240
212,28.09,False,240
213,27.30,False,240
214,25.98,False,240
215,27.43,False,240
216,27.25,False,240
217,25.83,False,240
218,27.12,False,240
219,26.67,False,240
220,29.13,False,240
221,29.39,False,240
222,26.80,False,240
223,27.02,False,240
224,29.56,False,240
225,26.63,False,240
226,27.98,False,240
227,28.30,False,240
228,27.28,False,240
229,29.37,False,240
230,26.70,False,240
231,5.42,True,48
232,27.02,False,240
233,29.53,False,240
234,29.54,False,240
235,28.57,False,240
236,23.61,True,208
237,29.70,False,240
238,28.41,False,240
239,29.03,False,240
240,12.59,True,112
241,29.35,False,240
242,28.65,False,240
243,29.71,False,240
244,28.44,False,240
245,29.92,False,240
246,26.65,False,240
247,27.67,False,240
248,27.43,False,240
249,27.01,False,240
250,4.52,True,32
251,25.64,False,240
252,27.70,False,240
253,25.76,False,240
254,26.79,False,240
255,28.71,False,240
256,27.05,False,240
257,27.95,False,240
258,5.47,True,48
259,20.22,True,176
260,24.75,False,240
261,6.90,True,64
262,13.86,True,128
263,29.03,False,240
264,12.34,True,112
265,28.58,False,240
266,25.39,False,240
267,26.93,False,240
268,15.56,True,160
269,29.13,False,240
270,28.38,False,240
271,26.51,False,240
272,26.23,False,240
273,27.50,False,240
274,12.46,True,112
275,29.77,False,240
276,7.94,True,80
277,28.88,False,240
278,29.61,False,240
279,29.92,False,240
280,26.21,False,240
281,29.31,False,240
282,24.10,False,240
283,25.64,False,240
284,27.00,False,240
285,28.70,False,240
286,29.51,False,240
287,25.66,False,240
288,25.72,False,240
289,26.80,False,240
290,26.03,False,240
291,29.60,False,240
292,7.48,True,64
293,27.23,False,240
294,29.53,False,240
295,28.99,False,240
296,28.14,False,240
297,29.49,False,240
298,25.84,False,240
299,29.48,False,240
300,26.94,False,240
301,28.91,False,240
302,29.44,False,240
303,27.00,False,240
304,19.96,True,192
305,29.05,False,240
306,28.76,False,240
307,6.98,True,64
308,27.22,False,240
309,26.04,False,240
310,28.52,False,240
311,29.23,False,240
312,27.54,False,240
313,16.50,True,144
314,28.09,False,240
315,26.69,False,240
316,26.93,False,240
317,9.51,True,80
318,26.91,False,240
319,28.63,False,240
320,28.62,False,240
321,27.56,False,240
322,25.49,False,240
323,29.04,False,240
324,27.43,False,240
325,27.64,False,240
326,28.67,False,240
327,27.43,False,240
328,25.48,False,240
329,28.77,False,240
330,14.42,True,144
331,24.59,False,240
332,25.59,False,240
333,29.75,False,240
334,28.77,False,240
335,27.11,False,240
336,28.13,False,240
337,29.23,False,240
338,4.35,True,48
339,29.13,False,240
340,29.02,False,240
341,3.94,True,48
342,28.76,False,240
343,28.40,False,240
344,25.19,False,240
345,28.46,False,240
346,26.06,False,240
347,26.00,False,240
348,15.35,True,160
349,23.29,True,208
350,24.84,False,240
351,13.42,True,128
352,26.00,False,240
353,25.12,False,240
354,27.88,False,240
355,28.76,False,240
356,26.41,False,240
357,9.58,True,96
358,27.37,False,240
359,12.99,True,112
360,25.41,False,240
361,26.42,False,240
362,24.95,False,240
363,28.20,False,240
364,28.88,False,240
365,28.99,False,240
366,27.83,False,240
367,26.54,False,240
368,26.14,False,240
369,26.11,False,240
370,24.82,False,240
371,29.37,False,240
372,29.32,False,240
373,27.89,False,240
374,27.37,False,240
375,13.74,True,128
376,24.43,False,240
377,28.68,False,240
378,13.97,True,144
379,29.81,False,240
380,25.89,False,240
381,29.27,False,240
382,26.51,False,240
383,14.84,True,144
384,26.06,False,240
385,29.20,False,240
386,25.92,False,240
387,27.53,False,240
388,5.29,True,48
389,26.23,False,240
390,27.27,False,240
391,29.34,False,240
392,26.22,False,240
393,26.47,False,240
394,25.17,False,240
395,28.12,False,240
396,26.65,False,240
397,28.35,False,240
398,28.63,False,240
399,29.35,False,240
400,13.93,True,128
401,26.65,False,240
402,28.17,False,240
403,29.03,False,240
404,28.38,False,240
405,29.58,False,240
406,28.85,False,240
407,21.45,True,208
408,26.97,False,240
409,29.67,False,240
410,28.56,False,240
411,28.35,False,240
412,26.46,False,240
413,26.31,False,240
414,28.83,False,240
415,27.27,False,240
416,28.31,False,240
417,29.29,False,240
418,8.75,True,80
419,28.18,False,240
420,27.84,False,240
421,29.54,False,240
422,27.35,False,240
423,27.02,False,240
424,25.34,False,240
425,29.12,False,240
426,29.32,False,240
427,28.07,False,240
428,29.82,False,240
429,29.21,False,240
430,29.05,False,240
431,26.87,False,240
432,29.51,False,240
433,23.72,False,240
434,28.30,False,240
435,28.89,False,240
436,27.42,True,240
437,27.37,False,240
438,27.40,False,240
439,8.02,True,64
440,27.54,False,240
441,28.34,False,240
442,28.78,False,240
443,27.03,False,240
444,28.35,False,240
445,27.03,False,240
446,19.55,True,176
447,29.92,False,240
448,28.02,False,240
449,24.38,False,240
450,28.64,False,240
451,25.89,False,240
452,24.59,False,240
453,26.67,False,240
454,25.13,False,240
455,28.23,False,240
456,27.10,False,240
457,25.13,False,240
458,27.90,False,240
459,17.39,True,160
460,25.53,False,240
461,27.17,False,240
462,8.32,True,80
463,25.64,False,240
464,13.42,True,128
465,28.95,False,240
466,29.92,False,240
467,2.68,True,16
468,29.33,False,240
469,11.95,True,112
470,26.56,False,240
471,4.53,True,32
472,27.01,False,240
473,28.13,False,240
474,10.64,True,96
475,27.92,False,240
476,27.59,False,240
477,29.46,False,240
478,25.70,False,240
479,25.01,False,240
480,25.99,False,240
481,29.03,False,240
482,13.56,True,128
483,6.90,True,80
484,28.37,False,240
485,29.40,False,240
486,26.42,False,240
487,28.42,False,240
488,29.42,False,240
489,26.22,False,240
490,29.69,False,240
491,25.89,False,240
492,27.98,False,240
493,27.75,False,240
494,19.88,True,176
495,26.58,False,240
496,26.69,False,240
497,28.28,False,240
498,27.38,False,240
499,27.62,False,240
*******************************************************************************
Test Group
Agent Budget: 50
Agent Gamma: 0.9
Sensing Policy: Adaptive at 0.5 Hz
*******************************************************************************
Episode # | Total Rew. | If Crashed | Lidar Samples
0,28.10,False,272
1,28.97,False,271
2,28.71,False,263
3,28.00,False,264
4,28.97,False,265
5,27.47,False,268
6,29.86,False,263
7,22.77,True,218
8,28.25,False,257
9,26.11,False,271
10,28.10,False,261
11,27.98,False,262
12,28.11,False,263
13,28.39,False,265
14,27.96,False,277
15,10.20,True,104
16,29.79,False,259
17,27.28,False,264
18,29.63,False,254
19,29.06,False,259
20,29.08,False,261
21,28.41,False,268
22,28.73,False,262
23,29.63,False,268
24,28.80,False,264
25,27.96,False,258
26,28.27,False,261
27,28.81,False,261
28,27.91,False,258
29,6.82,True,70
30,27.72,False,270
31,27.91,False,267
32,28.90,False,258
33,27.71,False,266
34,27.90,False,266
35,27.49,False,265
36,28.23,False,265
37,29.92,False,262
38,29.08,False,270
39,19.01,True,199
40,29.23,False,269
41,27.82,False,263
42,28.83,False,255
43,27.49,False,259
44,29.71,False,262
45,29.15,False,259
46,27.47,False,266
47,29.45,False,258
48,22.45,True,215
49,8.12,True,86
50,28.63,False,273
51,29.57,False,270
52,28.12,False,262
53,28.51,False,267
54,27.99,False,260
55,29.92,False,256
56,27.73,False,261
57,28.46,False,265
58,28.46,False,264
59,28.55,False,271
60,29.09,False,270
61,10.82,True,108
62,27.79,False,266
63,28.55,False,260
64,29.33,False,256
65,6.56,True,69
66,28.89,False,269
67,27.93,False,267
68,13.08,True,129
69,28.56,False,262
70,28.99,False,253
71,28.15,False,261
72,29.64,False,267
73,28.30,False,271
74,27.09,False,263
75,28.27,False,263
76,28.78,False,266
77,27.46,False,261
78,29.26,False,277
79,24.62,False,278
80,28.59,False,264
81,18.52,True,175
82,16.74,True,163
83,29.06,False,256
84,28.99,False,266
85,28.03,False,263
86,28.92,False,252
87,29.87,False,259
88,28.64,False,269
89,29.81,False,266
90,28.60,False,269
91,29.33,False,262
92,28.18,False,266
93,6.53,True,50
94,28.93,False,266
95,28.16,False,261
96,10.03,True,86
97,28.81,False,271
98,28.54,False,263
99,28.09,False,261
100,28.95,False,266
101,28.78,False,264
102,27.99,False,268
103,29.02,False,262
104,29.49,False,261
105,28.22,False,262
106,27.80,False,258
107,28.59,False,270
108,7.90,True,69
109,25.24,False,262
110,6.42,True,53
111,29.25,False,269
112,28.29,False,271
113,29.04,False,260
114,28.42,False,263
115,27.86,False,263
116,27.97,False,256
117,28.04,False,258
118,28.68,False,259
119,29.89,False,262
120,28.57,False,268
121,29.15,False,259
122,27.69,False,259
123,13.16,True,125
124,29.23,False,262
125,28.50,False,264
126,28.38,False,256
127,29.44,False,254
128,28.10,False,265
129,27.07,False,268
130,28.08,False,273
131,27.44,False,265
132,29.34,False,256
133,28.63,False,262
134,29.10,False,272
135,15.68,True,158
136,28.39,False,259
137,28.20,False,269
138,28.89,False,266
139,28.89,False,260
140,29.14,False,268
141,25.63,False,266
142,27.87,False,260
143,27.31,False,262
144,29.92,False,250
145,29.55,False,259
146,28.16,False,261
147,29.38,False,256
148,27.40,False,264
149,28.08,False,266
150,27.72,False,264
151,28.73,False,263
152,28.67,False,259
153,28.50,False,268
154,29.07,False,260
155,28.02,False,260
156,8.14,True,70
157,28.92,False,266
158,28.27,False,269
159,28.32,False,269
160,26.79,False,263
161,28.16,False,261
162,28.96,False,265
163,29.05,False,258
164,28.21,False,263
165,28.30,False,261
166,27.65,False,261
167,29.26,False,260
168,28.44,False,270
169,16.47,True,157
170,27.46,False,265
171,29.19,False,254
172,28.81,False,263
173,28.53,False,261
174,29.17,False,265
175,27.74,False,267
176,28.75,False,265
177,28.29,False,265
178,27.57,False,264
179,28.09,False,257
180,29.30,False,260
181,28.19,False,265
182,28.36,False,257
183,27.38,False,279
184,10.31,True,90
185,27.23,False,264
186,8.27,True,69
187,28.56,False,269
188,28.49,False,267
189,13.10,True,147
190,28.92,False,262
191,29.02,False,255
192,29.79,False,259
193,28.00,False,263
194,28.10,False,265
195,29.51,False,259
196,28.91,False,261
197,26.88,False,265
198,29.54,False,257
199,28.05,False,267
200,28.05,False,264
201,28.92,False,263
202,27.26,False,265
203,29.71,False,260
204,27.73,False,269
205,25.70,False,259
206,29.34,False,257
207,27.75,False,260
208,28.36,False,268
209,29.41,False,258
210,28.76,False,266
211,27.87,False,265
212,29.01,False,256
213,28.53,False,265
214,28.83,False,272
215,29.88,False,263
216,28.08,False,268
217,28.89,False,260
218,14.50,True,142
219,29.27,False,262
220,28.15,False,261
221,29.09,False,254
222,28.65,False,253
223,28.19,False,260
224,17.36,True,184
225,27.99,False,260
226,8.22,True,71
227,27.99,False,263
228,28.22,False,258
229,25.85,False,263
230,28.95,False,259
231,28.40,False,264
232,28.96,False,261
233,26.17,False,262
234,27.88,False,267
235,28.87,False,263
236,29.48,False,268
237,28.14,False,266
238,29.24,False,253
239,28.89,False,264
240,24.92,True,248
241,28.14,False,264
242,28.55,False,256
243,29.24,False,263
244,27.72,False,265
245,21.59,True,192
246,29.65,False,266
247,27.82,False,263
248,28.83,False,259
249,27.69,False,260
250,28.61,False,265
251,27.69,False,278
252,28.09,False,266
253,27.33,False,259
254,13.52,True,138
255,28.91,False,271
256,28.90,False,271
257,28.36,False,263
258,28.39,False,264
259,27.91,False,261
260,28.52,False,265
261,17.60,True,172
262,19.82,True,194
263,27.70,False,260
264,29.31,False,263
265,27.93,False,261
266,28.31,False,265
267,29.20,False,263
268,27.49,False,263
269,28.94,False,265
270,28.09,False,259
271,27.57,False,263
272,27.65,False,256
273,29.48,False,267
274,4.67,True,52
275,27.47,False,262
276,28.78,False,260
277,27.89,False,262
278,27.78,False,264
279,29.82,False,261
280,28.61,False,267
281,28.04,False,263
282,26.01,False,266
283,26.75,False,263
284,27.04,False,278
285,28.34,False,260
286,28.49,False,263
287,29.67,False,254
288,29.55,False,259
289,28.00,False,255
290,28.73,False,262
291,27.67,False,265
292,27.43,False,265
293,27.92,False,266
294,10.48,True,104
295,27.85,False,259
296,29.12,False,265
297,28.05,False,262
298,25.87,False,266
299,27.70,False,264
300,28.53,False,261
301,28.84,False,270
302,29.17,False,265
303,27.38,False,264
304,15.84,True,140
305,28.19,False,262
306,28.44,False,257
307,27.62,False,263
308,28.93,False,266
309,27.24,False,265
310,28.80,False,260
311,28.58,False,262
312,27.15,False,259
313,28.18,False,262
314,29.39,False,253
315,28.00,False,264
316,27.04,False,261
317,28.16,False,265
318,28.67,False,262
319,28.34,False,257
320,28.01,False,270
321,27.58,False,261
322,29.13,False,272
323,7.97,True,71
324,28.38,False,262
325,28.53,False,265
326,8.38,True,74
327,29.07,False,270
328,29.58,False,260
329,8.34,True,70
330,28.23,False,261
331,28.80,False,262
332,27.79,False,273
333,28.77,False,260
334,28.54,False,259
335,7.25,True,73
336,28.89,False,264
337,28.24,False,267
338,29.09,False,263
339,29.27,False,264
340,29.28,False,252
341,10.79,True,108
342,27.44,False,266
343,28.02,False,261
344,29.34,False,265
345,28.36,False,273
346,28.39,False,260
347,28.37,False,258
348,28.93,False,253
349,28.70,False,257
350,26.67,False,272
351,26.54,False,264
352,28.69,False,265
353,27.86,False,262
354,29.07,False,257
355,12.48,True,124
356,28.03,False,260
357,27.99,False,267
358,27.62,False,267
359,10.94,True,111
360,28.09,False,261
361,28.83,False,263
362,27.86,False,267
363,27.77,False,265
364,11.41,True,124
365,29.64,False,251
366,7.80,True,71
367,11.35,True,108
368,27.39,False,258
369,27.79,False,267
370,28.84,False,265
371,27.83,False,261
372,28.07,False,269
373,29.06,False,263
374,28.14,False,259
375,27.74,False,264
376,28.62,False,271
377,28.95,False,258
378,28.16,False,267
379,28.50,False,267
380,29.88,False,265
381,10.43,True,104
382,6.65,True,69
383,29.43,False,261
384,28.90,False,260
385,27.00,False,264
386,29.25,False,265
387,28.80,False,277
388,29.21,False,261
389,12.75,True,125
390,29.72,False,259
391,28.13,False,262
392,13.98,True,140
393,22.24,True,233
394,28.37,False,260
395,28.32,False,258
396,29.06,False,262
397,7.04,True,71
398,27.79,False,263
399,9.52,True,89
400,28.62,False,263
401,11.79,True,108
402,28.19,False,274
403,28.30,False,264
404,28.33,False,261
405,28.23,False,262
406,26.71,False,263
407,28.47,False,271
408,28.29,False,259
409,28.74,False,265
410,28.54,False,261
411,28.08,False,259
412,29.34,False,265
413,29.00,False,271
414,27.83,False,261
415,27.55,False,264
416,29.55,False,264
417,28.48,False,266
418,28.94,False,259
419,28.95,False,256
420,27.13,False,269
421,29.07,False,255
422,20.10,True,194
423,29.01,False,255
424,9.75,True,89
425,29.03,False,256
426,28.58,False,266
427,10.91,True,104
428,27.94,False,264
429,27.42,False,267
430,27.98,False,267
431,27.77,False,270
432,29.08,False,260
433,29.51,False,260
434,27.56,False,265
435,29.10,False,256
436,26.43,False,266
437,29.31,False,258
438,28.41,False,265
439,29.00,False,265
440,28.91,False,261
441,28.44,False,263
442,27.62,False,265
443,28.04,False,266
444,28.78,False,260
445,29.59,False,262
446,28.85,False,259
447,8.30,True,86
448,28.37,False,265
449,26.05,False,267
450,28.69,False,269
451,28.77,False,254
452,26.66,False,262
453,28.47,False,260
454,15.34,True,158
455,27.89,False,261
456,21.55,True,211
457,28.92,False,266
458,28.67,False,264
459,6.34,True,53
460,27.13,False,267
461,28.27,False,254
462,28.09,False,261
463,28.36,False,263
464,27.88,False,263
465,28.06,False,267
466,28.23,False,266
467,28.59,False,264
468,29.16,False,263
469,29.35,False,265
470,27.65,False,271
471,29.14,False,260
472,11.99,True,107
473,28.82,False,260
474,8.11,True,72
475,28.75,False,259
476,29.22,False,255
477,28.84,False,249
478,28.01,False,264
479,27.26,False,268
480,28.63,False,265
481,26.54,False,265
482,28.34,False,263
483,29.92,False,261
484,27.44,False,272
485,26.39,False,271
486,27.43,False,262
487,27.29,False,264
488,29.92,False,258
489,11.30,True,108
490,29.41,False,259
491,27.76,False,262
492,29.21,False,260
493,14.28,True,144
494,27.03,False,261
495,28.02,False,263
496,28.30,False,265
497,29.77,False,258
498,26.86,False,262
499,8.43,True,72
*******************************************************************************
Experiment Summary
*******************************************************************************
*******************************************************************************
Raw Data:
control 1 collision: [0.0, 0.0, 0.0, 0.0, 0.0, 0.0, 0.0, 1.0, 1.0, 0.0, 0.0, 0.0, 0.0, 0.0, 0.0, 0.0, 0.0, 0.0, 0.0, 0.0, 1.0, 0.0, 0.0, 0.0, 0.0, 0.0, 0.0, 0.0, 0.0, 0.0, 0.0, 0.0, 1.0, 0.0, 0.0, 0.0, 0.0, 0.0, 0.0, 0.0, 0.0, 0.0, 0.0, 0.0, 0.0, 1.0, 1.0, 0.0, 0.0, 0.0, 0.0, 0.0, 0.0, 1.0, 0.0, 0.0, 1.0, 0.0, 0.0, 0.0, 1.0, 1.0, 0.0, 0.0, 0.0, 0.0, 0.0, 1.0, 0.0, 0.0, 0.0, 0.0, 0.0, 0.0, 0.0, 0.0, 0.0, 0.0, 0.0, 0.0, 0.0, 0.0, 0.0, 0.0, 0.0, 0.0, 0.0, 0.0, 1.0, 0.0, 0.0, 0.0, 0.0, 0.0, 1.0, 0.0, 0.0, 0.0, 0.0, 1.0, 0.0, 0.0, 0.0, 0.0, 0.0, 0.0, 0.0, 0.0, 0.0, 0.0, 1.0, 0.0, 0.0, 0.0, 0.0, 0.0, 0.0, 0.0, 0.0, 0.0, 0.0, 0.0, 0.0, 0.0, 0.0, 1.0, 0.0, 1.0, 1.0, 0.0, 1.0, 0.0, 0.0, 0.0, 0.0, 1.0, 0.0, 0.0, 0.0, 0.0, 0.0, 1.0, 0.0, 0.0, 0.0, 0.0, 0.0, 0.0, 0.0, 0.0, 0.0, 0.0, 0.0, 0.0, 1.0, 0.0, 0.0, 0.0, 0.0, 0.0, 0.0, 0.0, 1.0, 0.0, 0.0, 0.0, 0.0, 1.0, 0.0, 1.0, 0.0, 0.0, 0.0, 1.0, 1.0, 0.0, 0.0, 0.0, 0.0, 0.0, 0.0, 0.0, 0.0, 0.0, 0.0, 0.0, 0.0, 1.0, 0.0, 0.0, 0.0, 0.0, 0.0, 1.0, 0.0, 1.0, 0.0, 0.0, 0.0, 0.0, 0.0, 0.0, 0.0, 0.0, 0.0, 0.0, 0.0, 0.0, 0.0, 0.0, 0.0, 0.0, 0.0, 0.0, 0.0, 0.0, 0.0, 0.0, 1.0, 0.0, 0.0, 0.0, 0.0, 0.0, 0.0, 0.0, 0.0, 0.0, 0.0, 0.0, 0.0, 1.0, 0.0, 0.0, 0.0, 0.0, 0.0, 0.0, 1.0, 0.0, 0.0, 0.0, 1.0, 0.0, 0.0, 0.0, 0.0, 0.0, 0.0, 0.0, 0.0, 1.0, 0.0, 1.0, 0.0, 0.0, 0.0, 0.0, 0.0, 0.0, 0.0, 0.0, 0.0, 0.0, 0.0, 0.0, 0.0, 0.0, 0.0, 0.0, 0.0, 0.0, 0.0, 0.0, 0.0, 0.0, 0.0, 0.0, 0.0, 0.0, 0.0, 0.0, 0.0, 0.0, 0.0, 0.0, 0.0, 1.0, 0.0, 0.0, 0.0, 0.0, 1.0, 0.0, 0.0, 0.0, 0.0, 0.0, 0.0, 0.0, 0.0, 0.0, 0.0, 0.0, 0.0, 0.0, 1.0, 0.0, 0.0, 0.0, 0.0, 0.0, 0.0, 0.0, 0.0, 0.0, 0.0, 0.0, 0.0, 0.0, 0.0, 0.0, 0.0, 0.0, 0.0, 0.0, 0.0, 0.0, 0.0, 0.0, 0.0, 0.0, 0.0, 0.0, 0.0, 0.0, 0.0, 0.0, 0.0, 0.0, 0.0, 0.0, 0.0, 0.0, 0.0, 0.0, 0.0, 0.0, 0.0, 0.0, 0.0, 1.0, 0.0, 0.0, 0.0, 0.0, 1.0, 0.0, 0.0, 0.0, 0.0, 0.0, 0.0, 0.0, 0.0, 0.0, 1.0, 0.0, 0.0, 0.0, 1.0, 0.0, 0.0, 0.0, 0.0, 0.0, 1.0, 0.0, 0.0, 0.0, 0.0, 0.0, 0.0, 1.0, 0.0, 0.0, 1.0, 0.0, 1.0, 0.0, 0.0, 0.0, 1.0, 0.0, 0.0, 0.0, 0.0, 0.0, 0.0, 0.0, 1.0, 0.0, 0.0, 1.0, 0.0, 0.0, 0.0, 0.0, 1.0, 0.0, 0.0, 0.0, 0.0, 0.0, 0.0, 0.0, 0.0, 0.0, 0.0, 0.0, 0.0, 1.0, 1.0, 0.0, 0.0, 1.0, 0.0, 0.0, 0.0, 0.0, 0.0, 0.0, 0.0, 0.0, 0.0, 0.0, 0.0, 0.0, 0.0, 0.0, 0.0, 0.0, 0.0, 0.0, 1.0, 0.0, 0.0, 0.0, 0.0, 0.0, 0.0, 0.0, 0.0, 0.0, 0.0, 1.0, 0.0, 0.0, 0.0, 0.0, 0.0, 0.0, 0.0, 0.0, 0.0, 0.0, 1.0, 0.0, 0.0, 0.0, 0.0, 0.0, 1.0, 0.0, 0.0, 1.0, 0.0, 1.0, 0.0, 0.0, 0.0, 0.0, 0.0, 0.0, 0.0, 0.0, 0.0, 0.0, 0.0, 0.0, 1.0, 0.0, 0.0, 0.0, 0.0, 1.0, 0.0, 0.0, 0.0, 0.0]
control 1 rewards: [29.352928727268296, 29.0652313933103, 29.157511903216093, 27.673361862612364, 28.378924053272353, 27.411162345365682, 29.743053917719138, 20.21732228063208, 20.416991404844605, 28.510618655154133, 28.47214702473606, 27.164932682347644, 29.05384370282209, 28.090704649371762, 26.966483413617194, 27.284864735563513, 29.34536286694464, 29.80491723862642, 28.786618620831476, 28.33325117755194, 13.783872881203651, 28.19378525666618, 28.242627287567792, 26.550133140364625, 27.722500018720673, 28.64880869260508, 28.26789899605316, 29.20952294643198, 29.254683052897597, 27.982044351052064, 28.83492969284589, 28.82788565006777, 11.049890272756297, 27.90184412684218, 27.829560355268875, 29.84855254481733, 28.44776094064191, 26.778289843248, 29.31242576653632, 28.481514444587763, 28.147658825830423, 29.040720263816315, 28.353140840826306, 28.81886480435216, 29.088403625834026, 10.535540129197907, 8.518352379487064, 27.805735492283535, 28.240726728357867, 27.420051368948673, 28.622014482258287, 29.839281937463532, 29.101279966936445, 9.390138401042883, 29.80804768974413, 29.601443562537412, 7.085239594683276, 26.12560427041912, 29.07328406174632, 29.141388397459288, 6.339647521757468, 21.408389456711095, 28.006342478904664, 27.50858522156507, 27.53749823953204, 29.351752558889103, 28.050421373855997, 23.22157610806873, 27.696569950793265, 27.34182516088317, 29.012842496475294, 28.8002986382312, 26.53288890603849, 29.60653119450228, 26.96875167369931, 29.702054825919213, 28.228298106598178, 27.317661050919952, 28.703543762674887, 27.40391505357408, 28.491166872767778, 29.148709969585965, 28.40945724418106, 28.498311403407847, 27.777852415872037, 28.872515145289626, 27.93068666010054, 29.404895219233225, 9.572362287982887, 27.61175892416788, 28.345159051221632, 28.367055034937763, 29.808414204211, 27.953219655300984, 16.058182626651202, 26.551651490773434, 29.31078464466506, 28.32001413813353, 28.945900793161943, 6.000302820477795, 27.514994111717595, 27.700305342569365, 29.316508994854008, 29.72987811698245, 28.730564449873963, 28.593370788375516, 28.04657193182248, 28.813718999416814, 28.363226992925778, 28.366367941683983, 17.026443460574548, 28.32212986161471, 28.164662030049534, 28.41530978587048, 27.834232711231895, 27.040668935577706, 25.98413135770448, 27.582943697614827, 27.906831946215394, 28.62674061890334, 29.63573671574293, 28.011399788137847, 28.86211899508292, 28.280412170877884, 28.824352585034163, 10.640080566115602, 26.547899948257218, 11.196261766652484, 7.230588306010105, 28.3225879373311, 23.21033721329464, 28.401483851020146, 28.184689263418427, 27.96187952235389, 28.292487481466612, 17.015680539414003, 28.24195465062411, 28.559101776785052, 29.75, 25.719011392027618, 29.834654472731984, 14.963309129716416, 28.996866016553426, 28.69621823499183, 29.667211681561955, 27.96425989503074, 28.502380717300163, 28.86438204859819, 28.893537934812148, 28.693771089037114, 27.97957739296056, 28.515199578141306, 28.480246081456343, 29.17874988791385, 17.09677722041836, 29.108578559535154, 28.31083262726542, 28.114680139126833, 29.473144698031707, 29.517581986278287, 27.652888687745783, 28.278979256551757, 10.217483729977353, 28.76167996809894, 24.329902944350717, 28.117664971129308, 28.526830945510376, 25.693090945519216, 27.76137491615472, 22.392771956238548, 28.032251017005418, 26.962503809490872, 28.420273233242607, 24.04843953518026, 6.745787153346738, 26.53095782969101, 29.50382688902874, 29.273481405973534, 26.070929408921263, 28.02470438305439, 29.355632963388107, 29.51320345051522, 29.47027476990678, 28.231930201696635, 28.67326126074369, 29.495556890827, 29.26172730634018, 14.82012069587565, 28.950695640012576, 27.688506651347705, 28.13837177967671, 29.88205869895962, 28.664036147781925, 15.15541592867714, 29.17764303188543, 23.06874502845116, 28.518770723098292, 28.75695354525398, 27.031089606208788, 26.710501072262595, 28.743023282542783, 27.635043816872454, 28.798299049716256, 28.62411686025135, 27.886377693038835, 28.130435279114764, 28.439413158383537, 27.361225028143927, 28.709787418143787, 28.18990287190097, 28.91744376462619, 28.742413705338816, 29.809440306144566, 29.642138332610145, 23.88749813759158, 28.60745043149048, 27.307807143452397, 27.954106438321354, 5.370507224309762, 28.642411456999838, 29.14844041521223, 28.364838507694536, 27.556749781921184, 28.36197896933409, 27.183612884780594, 28.062027295736257, 29.419599010541976, 29.031914733298983, 29.318520873542106, 28.256229340884207, 28.2834036922891, 21.330108854735993, 28.047438922371896, 26.18822426739363, 28.143028856049895, 27.434267284025637, 27.198636333617895, 28.249603054760627, 11.660484593497868, 29.323176144233877, 29.701764209236018, 28.39298010366665, 13.067641438442747, 27.908322281161173, 28.57675181619166, 29.330260683152453, 28.866204248259596, 26.99273224424485, 27.161594682520654, 27.187704811348404, 27.909783397636232, 9.349517167942526, 27.076030283734585, 8.1727071278498, 29.555084213591428, 28.02009225026934, 27.709101794683995, 29.300169514905743, 29.109952438689064, 27.549262523943902, 27.777713060658407, 28.65355642471047, 27.83300602213597, 27.334507785917896, 29.502558862217924, 28.788580993719115, 27.99727668382027, 27.24813301806967, 28.31166013050041, 29.325223865528688, 28.99178804672066, 28.634491641346244, 29.65464318057986, 28.065235736336778, 27.92497085547351, 27.916778298279766, 29.417439031572396, 28.801289168535092, 29.114272037805836, 25.917959682993846, 27.778259670289206, 27.98569993299693, 29.047474887418463, 29.097929953848745, 28.305914759441094, 28.122674950038746, 29.564206122529306, 12.107403881550805, 28.035267294913876, 26.85851737514684, 29.357926431528956, 29.011249945504705, 11.355817299600268, 28.713511782822707, 28.29219003750319, 28.666103205096174, 27.901220774483264, 29.48841146994304, 29.103427320162538, 28.752516986198152, 29.55659424423094, 29.87745277434104, 29.696258121249986, 28.033257312375493, 25.553488830530597, 27.13915913905844, 11.823900611390037, 28.359382247605915, 27.90773662726273, 26.38179790501292, 29.7673587129181, 26.575033347078687, 27.34116150597277, 29.361955532309217, 29.01664933578078, 27.871767840429335, 28.902282424864108, 27.6525289638088, 28.777448104221225, 28.695816571496813, 28.497940161181255, 28.57925291325767, 28.124005036883542, 28.65377672085426, 29.078673956067195, 29.20850527204602, 27.56501679653906, 27.644021789177298, 29.549000550094213, 27.574913147779096, 26.90724582498406, 26.45532370481608, 29.266618716853934, 29.69913294043114, 27.86012577745994, 29.558112796576083, 27.549788856424897, 27.76668286305351, 29.163357265482063, 27.9882607025269, 28.50472900429055, 28.460460001853193, 27.815480516550007, 29.000738168874147, 28.114854421092534, 28.670722063107142, 28.427920727583572, 27.967623821552856, 27.89473466796618, 27.629047952979867, 27.590416838907725, 8.755636276723612, 28.352656005137757, 29.560649498521236, 29.5590057156569, 27.825511202883177, 22.12904477077224, 28.137427615726626, 29.02601942709191, 27.53272563751507, 29.390756996233574, 27.953251883202313, 27.110572197141366, 28.205923365036572, 27.76336669181231, 29.246290819179684, 8.518107661536, 28.130463305198095, 28.777638950332474, 29.00238212388875, 14.740014037585969, 28.360430442731026, 27.65786793016282, 27.620956953668266, 28.403687280979778, 26.795026954705417, 13.413056134060948, 29.04415379707308, 27.262093606085827, 26.842454303148692, 29.366287334395842, 27.993095276061414, 29.611007480983055, 16.62963826860763, 27.663098468084883, 25.905202164726514, 16.056659796996467, 28.06707283962351, 23.7973915314873, 27.669975028392415, 29.296700247196352, 29.22277831350328, 8.233942594916687, 26.433109071308117, 28.831892183163493, 27.719260300465805, 28.6812670890992, 28.62327058679195, 28.630184467627338, 28.83370157470678, 4.822425570606533, 29.007073551772937, 27.90946585033884, 13.46327922227996, 29.357416546471157, 27.99777730686566, 28.486762511972266, 26.917102298375106, 23.49510524994775, 29.708809429033916, 28.98801581153314, 29.482609029484014, 28.77167670810829, 27.574023559664543, 28.235360212580733, 28.598884999965673, 28.28478892279232, 27.586910876638196, 28.232321484351292, 28.40028881143022, 28.206107214223955, 13.973543667378115, 14.065197162870598, 28.077384910825202, 26.9313860942639, 10.121670669191433, 27.094934287513325, 27.369056197027447, 27.623742686337334, 28.348375473201596, 28.28051522552748, 27.77036652493082, 28.627518750857096, 28.065724186761038, 28.546451166474533, 27.80561991998051, 27.905405121413878, 27.094788335451128, 28.394461731885457, 29.618550042809655, 29.11120598988178, 29.369474690563656, 27.729902661420923, 28.307018974406624, 23.20073403120617, 28.738640922533897, 27.284363721023745, 28.63419045164132, 29.02070336589481, 27.671940454409643, 28.44497040331218, 26.77853501939114, 27.156989222144666, 28.141734722010597, 28.064855367761318, 19.92858858319924, 27.69814958804642, 29.558449853278237, 27.36256005754707, 28.089737504785358, 29.118398450520758, 29.536588666660045, 28.29049011795642, 27.004418940675478, 27.72389324026756, 26.438415608058087, 20.928523061923883, 29.10465899960985, 27.177789504065558, 25.498839746209654, 28.431023276524943, 27.894155556584977, 14.951648869200945, 27.865164084468038, 27.856362146333527, 19.58265155180725, 26.426963250358043, 19.357444705950588, 27.91697592465393, 26.844445687090182, 29.21673879925856, 29.802561793440074, 28.07293885562905, 27.03721965331497, 29.16562142859682, 29.03204487826708, 29.090752191958323, 27.905406072163846, 28.696247009702613, 29.830234482548, 5.854259371542546, 28.844333808497105, 29.444816400464298, 27.931104190872215, 29.20428021573835, 17.027050697014804, 29.769975715873468, 29.1476654177634, 29.68406076944994, 26.803178029483256]
control 1 lidar samples: [480, 480, 480, 480, 480, 480, 480, 384, 368, 480, 480, 480, 480, 480, 480, 480, 480, 480, 480, 480, 256, 480, 480, 480, 480, 480, 480, 480, 480, 480, 480, 480, 224, 480, 480, 480, 480, 480, 480, 480, 480, 480, 480, 480, 480, 208, 160, 480, 480, 480, 480, 480, 480, 192, 480, 480, 144, 480, 480, 480, 128, 416, 480, 480, 480, 480, 480, 448, 480, 480, 480, 480, 480, 480, 480, 480, 480, 480, 480, 480, 480, 480, 480, 480, 480, 480, 480, 480, 176, 480, 480, 480, 480, 480, 304, 480, 480, 480, 480, 128, 480, 480, 480, 480, 480, 480, 480, 480, 480, 480, 320, 480, 480, 480, 480, 480, 480, 480, 480, 480, 480, 480, 480, 480, 480, 208, 480, 208, 144, 480, 448, 480, 480, 480, 480, 320, 480, 480, 480, 480, 480, 304, 480, 480, 480, 480, 480, 480, 480, 480, 480, 480, 480, 480, 336, 480, 480, 480, 480, 480, 480, 480, 208, 480, 480, 480, 480, 480, 480, 432, 480, 480, 480, 432, 144, 480, 480, 480, 480, 480, 480, 480, 480, 480, 480, 480, 480, 288, 480, 480, 480, 480, 480, 288, 480, 432, 480, 480, 480, 480, 480, 480, 480, 480, 480, 480, 480, 480, 480, 480, 480, 480, 480, 480, 480, 480, 480, 480, 112, 480, 480, 480, 480, 480, 480, 480, 480, 480, 480, 480, 480, 400, 480, 480, 480, 480, 480, 480, 224, 480, 480, 480, 240, 480, 480, 480, 480, 480, 480, 480, 480, 192, 480, 160, 480, 480, 480, 480, 480, 480, 480, 480, 480, 480, 480, 480, 480, 480, 480, 480, 480, 480, 480, 480, 480, 480, 480, 480, 480, 480, 480, 480, 480, 480, 480, 480, 480, 240, 480, 480, 480, 480, 208, 480, 480, 480, 480, 480, 480, 480, 480, 480, 480, 480, 480, 480, 224, 480, 480, 480, 480, 480, 480, 480, 480, 480, 480, 480, 480, 480, 480, 480, 480, 480, 480, 480, 480, 480, 480, 480, 480, 480, 480, 480, 480, 480, 480, 480, 480, 480, 480, 480, 480, 480, 480, 480, 480, 480, 480, 480, 480, 176, 480, 480, 480, 480, 464, 480, 480, 480, 480, 480, 480, 480, 480, 480, 176, 480, 480, 480, 272, 480, 480, 480, 480, 480, 256, 480, 480, 480, 480, 480, 480, 336, 480, 480, 288, 480, 464, 480, 480, 480, 160, 480, 480, 480, 480, 480, 480, 480, 112, 480, 480, 272, 480, 480, 480, 480, 432, 480, 480, 480, 480, 480, 480, 480, 480, 480, 480, 480, 480, 272, 272, 480, 480, 192, 480, 480, 480, 480, 480, 480, 480, 480, 480, 480, 480, 480, 480, 480, 480, 480, 480, 480, 416, 480, 480, 480, 480, 480, 480, 480, 480, 480, 480, 368, 480, 480, 480, 480, 480, 480, 480, 480, 480, 480, 384, 480, 480, 480, 480, 480, 288, 480, 480, 384, 480, 368, 480, 480, 480, 480, 480, 480, 480, 480, 480, 480, 480, 480, 112, 480, 480, 480, 480, 304, 480, 480, 480, 480]
control 2 collision: [0.0, 0.0, 1.0, 0.0, 1.0, 0.0, 0.0, 0.0, 0.0, 0.0, 0.0, 0.0, 0.0, 0.0, 1.0, 1.0, 0.0, 0.0, 0.0, 0.0, 0.0, 0.0, 0.0, 0.0, 0.0, 0.0, 0.0, 0.0, 0.0, 0.0, 0.0, 0.0, 0.0, 0.0, 0.0, 0.0, 1.0, 0.0, 0.0, 0.0, 0.0, 0.0, 0.0, 0.0, 0.0, 1.0, 0.0, 0.0, 0.0, 1.0, 0.0, 0.0, 1.0, 0.0, 0.0, 0.0, 0.0, 0.0, 0.0, 0.0, 0.0, 1.0, 1.0, 0.0, 0.0, 0.0, 0.0, 0.0, 0.0, 0.0, 0.0, 0.0, 0.0, 0.0, 0.0, 0.0, 0.0, 0.0, 0.0, 0.0, 0.0, 0.0, 0.0, 0.0, 0.0, 0.0, 0.0, 0.0, 0.0, 0.0, 1.0, 1.0, 0.0, 1.0, 0.0, 0.0, 0.0, 1.0, 0.0, 0.0, 0.0, 0.0, 0.0, 0.0, 0.0, 0.0, 0.0, 0.0, 1.0, 0.0, 0.0, 1.0, 1.0, 0.0, 0.0, 0.0, 0.0, 0.0, 0.0, 0.0, 0.0, 0.0, 0.0, 0.0, 0.0, 0.0, 1.0, 0.0, 0.0, 1.0, 0.0, 0.0, 0.0, 0.0, 0.0, 0.0, 0.0, 0.0, 0.0, 0.0, 0.0, 0.0, 0.0, 0.0, 0.0, 1.0, 0.0, 1.0, 0.0, 1.0, 0.0, 0.0, 1.0, 0.0, 0.0, 0.0, 0.0, 0.0, 0.0, 0.0, 1.0, 0.0, 0.0, 1.0, 0.0, 0.0, 1.0, 0.0, 0.0, 0.0, 0.0, 0.0, 0.0, 0.0, 0.0, 0.0, 0.0, 0.0, 0.0, 0.0, 0.0, 0.0, 0.0, 1.0, 1.0, 0.0, 1.0, 0.0, 0.0, 0.0, 0.0, 0.0, 0.0, 0.0, 1.0, 1.0, 0.0, 0.0, 0.0, 0.0, 0.0, 1.0, 0.0, 1.0, 0.0, 0.0, 0.0, 0.0, 0.0, 0.0, 1.0, 0.0, 0.0, 0.0, 0.0, 0.0, 0.0, 0.0, 0.0, 0.0, 0.0, 0.0, 0.0, 0.0, 0.0, 0.0, 0.0, 0.0, 0.0, 0.0, 0.0, 1.0, 0.0, 0.0, 0.0, 0.0, 1.0, 0.0, 0.0, 0.0, 1.0, 0.0, 0.0, 0.0, 0.0, 0.0, 0.0, 0.0, 0.0, 0.0, 1.0, 0.0, 0.0, 0.0, 0.0, 0.0, 0.0, 0.0, 1.0, 1.0, 0.0, 1.0, 1.0, 0.0, 1.0, 0.0, 0.0, 0.0, 1.0, 0.0, 0.0, 0.0, 0.0, 0.0, 1.0, 0.0, 1.0, 0.0, 0.0, 0.0, 0.0, 0.0, 0.0, 0.0, 0.0, 0.0, 0.0, 0.0, 0.0, 0.0, 0.0, 0.0, 1.0, 0.0, 0.0, 0.0, 0.0, 0.0, 0.0, 0.0, 0.0, 0.0, 0.0, 0.0, 1.0, 0.0, 0.0, 1.0, 0.0, 0.0, 0.0, 0.0, 0.0, 1.0, 0.0, 0.0, 0.0, 1.0, 0.0, 0.0, 0.0, 0.0, 0.0, 0.0, 0.0, 0.0, 0.0, 0.0, 0.0, 0.0, 1.0, 0.0, 0.0, 0.0, 0.0, 0.0, 0.0, 0.0, 1.0, 0.0, 0.0, 1.0, 0.0, 0.0, 0.0, 0.0, 0.0, 0.0, 1.0, 1.0, 0.0, 1.0, 0.0, 0.0, 0.0, 0.0, 0.0, 1.0, 0.0, 1.0, 0.0, 0.0, 0.0, 0.0, 0.0, 0.0, 0.0, 0.0, 0.0, 0.0, 0.0, 0.0, 0.0, 0.0, 0.0, 1.0, 0.0, 0.0, 1.0, 0.0, 0.0, 0.0, 0.0, 1.0, 0.0, 0.0, 0.0, 0.0, 1.0, 0.0, 0.0, 0.0, 0.0, 0.0, 0.0, 0.0, 0.0, 0.0, 0.0, 0.0, 1.0, 0.0, 0.0, 0.0, 0.0, 0.0, 0.0, 1.0, 0.0, 0.0, 0.0, 0.0, 0.0, 0.0, 0.0, 0.0, 0.0, 0.0, 1.0, 0.0, 0.0, 0.0, 0.0, 0.0, 0.0, 0.0, 0.0, 0.0, 0.0, 0.0, 0.0, 0.0, 0.0, 0.0, 0.0, 0.0, 1.0, 0.0, 0.0, 1.0, 0.0, 0.0, 0.0, 0.0, 0.0, 0.0, 1.0, 0.0, 0.0, 0.0, 0.0, 0.0, 0.0, 0.0, 0.0, 0.0, 0.0, 0.0, 0.0, 1.0, 0.0, 0.0, 1.0, 0.0, 1.0, 0.0, 0.0, 1.0, 0.0, 1.0, 0.0, 1.0, 0.0, 0.0, 1.0, 0.0, 0.0, 0.0, 0.0, 0.0, 0.0, 0.0, 1.0, 1.0, 0.0, 0.0, 0.0, 0.0, 0.0, 0.0, 0.0, 0.0, 0.0, 0.0, 1.0, 0.0, 0.0, 0.0, 0.0, 0.0]
control 2 rewards: [26.732827976352418, 28.532713731638296, 16.370714133407198, 28.962004058526958, 11.876356641902122, 27.16237236494684, 28.935802182452257, 28.432565542483893, 23.90716066874791, 27.05309848423751, 26.593171335617292, 27.92422532618923, 27.396131992426525, 24.854014731844007, 23.006346338060712, 7.190830554930617, 27.853821243202827, 27.663223368954696, 28.496068324582414, 29.05922782739607, 29.452133572362246, 28.33970952737297, 25.85137115906582, 26.926617341058954, 26.168362512629837, 28.038201304225908, 26.38926941848573, 29.65162781751909, 29.14684508022487, 28.486235878514893, 29.038925645834965, 27.20142481264298, 26.589920276846463, 28.496249764735964, 29.596772438249317, 23.79349711658001, 4.367129673171053, 26.22074144256896, 24.715495466105256, 26.184476145094045, 28.6122373858985, 28.068152627342265, 27.362767161449675, 29.34645136167853, 29.351720590046774, 8.417218595637658, 27.253235461509117, 28.2498003602507, 29.232067604137654, 22.33741203726724, 28.779643881501734, 28.103913043915224, 5.0006410849340925, 26.360804923724356, 29.585148922602002, 27.288752036260604, 25.25658556780324, 29.4230792005363, 26.972789383357906, 29.4272327566149, 27.04821000264844, 18.45602001023534, 18.531170362750128, 24.71719167015546, 27.308575210226994, 25.315824900151842, 29.4440279859367, 27.921529767308293, 27.84717517277886, 24.634692080586213, 26.804115338198613, 29.342451907851956, 28.218946831413255, 26.00206019498286, 26.32016445531404, 26.562527785815092, 29.23077441534532, 26.238639636838887, 24.98049710538467, 28.338721439967948, 26.97292651145592, 25.20759563542622, 28.80618566764369, 29.916666666666668, 27.883281134342326, 28.673415468771374, 26.43582765318076, 27.639070236873245, 26.928339772206012, 29.760787524593177, 15.889949858452512, 10.62326548468658, 26.134591937145192, 11.351806265463992, 27.234907948359865, 26.53234406822765, 27.909778426133858, 10.394362535150336, 29.48355606306197, 28.0080080769702, 26.103764369651923, 26.18239288555958, 27.958025305889233, 29.681007894740016, 29.43268659029494, 28.79248326858569, 25.68190030637006, 24.593940996256077, 12.026286704379489, 28.156450039654064, 29.520319989958807, 8.423854956130493, 11.831315334272611, 27.64696005244666, 29.061185444881872, 23.932302883611307, 24.500458925928374, 27.41365384818373, 26.877322643450302, 29.69292002978227, 26.804617458661628, 28.98508065626673, 29.21067079524589, 27.940912567658177, 26.913325961032587, 29.166427189681933, 6.678023413819278, 27.454553020686514, 26.983119641736117, 4.687494884866282, 27.18291518676704, 27.277643900260323, 27.47479630439178, 24.936038319448755, 27.505017658160224, 27.65171586859955, 27.737584868017166, 26.888617102474278, 28.23494400757878, 27.337348824748883, 29.66242359885857, 27.800036443598163, 25.849560676526725, 27.049649796705488, 29.86339192403758, 6.554785052675784, 28.402110866850762, 11.22900596893286, 29.418062824057536, 16.624151072250598, 27.43856465702114, 26.387117463391682, 7.844500819962923, 28.371216666515927, 28.923095813231654, 28.746025180116604, 26.47261568025482, 28.553174543966502, 25.701010543904165, 25.257065101432836, 5.195714483500703, 28.780748423236115, 29.276568088111393, 17.248016723796315, 29.775269502274732, 28.322212906807124, 14.632449000224831, 28.529470742490638, 28.00501992451971, 27.03150989337413, 25.985422298817383, 29.81801717788951, 28.5479588852095, 26.96949054352317, 26.568011692800813, 29.34791119051057, 29.10338901562575, 28.292541017606506, 26.297726880016214, 28.407545968918942, 26.35838302038847, 29.916666666666664, 28.58464980953119, 19.478553869111025, 9.522307869639198, 29.61980412105693, 23.552260121998483, 27.068948508802716, 28.54134685669709, 28.791798890579983, 26.06934983798663, 26.008450520604672, 29.505201679053073, 28.54193189750791, 15.614410163941548, 15.969725747344896, 26.631629774615178, 29.402760132047458, 28.99911359152829, 27.561074568853282, 26.953494755574106, 11.4650050545982, 27.131270640370964, 9.756859044579869, 29.060649088556357, 28.966962335763288, 27.361979040180024, 27.98735226209384, 26.066254398576593, 28.830167070173598, 23.245770270740607, 25.790247600400203, 28.08616095329523, 27.30217952656337, 25.980129814510974, 27.427802092295924, 27.254501564108246, 25.82610101296048, 27.116426975841282, 26.6696584190069, 29.126895456624002, 29.392214194931732, 26.79934672431539, 27.01636909934169, 29.55705757331427, 26.629988076841226, 27.976130631951765, 28.30211201112451, 27.28359501030074, 29.366109709698165, 26.696630203212028, 5.417860892625958, 27.016849249463508, 29.532743420753295, 29.539053286587936, 28.56706953657396, 23.610694532120174, 29.700548524155465, 28.405417633217166, 29.02837801664721, 12.586145371516082, 29.351488481100013, 28.652324315605874, 29.712690584974887, 28.43662461034843, 29.923837003874752, 26.64839479113765, 27.67441215982016, 27.43406038269712, 27.010250934361064, 4.515561806841798, 25.636519975483964, 27.70240363593027, 25.758468993849917, 26.789230497367186, 28.70862331206273, 27.05001230205324, 27.954839188643305, 5.473835585496496, 20.21619364924225, 24.747394572769707, 6.899591971671682, 13.864832330032371, 29.030527772718376, 12.337297546294884, 28.57966230413927, 25.38756885839185, 26.931688022583394, 15.556866575692373, 29.13368319603616, 28.377593567824583, 26.514140869834794, 26.227910354823905, 27.501955864599104, 12.4606442097313, 29.773046305677806, 7.939735755120601, 28.877136306635965, 29.605078580850712, 29.916666666666664, 26.206012447069536, 29.309570813595524, 24.103193359447438, 25.635165201605773, 26.995270161328687, 28.698756630314715, 29.507389995018652, 25.661027050369974, 25.724038157375137, 26.797793231464247, 26.03063350759602, 29.602258440117122, 7.47962013781055, 27.225178808242724, 29.532719567231485, 28.99270116585346, 28.13970090132886, 29.48619919397135, 25.841146059471253, 29.478676895135123, 26.939856262655898, 28.911159991808223, 29.441138049362124, 27.004122833332634, 19.962605422952812, 29.05260840915022, 28.76047270308941, 6.982234604647081, 27.2245190773361, 26.04343859705475, 28.52054081994094, 29.234071703700153, 27.535591556378453, 16.49531847448782, 28.093430447846, 26.693338085437333, 26.933255350690757, 9.506456005113057, 26.914581802172712, 28.63284653192002, 28.61777678566592, 27.555048405455853, 25.485902151064387, 29.035731315471025, 27.428026872375387, 27.637832335426452, 28.670040836538146, 27.429564847940377, 25.482986138741392, 28.7654188306346, 14.420324847366967, 24.586848936509238, 25.590830076319556, 29.75350078281381, 28.771888905898066, 27.111278885685838, 28.13240324826207, 29.225465538126542, 4.3475471294061885, 29.13000816394551, 29.0190972082435, 3.9415301826355797, 28.760844500181697, 28.40246698692961, 25.189592620363687, 28.463270822761746, 26.055660424543994, 26.001392020880314, 15.349628467040569, 23.290144895468547, 24.837189854197945, 13.420493135581145, 26.000833311386398, 25.11822609121132, 27.879679156514367, 28.764635188828738, 26.40852713380422, 9.584355682272298, 27.366497765293246, 12.988818465165714, 25.414708169247316, 26.418401472938907, 24.952477986101492, 28.196044543878127, 28.875041301614072, 28.989991618370077, 27.831646412363533, 26.53902813898848, 26.14297430607584, 26.108105050508495, 24.82175504934453, 29.371916270840813, 29.32203450910985, 27.889574468293798, 27.373279084618435, 13.740292679969569, 24.428849447963994, 28.67676771408878, 13.974420302591122, 29.81236851373125, 25.894486899971707, 29.269040520599802, 26.51156720302178, 14.84226829965521, 26.061553634499592, 29.197344721757275, 25.922832176438128, 27.528878901642177, 5.2930962077922965, 26.22774686472567, 27.26834463022612, 29.337827232335773, 26.221363970843385, 26.46923232789918, 25.17476164347759, 28.1176498374446, 26.65119864287322, 28.350641375415822, 28.631992650850727, 29.350990935393156, 13.925241572076438, 26.652605299138077, 28.174501518890885, 29.025251653042584, 28.379063838486893, 29.584891805790605, 28.851369804392345, 21.44553877426856, 26.971875256772634, 29.672656071004166, 28.56436865666285, 28.348199419853515, 26.45657573471375, 26.31444924322821, 28.827151773005983, 27.265473731378684, 28.30574883035631, 29.28600690755451, 8.753060168238692, 28.17667438045388, 27.83950810070955, 29.540189515620625, 27.3491188557971, 27.016746238406864, 25.341691626282714, 29.124290629153876, 29.323753080877673, 28.070224717588342, 29.822963799101412, 29.20648674012214, 29.04602509268865, 26.87302453697202, 29.51390904851128, 23.715658345653612, 28.303252810146184, 28.88624321369832, 27.417864597921795, 27.37269048846387, 27.40423016295489, 8.01836541067746, 27.544497716983493, 28.34311633535344, 28.77757704579954, 27.027470318818438, 28.353142233256712, 27.034519490312874, 19.551629875515875, 29.916666666666664, 28.023044464773754, 24.383904216180817, 28.638823214484706, 25.890807548617488, 24.58549844528586, 26.67222728814328, 25.133604985889487, 28.23345316959282, 27.097882255531932, 25.13309551603455, 27.896823327059327, 17.393086387600874, 25.52592979405815, 27.16550765383095, 8.320697669068544, 25.64498107044763, 13.423052567169025, 28.954492215472072, 29.916666666666664, 2.6818968988971323, 29.333574660180986, 11.94877189478995, 26.555064450938602, 4.526297528664138, 27.011604571397303, 28.126996323078075, 10.643460202993602, 27.918617222376184, 27.585853964452937, 29.462746014422148, 25.697142881403735, 25.008878781875268, 25.989649051250808, 29.029127529992167, 13.561478058413726, 6.900461304950316, 28.372413049844884, 29.403604847996334, 26.416074779393135, 28.42098200078083, 29.424249918602943, 26.21991132172559, 29.68670631443397, 25.88841067966342, 27.977875534446355, 27.752764278749606, 19.884122047958886, 26.580958943996063, 26.692720593909044, 28.28147244913226, 27.380350461499845, 27.62325146980208]
control 2 lidar samples: [240, 240, 144, 240, 112, 240, 240, 240, 240, 240, 240, 240, 240, 240, 208, 64, 240, 240, 240, 240, 240, 240, 240, 240, 240, 240, 240, 240, 240, 240, 240, 240, 240, 240, 240, 240, 32, 240, 240, 240, 240, 240, 240, 240, 240, 80, 240, 240, 240, 192, 240, 240, 48, 240, 240, 240, 240, 240, 240, 240, 240, 160, 160, 240, 240, 240, 240, 240, 240, 240, 240, 240, 240, 240, 240, 240, 240, 240, 240, 240, 240, 240, 240, 240, 240, 240, 240, 240, 240, 240, 144, 96, 240, 112, 240, 240, 240, 96, 240, 240, 240, 240, 240, 240, 240, 240, 240, 240, 128, 240, 240, 80, 112, 240, 240, 240, 240, 240, 240, 240, 240, 240, 240, 240, 240, 240, 64, 240, 240, 32, 240, 240, 240, 240, 240, 240, 240, 240, 240, 240, 240, 240, 240, 240, 240, 64, 240, 112, 240, 160, 240, 240, 64, 240, 240, 240, 240, 240, 240, 240, 48, 240, 240, 160, 240, 240, 144, 240, 240, 240, 240, 240, 240, 240, 240, 240, 240, 240, 240, 240, 240, 240, 240, 176, 80, 240, 240, 240, 240, 240, 240, 240, 240, 240, 160, 144, 240, 240, 240, 240, 240, 112, 240, 96, 240, 240, 240, 240, 240, 240, 224, 240, 240, 240, 240, 240, 240, 240, 240, 240, 240, 240, 240, 240, 240, 240, 240, 240, 240, 240, 240, 48, 240, 240, 240, 240, 208, 240, 240, 240, 112, 240, 240, 240, 240, 240, 240, 240, 240, 240, 32, 240, 240, 240, 240, 240, 240, 240, 48, 176, 240, 64, 128, 240, 112, 240, 240, 240, 160, 240, 240, 240, 240, 240, 112, 240, 80, 240, 240, 240, 240, 240, 240, 240, 240, 240, 240, 240, 240, 240, 240, 240, 64, 240, 240, 240, 240, 240, 240, 240, 240, 240, 240, 240, 192, 240, 240, 64, 240, 240, 240, 240, 240, 144, 240, 240, 240, 80, 240, 240, 240, 240, 240, 240, 240, 240, 240, 240, 240, 240, 144, 240, 240, 240, 240, 240, 240, 240, 48, 240, 240, 48, 240, 240, 240, 240, 240, 240, 160, 208, 240, 128, 240, 240, 240, 240, 240, 96, 240, 112, 240, 240, 240, 240, 240, 240, 240, 240, 240, 240, 240, 240, 240, 240, 240, 128, 240, 240, 144, 240, 240, 240, 240, 144, 240, 240, 240, 240, 48, 240, 240, 240, 240, 240, 240, 240, 240, 240, 240, 240, 128, 240, 240, 240, 240, 240, 240, 208, 240, 240, 240, 240, 240, 240, 240, 240, 240, 240, 80, 240, 240, 240, 240, 240, 240, 240, 240, 240, 240, 240, 240, 240, 240, 240, 240, 240, 240, 240, 240, 64, 240, 240, 240, 240, 240, 240, 176, 240, 240, 240, 240, 240, 240, 240, 240, 240, 240, 240, 240, 160, 240, 240, 80, 240, 128, 240, 240, 16, 240, 112, 240, 32, 240, 240, 96, 240, 240, 240, 240, 240, 240, 240, 128, 80, 240, 240, 240, 240, 240, 240, 240, 240, 240, 240, 176, 240, 240, 240, 240, 240]
test collision: [0.0, 0.0, 0.0, 0.0, 0.0, 0.0, 0.0, 1.0, 0.0, 0.0, 0.0, 0.0, 0.0, 0.0, 0.0, 1.0, 0.0, 0.0, 0.0, 0.0, 0.0, 0.0, 0.0, 0.0, 0.0, 0.0, 0.0, 0.0, 0.0, 1.0, 0.0, 0.0, 0.0, 0.0, 0.0, 0.0, 0.0, 0.0, 0.0, 1.0, 0.0, 0.0, 0.0, 0.0, 0.0, 0.0, 0.0, 0.0, 1.0, 1.0, 0.0, 0.0, 0.0, 0.0, 0.0, 0.0, 0.0, 0.0, 0.0, 0.0, 0.0, 1.0, 0.0, 0.0, 0.0, 1.0, 0.0, 0.0, 1.0, 0.0, 0.0, 0.0, 0.0, 0.0, 0.0, 0.0, 0.0, 0.0, 0.0, 0.0, 0.0, 1.0, 1.0, 0.0, 0.0, 0.0, 0.0, 0.0, 0.0, 0.0, 0.0, 0.0, 0.0, 1.0, 0.0, 0.0, 1.0, 0.0, 0.0, 0.0, 0.0, 0.0, 0.0, 0.0, 0.0, 0.0, 0.0, 0.0, 1.0, 0.0, 1.0, 0.0, 0.0, 0.0, 0.0, 0.0, 0.0, 0.0, 0.0, 0.0, 0.0, 0.0, 0.0, 1.0, 0.0, 0.0, 0.0, 0.0, 0.0, 0.0, 0.0, 0.0, 0.0, 0.0, 0.0, 1.0, 0.0, 0.0, 0.0, 0.0, 0.0, 0.0, 0.0, 0.0, 0.0, 0.0, 0.0, 0.0, 0.0, 0.0, 0.0, 0.0, 0.0, 0.0, 0.0, 0.0, 1.0, 0.0, 0.0, 0.0, 0.0, 0.0, 0.0, 0.0, 0.0, 0.0, 0.0, 0.0, 0.0, 1.0, 0.0, 0.0, 0.0, 0.0, 0.0, 0.0, 0.0, 0.0, 0.0, 0.0, 0.0, 0.0, 0.0, 0.0, 1.0, 0.0, 1.0, 0.0, 0.0, 1.0, 0.0, 0.0, 0.0, 0.0, 0.0, 0.0, 0.0, 0.0, 0.0, 0.0, 0.0, 0.0, 0.0, 0.0, 0.0, 0.0, 0.0, 0.0, 0.0, 0.0, 0.0, 0.0, 0.0, 0.0, 0.0, 0.0, 0.0, 0.0, 1.0, 0.0, 0.0, 0.0, 0.0, 0.0, 1.0, 0.0, 1.0, 0.0, 0.0, 0.0, 0.0, 0.0, 0.0, 0.0, 0.0, 0.0, 0.0, 0.0, 0.0, 0.0, 1.0, 0.0, 0.0, 0.0, 0.0, 1.0, 0.0, 0.0, 0.0, 0.0, 0.0, 0.0, 0.0, 0.0, 1.0, 0.0, 0.0, 0.0, 0.0, 0.0, 0.0, 1.0, 1.0, 0.0, 0.0, 0.0, 0.0, 0.0, 0.0, 0.0, 0.0, 0.0, 0.0, 0.0, 1.0, 0.0, 0.0, 0.0, 0.0, 0.0, 0.0, 0.0, 0.0, 0.0, 0.0, 0.0, 0.0, 0.0, 0.0, 0.0, 0.0, 0.0, 0.0, 0.0, 1.0, 0.0, 0.0, 0.0, 0.0, 0.0, 0.0, 0.0, 0.0, 0.0, 1.0, 0.0, 0.0, 0.0, 0.0, 0.0, 0.0, 0.0, 0.0, 0.0, 0.0, 0.0, 0.0, 0.0, 0.0, 0.0, 0.0, 0.0, 0.0, 1.0, 0.0, 0.0, 1.0, 0.0, 0.0, 1.0, 0.0, 0.0, 0.0, 0.0, 0.0, 1.0, 0.0, 0.0, 0.0, 0.0, 0.0, 1.0, 0.0, 0.0, 0.0, 0.0, 0.0, 0.0, 0.0, 0.0, 0.0, 0.0, 0.0, 0.0, 0.0, 1.0, 0.0, 0.0, 0.0, 1.0, 0.0, 0.0, 0.0, 0.0, 1.0, 0.0, 1.0, 1.0, 0.0, 0.0, 0.0, 0.0, 0.0, 0.0, 0.0, 0.0, 0.0, 0.0, 0.0, 0.0, 0.0, 1.0, 1.0, 0.0, 0.0, 0.0, 0.0, 0.0, 0.0, 1.0, 0.0, 0.0, 1.0, 1.0, 0.0, 0.0, 0.0, 1.0, 0.0, 1.0, 0.0, 1.0, 0.0, 0.0, 0.0, 0.0, 0.0, 0.0, 0.0, 0.0, 0.0, 0.0, 0.0, 0.0, 0.0, 0.0, 0.0, 0.0, 0.0, 0.0, 0.0, 0.0, 1.0, 0.0, 1.0, 0.0, 0.0, 1.0, 0.0, 0.0, 0.0, 0.0, 0.0, 0.0, 0.0, 0.0, 0.0, 0.0, 0.0, 0.0, 0.0, 0.0, 0.0, 0.0, 0.0, 0.0, 0.0, 1.0, 0.0, 0.0, 0.0, 0.0, 0.0, 0.0, 1.0, 0.0, 1.0, 0.0, 0.0, 1.0, 0.0, 0.0, 0.0, 0.0, 0.0, 0.0, 0.0, 0.0, 0.0, 0.0, 0.0, 0.0, 1.0, 0.0, 1.0, 0.0, 0.0, 0.0, 0.0, 0.0, 0.0, 0.0, 0.0, 0.0, 0.0, 0.0, 0.0, 0.0, 0.0, 1.0, 0.0, 0.0, 0.0, 1.0, 0.0, 0.0, 0.0, 0.0, 0.0, 1.0]
test rewards: [28.099225377986546, 28.965188495521744, 28.71245903381142, 27.999284893239782, 28.9718777292714, 27.466967707340128, 29.857807914177116, 22.765667205486075, 28.24685598520288, 26.11240466092481, 28.095887869313824, 27.97923358445453, 28.114320099166505, 28.391183174298995, 27.96173219561991, 10.204430379276124, 29.78675653268282, 27.281772070817404, 29.628765955875423, 29.05900020467796, 29.08045630255144, 28.407237066194284, 28.731103473321685, 29.633566408406907, 28.801029544159086, 27.96034598274997, 28.265243076451327, 28.814050978708575, 27.912705188977696, 6.823581495312994, 27.715200036913874, 27.911401662537596, 28.903639124752832, 27.710464445191125, 27.90097976133276, 27.4887707992026, 28.2276129753807, 29.916666666666668, 29.075166053257387, 19.008800901151425, 29.232630768526473, 27.82348619837937, 28.83151152083255, 27.49438892646765, 29.713036921927227, 29.146105175757935, 27.468762367750195, 29.44744968101937, 22.44912729819303, 8.121420072563405, 28.63061535302473, 29.572450756646397, 28.119119359918415, 28.50924323812505, 27.988294048092722, 29.916666666666664, 27.725798838596045, 28.462436053539605, 28.46393677746107, 28.54613454311645, 29.086955064668867, 10.817844681515801, 27.789016341282164, 28.546878914274753, 29.331184724616637, 6.562310494641858, 28.886522530154014, 27.925160873755893, 13.081696198248206, 28.556663542876823, 28.989713329405387, 28.14800744572837, 29.643491867119884, 28.2974189849154, 27.090427116058567, 28.267400649097016, 28.778639816492944, 27.456892570911947, 29.258890991483494, 24.623634014847866, 28.587286126871238, 18.521586651245567, 16.74438196583015, 29.05983391319906, 28.99415126576117, 28.030577276232243, 28.918385491293357, 29.866487572764292, 28.644026629540345, 29.80699763643394, 28.599062378697816, 29.334143483704313, 28.18165195999397, 6.534897192757836, 28.93269186774194, 28.15633421675622, 10.033751615062254, 28.811393982060693, 28.541252982563233, 28.0945227982828, 28.94950867576976, 28.778053737568342, 27.986898480336464, 29.023853681870907, 29.492845740827473, 28.217408459547332, 27.799364030500364, 28.591521738704046, 7.899472423572348, 25.238262282222184, 6.424325346114092, 29.250294742844538, 28.287799592712897, 29.03993488542194, 28.41911801637791, 27.861525979624172, 27.972981379426738, 28.04429340328765, 28.683108032299003, 29.88770820339299, 28.57166367547712, 29.1454257867636, 27.690103759041172, 13.162397681737867, 29.228278957290257, 28.49671027319776, 28.379481094962944, 29.441730023481515, 28.102212495592067, 27.065658568702307, 28.07813344824472, 27.435901236789547, 29.335156512081177, 28.627777922479606, 29.102226035755912, 15.68499447938424, 28.39347262968396, 28.197315052710053, 28.890714219664552, 28.892607723727288, 29.13500016413261, 25.62500697337918, 27.86928976558172, 27.309972381454767, 29.916666666666664, 29.546902204845264, 28.15518629664441, 29.37795867710171, 27.401275801057455, 28.075968356925497, 27.71722498645798, 28.733999145586594, 28.667733964346283, 28.504201260514183, 29.068759905824326, 28.01784141385235, 8.136077327895883, 28.916997156700155, 28.270912974890514, 28.3190934543319, 26.788412881175134, 28.157579090059702, 28.95598321998851, 29.047322085950434, 28.20987323933329, 28.29680511277885, 27.649790981225188, 29.259101805762466, 28.440463138510385, 16.46946835623168, 27.46151143841614, 29.18700287887719, 28.811580019377487, 28.530824234714654, 29.16666123457917, 27.74003432601281, 28.745046629044438, 28.285928139278532, 27.5682538709084, 28.08545337852705, 29.296009378127483, 28.194999321354832, 28.363205397079312, 27.378802519767753, 10.313851917254283, 27.23042161378615, 8.270629126719793, 28.55950825603376, 28.49026338706497, 13.104521572434278, 28.920975566819777, 29.024342363726255, 29.79408439312499, 27.997442636561654, 28.10244192178596, 29.511285776493704, 28.907809796579496, 26.88101481908392, 29.53965228517426, 28.046513632081925, 28.050726401770216, 28.920189483950992, 27.262868969548638, 29.705609739422076, 27.730939497871912, 25.70072750378369, 29.336151834336995, 27.75274694347502, 28.36394688739128, 29.40640297634397, 28.75560106257672, 27.868642275095535, 29.013149904216704, 28.530019988718955, 28.831865397187705, 29.88013215361769, 28.084439960456077, 28.88970367676703, 14.496268248483558, 29.266757865399327, 28.14587608357465, 29.085596775164543, 28.65261905474045, 28.1873438537304, 17.356006007016973, 27.98638588423635, 8.219112673119975, 27.988451531536565, 28.217058072512803, 25.851062026386874, 28.95452325885937, 28.403963615983862, 28.958962204761615, 26.17276190981189, 27.878491713128316, 28.871619082085573, 29.483454368507616, 28.141012684984943, 29.236313145955844, 28.894995715691742, 24.917815010129125, 28.144224451716376, 28.547947751170376, 29.240489172248722, 27.715853477539696, 21.593405465782897, 29.646244478076884, 27.824830591625105, 28.83005364003805, 27.693022450349037, 28.609443545852297, 27.687311445816594, 28.08870198989322, 27.33195705566385, 13.523707086739254, 28.906761656246694, 28.897880640668046, 28.36428462510606, 28.387783077943933, 27.906729761784224, 28.52494989239492, 17.599023996540858, 19.822267343876256, 27.698076423902727, 29.308976252252066, 27.933171155498805, 28.314679726237486, 29.200950218160465, 27.49416568070133, 28.943731756620974, 28.09012573144891, 27.57144154374806, 27.649615599168495, 29.482489172999905, 4.667307725247762, 27.46504811657808, 28.78069324967835, 27.891381817075036, 27.77515541581579, 29.81628142836088, 28.607997328926004, 28.035127478121506, 26.005158123297804, 26.752051346712122, 27.036533092924557, 28.3442625657216, 28.487802342937798, 29.670258467322768, 29.549495195936473, 27.996376596162612, 28.726410759627687, 27.665034028162758, 27.42885402972573, 27.919666511911704, 10.475688914800264, 27.848877674681948, 29.119975696717344, 28.05068916114952, 25.871436537524588, 27.703115646279436, 28.52692614083119, 28.835554422041856, 29.174731062198056, 27.380599016461357, 15.8377103301483, 28.186462237805042, 28.44017330037856, 27.61969493160044, 28.92611297818999, 27.23905647744874, 28.798349079214592, 28.578938427513012, 27.14924714436437, 28.183701828375174, 29.389767400012115, 28.00191811548206, 27.04322893232544, 28.163377616215904, 28.67108248693921, 28.344471507787038, 28.005155636382778, 27.58065362507609, 29.13418602675086, 7.972227857144757, 28.381619249452257, 28.528758523451504, 8.382624384153516, 29.074853526283366, 29.584338669297253, 8.341321483094989, 28.229351235602227, 28.797509538562537, 27.78722769081207, 28.76930866583304, 28.542529749237804, 7.249425717017065, 28.885768389102008, 28.237886445127934, 29.092323361029845, 29.271688964975972, 29.27866166632382, 10.794753281369248, 27.44139672331935, 28.02131997048865, 29.336052082039583, 28.35731069894578, 28.38658010057717, 28.374084139580372, 28.925973388572707, 28.701772772810482, 26.673843204381804, 26.53775209257818, 28.693258130678174, 27.858842517806043, 29.070575919027277, 12.47844319184279, 28.029114526922157, 27.99322224892769, 27.61563311438293, 10.936092046195478, 28.086674331116075, 28.829926406665503, 27.863055931681664, 27.774026108549705, 11.413315447879294, 29.639865593062517, 7.804004904158333, 11.34515387782443, 27.393553780258475, 27.790295771145427, 28.836193584213916, 27.83216538691581, 28.06704866820862, 29.062239661988965, 28.144289162513353, 27.74109919708412, 28.61658411462842, 28.9513535974869, 28.1642677317617, 28.50070171168132, 29.880735781133474, 10.428034678753479, 6.647281993706586, 29.429572507486892, 28.89901417138561, 27.001002375047555, 29.248173385157628, 28.80158821365718, 29.214907442823428, 12.747373763273345, 29.71716064228389, 28.12885777376399, 13.98088653443368, 22.242990276733714, 28.368908197230336, 28.321335394645665, 29.058814497109882, 7.03584254892776, 27.79123850443716, 9.520180643648596, 28.615372258921955, 11.790889734972735, 28.19277859416679, 28.296513822303993, 28.33039062661048, 28.226483138986435, 26.709563067673493, 28.47080241438136, 28.293613377413244, 28.74003710392179, 28.538634928815604, 28.076500242225638, 29.34180267642921, 29.00160262531128, 27.829868043366478, 27.547741707610722, 29.549192442601537, 28.484870186525164, 28.939480198077536, 28.95451888457333, 27.134321892408256, 29.07258949061441, 20.102255887426566, 29.013292660252418, 9.749543299177903, 29.030686997381704, 28.578873439608763, 10.9056971316508, 27.944429887722514, 27.4165369890097, 27.981817495061165, 27.76635758108843, 29.07522067980783, 29.50793441311614, 27.559122040927708, 29.0989281419586, 26.43304976481836, 29.309360094570337, 28.405970857779067, 29.002598554246365, 28.908825671035746, 28.439427425006713, 27.615882759116232, 28.03820006940116, 28.775163725031476, 29.592037948806748, 28.85397008075985, 8.299076849754204, 28.369358343150402, 26.052699818225758, 28.690495377357852, 28.76712151294122, 26.655293442458472, 28.468588416938314, 15.338792025272395, 27.886902306539053, 21.55263875350977, 28.924538006260853, 28.668664233540483, 6.3354046955465115, 27.132427846182154, 28.274364917625686, 28.086024694320425, 28.360824295327312, 27.88373331758531, 28.058530032102887, 28.230221571782515, 28.588885628769177, 29.163626060149948, 29.353291964038473, 27.646465461307567, 29.14361461654945, 11.988118870097393, 28.816116567548132, 8.11114159570575, 28.745282703713634, 29.217914288894825, 28.83576336069562, 28.007438572901705, 27.259034514314948, 28.633711842521905, 26.541986878098303, 28.3413288480716, 29.916666666666664, 27.4395427556371, 26.385046030010653, 27.4279254394203, 27.292098904499863, 29.916666666666664, 11.298677818721295, 29.407834380423196, 27.761962202482803, 29.213980528684637, 14.280101511291287, 27.027889446065767, 28.018412134494753, 28.29948406017908, 29.768757487333634, 26.86405519413368, 8.428746332423543]
test lidar samples: [272, 271, 263, 264, 265, 268, 263, 218, 257, 271, 261, 262, 263, 265, 277, 104, 259, 264, 254, 259, 261, 268, 262, 268, 264, 258, 261, 261, 258, 70, 270, 267, 258, 266, 266, 265, 265, 262, 270, 199, 269, 263, 255, 259, 262, 259, 266, 258, 215, 86, 273, 270, 262, 267, 260, 256, 261, 265, 264, 271, 270, 108, 266, 260, 256, 69, 269, 267, 129, 262, 253, 261, 267, 271, 263, 263, 266, 261, 277, 278, 264, 175, 163, 256, 266, 263, 252, 259, 269, 266, 269, 262, 266, 50, 266, 261, 86, 271, 263, 261, 266, 264, 268, 262, 261, 262, 258, 270, 69, 262, 53, 269, 271, 260, 263, 263, 256, 258, 259, 262, 268, 259, 259, 125, 262, 264, 256, 254, 265, 268, 273, 265, 256, 262, 272, 158, 259, 269, 266, 260, 268, 266, 260, 262, 250, 259, 261, 256, 264, 266, 264, 263, 259, 268, 260, 260, 70, 266, 269, 269, 263, 261, 265, 258, 263, 261, 261, 260, 270, 157, 265, 254, 263, 261, 265, 267, 265, 265, 264, 257, 260, 265, 257, 279, 90, 264, 69, 269, 267, 147, 262, 255, 259, 263, 265, 259, 261, 265, 257, 267, 264, 263, 265, 260, 269, 259, 257, 260, 268, 258, 266, 265, 256, 265, 272, 263, 268, 260, 142, 262, 261, 254, 253, 260, 184, 260, 71, 263, 258, 263, 259, 264, 261, 262, 267, 263, 268, 266, 253, 264, 248, 264, 256, 263, 265, 192, 266, 263, 259, 260, 265, 278, 266, 259, 138, 271, 271, 263, 264, 261, 265, 172, 194, 260, 263, 261, 265, 263, 263, 265, 259, 263, 256, 267, 52, 262, 260, 262, 264, 261, 267, 263, 266, 263, 278, 260, 263, 254, 259, 255, 262, 265, 265, 266, 104, 259, 265, 262, 266, 264, 261, 270, 265, 264, 140, 262, 257, 263, 266, 265, 260, 262, 259, 262, 253, 264, 261, 265, 262, 257, 270, 261, 272, 71, 262, 265, 74, 270, 260, 70, 261, 262, 273, 260, 259, 73, 264, 267, 263, 264, 252, 108, 266, 261, 265, 273, 260, 258, 253, 257, 272, 264, 265, 262, 257, 124, 260, 267, 267, 111, 261, 263, 267, 265, 124, 251, 71, 108, 258, 267, 265, 261, 269, 263, 259, 264, 271, 258, 267, 267, 265, 104, 69, 261, 260, 264, 265, 277, 261, 125, 259, 262, 140, 233, 260, 258, 262, 71, 263, 89, 263, 108, 274, 264, 261, 262, 263, 271, 259, 265, 261, 259, 265, 271, 261, 264, 264, 266, 259, 256, 269, 255, 194, 255, 89, 256, 266, 104, 264, 267, 267, 270, 260, 260, 265, 256, 266, 258, 265, 265, 261, 263, 265, 266, 260, 262, 259, 86, 265, 267, 269, 254, 262, 260, 158, 261, 211, 266, 264, 53, 267, 254, 261, 263, 263, 267, 266, 264, 263, 265, 271, 260, 107, 260, 72, 259, 255, 249, 264, 268, 265, 265, 263, 261, 272, 271, 262, 264, 258, 108, 259, 262, 260, 144, 261, 263, 265, 258, 262, 72]
*******************************************************************************
Aggregated Data:
total control 1 collisions: 62.0
ave. control 1 rew: 26.604284427802526
ave. control 1 lidar samples: 455.072
total control 2 collisions: 79.0
ave. control 2 rew: 25.256300749751286
ave. control 2 lidar samples: 220.448
total test collisions: 63.0
ave. test rew: 26.361608752890287
ave. test lidar samples: 244.992
*******************************************************************************
Runtime Data:
control 1 runtime: 15652.837615966797
control 2 runtime: 15350.377516031265
test runtime: 15297.204979658127
control 1 simulated time: 14221.0
control 2 simulated time: 13814.0
test simulated time: 14006.0
